<?xml version="1.0" encoding="UTF-8"?>
<robot generator="Robot 3.2.2 (Python 3.8.7 on win32)" generated="20210316 17:43:47.505" rpa="false">
<suite id="s1" name="Suites">
<suite id="s1-s1" name="Links" source="C:\Users\chara\PycharmProjects\sample\Testcases\links.robot">
<test id="s1-s1-t1" name="links">
<kw name="Open Browser" library="SeleniumLibrary">
<doc>Opens a new browser instance to the given ``url``.</doc>
<arguments>
<arg>http://demo.guru99.com/test/newtours/</arg>
<arg>chrome</arg>
</arguments>
<msg timestamp="20210316 17:43:48.746" level="INFO">Opening browser 'chrome' to base url 'http://demo.guru99.com/test/newtours/'.</msg>
<status status="PASS" starttime="20210316 17:43:48.746" endtime="20210316 17:44:08.212"></status>
</kw>
<kw name="Maximize Browser Window" library="SeleniumLibrary">
<doc>Maximizes current browser window.</doc>
<status status="PASS" starttime="20210316 17:44:08.213" endtime="20210316 17:44:09.484"></status>
</kw>
<kw name="Get Element Count" library="SeleniumLibrary">
<doc>Returns number of elements matching ``locator``.</doc>
<arguments>
<arg>xpath://a</arg>
</arguments>
<assign>
<var>${alllinkscount}</var>
</assign>
<msg timestamp="20210316 17:44:09.838" level="INFO">${alllinkscount} = 53</msg>
<status status="PASS" starttime="20210316 17:44:09.484" endtime="20210316 17:44:09.838"></status>
</kw>
<kw name="Log To Console" library="BuiltIn">
<doc>Logs the given message to the console.</doc>
<arguments>
<arg>total links are ${alllinkscount}</arg>
</arguments>
<status status="PASS" starttime="20210316 17:44:09.839" endtime="20210316 17:44:09.839"></status>
</kw>
<kw name="${i} IN RANGE [ 1 | ${alllinkscount} ]" type="for">
<msg timestamp="20210316 17:44:09.839" level="WARN">Error in file 'C:\Users\chara\PycharmProjects\sample\Testcases\links.robot' in FOR loop starting on line 14: For loop header ':FOR' is deprecated. Use 'FOR' instead.</msg>
<msg timestamp="20210316 17:44:09.840" level="WARN">Error in file 'C:\Users\chara\PycharmProjects\sample\Testcases\links.robot' in FOR loop starting on line 14: Marking for loop body with '\' is deprecated. Remove markers and use 'END' instead.</msg>
<kw name="${i} = 1" type="foritem">
<kw name="Get Text" library="SeleniumLibrary">
<doc>Returns the text value of element identified by ``locator``.</doc>
<arguments>
<arg>xpath:(//a)[${i}]</arg>
</arguments>
<assign>
<var>${linktext}</var>
</assign>
<msg timestamp="20210316 17:44:11.370" level="INFO">${linktext} = </msg>
<status status="PASS" starttime="20210316 17:44:09.841" endtime="20210316 17:44:11.370"></status>
</kw>
<kw name="Log To Console" library="BuiltIn">
<doc>Logs the given message to the console.</doc>
<arguments>
<arg>${linktext}</arg>
</arguments>
<status status="PASS" starttime="20210316 17:44:11.370" endtime="20210316 17:44:11.372"></status>
</kw>
<status status="PASS" starttime="20210316 17:44:09.841" endtime="20210316 17:44:11.372"></status>
</kw>
<kw name="${i} = 2" type="foritem">
<kw name="Get Text" library="SeleniumLibrary">
<doc>Returns the text value of element identified by ``locator``.</doc>
<arguments>
<arg>xpath:(//a)[${i}]</arg>
</arguments>
<assign>
<var>${linktext}</var>
</assign>
<msg timestamp="20210316 17:44:12.856" level="INFO">${linktext} = Demo Site</msg>
<status status="PASS" starttime="20210316 17:44:11.373" endtime="20210316 17:44:12.856"></status>
</kw>
<kw name="Log To Console" library="BuiltIn">
<doc>Logs the given message to the console.</doc>
<arguments>
<arg>${linktext}</arg>
</arguments>
<status status="PASS" starttime="20210316 17:44:12.856" endtime="20210316 17:44:12.857"></status>
</kw>
<status status="PASS" starttime="20210316 17:44:11.372" endtime="20210316 17:44:12.857"></status>
</kw>
<kw name="${i} = 3" type="foritem">
<kw name="Get Text" library="SeleniumLibrary">
<doc>Returns the text value of element identified by ``locator``.</doc>
<arguments>
<arg>xpath:(//a)[${i}]</arg>
</arguments>
<assign>
<var>${linktext}</var>
</assign>
<msg timestamp="20210316 17:44:13.643" level="INFO">${linktext} = Selenium</msg>
<status status="PASS" starttime="20210316 17:44:12.857" endtime="20210316 17:44:13.643"></status>
</kw>
<kw name="Log To Console" library="BuiltIn">
<doc>Logs the given message to the console.</doc>
<arguments>
<arg>${linktext}</arg>
</arguments>
<status status="PASS" starttime="20210316 17:44:13.643" endtime="20210316 17:44:13.643"></status>
</kw>
<status status="PASS" starttime="20210316 17:44:12.857" endtime="20210316 17:44:13.644"></status>
</kw>
<kw name="${i} = 4" type="foritem">
<kw name="Get Text" library="SeleniumLibrary">
<doc>Returns the text value of element identified by ``locator``.</doc>
<arguments>
<arg>xpath:(//a)[${i}]</arg>
</arguments>
<assign>
<var>${linktext}</var>
</assign>
<msg timestamp="20210316 17:44:13.970" level="INFO">${linktext} = </msg>
<status status="PASS" starttime="20210316 17:44:13.644" endtime="20210316 17:44:13.970"></status>
</kw>
<kw name="Log To Console" library="BuiltIn">
<doc>Logs the given message to the console.</doc>
<arguments>
<arg>${linktext}</arg>
</arguments>
<status status="PASS" starttime="20210316 17:44:13.970" endtime="20210316 17:44:13.970"></status>
</kw>
<status status="PASS" starttime="20210316 17:44:13.644" endtime="20210316 17:44:13.971"></status>
</kw>
<kw name="${i} = 5" type="foritem">
<kw name="Get Text" library="SeleniumLibrary">
<doc>Returns the text value of element identified by ``locator``.</doc>
<arguments>
<arg>xpath:(//a)[${i}]</arg>
</arguments>
<assign>
<var>${linktext}</var>
</assign>
<msg timestamp="20210316 17:44:14.037" level="INFO">${linktext} = </msg>
<status status="PASS" starttime="20210316 17:44:13.971" endtime="20210316 17:44:14.037"></status>
</kw>
<kw name="Log To Console" library="BuiltIn">
<doc>Logs the given message to the console.</doc>
<arguments>
<arg>${linktext}</arg>
</arguments>
<status status="PASS" starttime="20210316 17:44:14.037" endtime="20210316 17:44:14.038"></status>
</kw>
<status status="PASS" starttime="20210316 17:44:13.971" endtime="20210316 17:44:14.038"></status>
</kw>
<kw name="${i} = 6" type="foritem">
<kw name="Get Text" library="SeleniumLibrary">
<doc>Returns the text value of element identified by ``locator``.</doc>
<arguments>
<arg>xpath:(//a)[${i}]</arg>
</arguments>
<assign>
<var>${linktext}</var>
</assign>
<msg timestamp="20210316 17:44:14.171" level="INFO">${linktext} = </msg>
<status status="PASS" starttime="20210316 17:44:14.039" endtime="20210316 17:44:14.171"></status>
</kw>
<kw name="Log To Console" library="BuiltIn">
<doc>Logs the given message to the console.</doc>
<arguments>
<arg>${linktext}</arg>
</arguments>
<status status="PASS" starttime="20210316 17:44:14.171" endtime="20210316 17:44:14.172"></status>
</kw>
<status status="PASS" starttime="20210316 17:44:14.038" endtime="20210316 17:44:14.172"></status>
</kw>
<kw name="${i} = 7" type="foritem">
<kw name="Get Text" library="SeleniumLibrary">
<doc>Returns the text value of element identified by ``locator``.</doc>
<arguments>
<arg>xpath:(//a)[${i}]</arg>
</arguments>
<assign>
<var>${linktext}</var>
</assign>
<msg timestamp="20210316 17:44:14.271" level="INFO">${linktext} = </msg>
<status status="PASS" starttime="20210316 17:44:14.173" endtime="20210316 17:44:14.271"></status>
</kw>
<kw name="Log To Console" library="BuiltIn">
<doc>Logs the given message to the console.</doc>
<arguments>
<arg>${linktext}</arg>
</arguments>
<status status="PASS" starttime="20210316 17:44:14.271" endtime="20210316 17:44:14.272"></status>
</kw>
<status status="PASS" starttime="20210316 17:44:14.173" endtime="20210316 17:44:14.272"></status>
</kw>
<kw name="${i} = 8" type="foritem">
<kw name="Get Text" library="SeleniumLibrary">
<doc>Returns the text value of element identified by ``locator``.</doc>
<arguments>
<arg>xpath:(//a)[${i}]</arg>
</arguments>
<assign>
<var>${linktext}</var>
</assign>
<msg timestamp="20210316 17:44:14.436" level="INFO">${linktext} = </msg>
<status status="PASS" starttime="20210316 17:44:14.273" endtime="20210316 17:44:14.436"></status>
</kw>
<kw name="Log To Console" library="BuiltIn">
<doc>Logs the given message to the console.</doc>
<arguments>
<arg>${linktext}</arg>
</arguments>
<status status="PASS" starttime="20210316 17:44:14.436" endtime="20210316 17:44:14.437"></status>
</kw>
<status status="PASS" starttime="20210316 17:44:14.273" endtime="20210316 17:44:14.437"></status>
</kw>
<kw name="${i} = 9" type="foritem">
<kw name="Get Text" library="SeleniumLibrary">
<doc>Returns the text value of element identified by ``locator``.</doc>
<arguments>
<arg>xpath:(//a)[${i}]</arg>
</arguments>
<assign>
<var>${linktext}</var>
</assign>
<msg timestamp="20210316 17:44:14.557" level="INFO">${linktext} = </msg>
<status status="PASS" starttime="20210316 17:44:14.438" endtime="20210316 17:44:14.557"></status>
</kw>
<kw name="Log To Console" library="BuiltIn">
<doc>Logs the given message to the console.</doc>
<arguments>
<arg>${linktext}</arg>
</arguments>
<status status="PASS" starttime="20210316 17:44:14.557" endtime="20210316 17:44:14.558"></status>
</kw>
<status status="PASS" starttime="20210316 17:44:14.437" endtime="20210316 17:44:14.558"></status>
</kw>
<kw name="${i} = 10" type="foritem">
<kw name="Get Text" library="SeleniumLibrary">
<doc>Returns the text value of element identified by ``locator``.</doc>
<arguments>
<arg>xpath:(//a)[${i}]</arg>
</arguments>
<assign>
<var>${linktext}</var>
</assign>
<msg timestamp="20210316 17:44:14.846" level="INFO">${linktext} = </msg>
<status status="PASS" starttime="20210316 17:44:14.558" endtime="20210316 17:44:14.846"></status>
</kw>
<kw name="Log To Console" library="BuiltIn">
<doc>Logs the given message to the console.</doc>
<arguments>
<arg>${linktext}</arg>
</arguments>
<status status="PASS" starttime="20210316 17:44:14.846" endtime="20210316 17:44:14.847"></status>
</kw>
<status status="PASS" starttime="20210316 17:44:14.558" endtime="20210316 17:44:14.847"></status>
</kw>
<kw name="${i} = 11" type="foritem">
<kw name="Get Text" library="SeleniumLibrary">
<doc>Returns the text value of element identified by ``locator``.</doc>
<arguments>
<arg>xpath:(//a)[${i}]</arg>
</arguments>
<assign>
<var>${linktext}</var>
</assign>
<msg timestamp="20210316 17:44:15.176" level="INFO">${linktext} = </msg>
<status status="PASS" starttime="20210316 17:44:14.847" endtime="20210316 17:44:15.176"></status>
</kw>
<kw name="Log To Console" library="BuiltIn">
<doc>Logs the given message to the console.</doc>
<arguments>
<arg>${linktext}</arg>
</arguments>
<status status="PASS" starttime="20210316 17:44:15.177" endtime="20210316 17:44:15.177"></status>
</kw>
<status status="PASS" starttime="20210316 17:44:14.847" endtime="20210316 17:44:15.177"></status>
</kw>
<kw name="${i} = 12" type="foritem">
<kw name="Get Text" library="SeleniumLibrary">
<doc>Returns the text value of element identified by ``locator``.</doc>
<arguments>
<arg>xpath:(//a)[${i}]</arg>
</arguments>
<assign>
<var>${linktext}</var>
</assign>
<msg timestamp="20210316 17:44:15.550" level="INFO">${linktext} = </msg>
<status status="PASS" starttime="20210316 17:44:15.178" endtime="20210316 17:44:15.550"></status>
</kw>
<kw name="Log To Console" library="BuiltIn">
<doc>Logs the given message to the console.</doc>
<arguments>
<arg>${linktext}</arg>
</arguments>
<status status="PASS" starttime="20210316 17:44:15.551" endtime="20210316 17:44:15.551"></status>
</kw>
<status status="PASS" starttime="20210316 17:44:15.178" endtime="20210316 17:44:15.551"></status>
</kw>
<kw name="${i} = 13" type="foritem">
<kw name="Get Text" library="SeleniumLibrary">
<doc>Returns the text value of element identified by ``locator``.</doc>
<arguments>
<arg>xpath:(//a)[${i}]</arg>
</arguments>
<assign>
<var>${linktext}</var>
</assign>
<msg timestamp="20210316 17:44:15.660" level="INFO">${linktext} = </msg>
<status status="PASS" starttime="20210316 17:44:15.551" endtime="20210316 17:44:15.660"></status>
</kw>
<kw name="Log To Console" library="BuiltIn">
<doc>Logs the given message to the console.</doc>
<arguments>
<arg>${linktext}</arg>
</arguments>
<status status="PASS" starttime="20210316 17:44:15.660" endtime="20210316 17:44:15.660"></status>
</kw>
<status status="PASS" starttime="20210316 17:44:15.551" endtime="20210316 17:44:15.660"></status>
</kw>
<kw name="${i} = 14" type="foritem">
<kw name="Get Text" library="SeleniumLibrary">
<doc>Returns the text value of element identified by ``locator``.</doc>
<arguments>
<arg>xpath:(//a)[${i}]</arg>
</arguments>
<assign>
<var>${linktext}</var>
</assign>
<msg timestamp="20210316 17:44:15.885" level="INFO">${linktext} = </msg>
<status status="PASS" starttime="20210316 17:44:15.661" endtime="20210316 17:44:15.885"></status>
</kw>
<kw name="Log To Console" library="BuiltIn">
<doc>Logs the given message to the console.</doc>
<arguments>
<arg>${linktext}</arg>
</arguments>
<status status="PASS" starttime="20210316 17:44:15.885" endtime="20210316 17:44:15.887"></status>
</kw>
<status status="PASS" starttime="20210316 17:44:15.661" endtime="20210316 17:44:15.887"></status>
</kw>
<kw name="${i} = 15" type="foritem">
<kw name="Get Text" library="SeleniumLibrary">
<doc>Returns the text value of element identified by ``locator``.</doc>
<arguments>
<arg>xpath:(//a)[${i}]</arg>
</arguments>
<assign>
<var>${linktext}</var>
</assign>
<msg timestamp="20210316 17:44:16.200" level="INFO">${linktext} = </msg>
<status status="PASS" starttime="20210316 17:44:15.887" endtime="20210316 17:44:16.201"></status>
</kw>
<kw name="Log To Console" library="BuiltIn">
<doc>Logs the given message to the console.</doc>
<arguments>
<arg>${linktext}</arg>
</arguments>
<status status="PASS" starttime="20210316 17:44:16.201" endtime="20210316 17:44:16.202"></status>
</kw>
<status status="PASS" starttime="20210316 17:44:15.887" endtime="20210316 17:44:16.202"></status>
</kw>
<kw name="${i} = 16" type="foritem">
<kw name="Get Text" library="SeleniumLibrary">
<doc>Returns the text value of element identified by ``locator``.</doc>
<arguments>
<arg>xpath:(//a)[${i}]</arg>
</arguments>
<assign>
<var>${linktext}</var>
</assign>
<msg timestamp="20210316 17:44:16.572" level="INFO">${linktext} = </msg>
<status status="PASS" starttime="20210316 17:44:16.202" endtime="20210316 17:44:16.572"></status>
</kw>
<kw name="Log To Console" library="BuiltIn">
<doc>Logs the given message to the console.</doc>
<arguments>
<arg>${linktext}</arg>
</arguments>
<status status="PASS" starttime="20210316 17:44:16.572" endtime="20210316 17:44:16.573"></status>
</kw>
<status status="PASS" starttime="20210316 17:44:16.202" endtime="20210316 17:44:16.573"></status>
</kw>
<kw name="${i} = 17" type="foritem">
<kw name="Get Text" library="SeleniumLibrary">
<doc>Returns the text value of element identified by ``locator``.</doc>
<arguments>
<arg>xpath:(//a)[${i}]</arg>
</arguments>
<assign>
<var>${linktext}</var>
</assign>
<msg timestamp="20210316 17:44:16.845" level="INFO">${linktext} = </msg>
<status status="PASS" starttime="20210316 17:44:16.573" endtime="20210316 17:44:16.845"></status>
</kw>
<kw name="Log To Console" library="BuiltIn">
<doc>Logs the given message to the console.</doc>
<arguments>
<arg>${linktext}</arg>
</arguments>
<status status="PASS" starttime="20210316 17:44:16.846" endtime="20210316 17:44:16.846"></status>
</kw>
<status status="PASS" starttime="20210316 17:44:16.573" endtime="20210316 17:44:16.847"></status>
</kw>
<kw name="${i} = 18" type="foritem">
<kw name="Get Text" library="SeleniumLibrary">
<doc>Returns the text value of element identified by ``locator``.</doc>
<arguments>
<arg>xpath:(//a)[${i}]</arg>
</arguments>
<assign>
<var>${linktext}</var>
</assign>
<msg timestamp="20210316 17:44:17.475" level="INFO">${linktext} = </msg>
<status status="PASS" starttime="20210316 17:44:16.847" endtime="20210316 17:44:17.475"></status>
</kw>
<kw name="Log To Console" library="BuiltIn">
<doc>Logs the given message to the console.</doc>
<arguments>
<arg>${linktext}</arg>
</arguments>
<status status="PASS" starttime="20210316 17:44:17.476" endtime="20210316 17:44:17.476"></status>
</kw>
<status status="PASS" starttime="20210316 17:44:16.847" endtime="20210316 17:44:17.476"></status>
</kw>
<kw name="${i} = 19" type="foritem">
<kw name="Get Text" library="SeleniumLibrary">
<doc>Returns the text value of element identified by ``locator``.</doc>
<arguments>
<arg>xpath:(//a)[${i}]</arg>
</arguments>
<assign>
<var>${linktext}</var>
</assign>
<msg timestamp="20210316 17:44:17.864" level="INFO">${linktext} = </msg>
<status status="PASS" starttime="20210316 17:44:17.477" endtime="20210316 17:44:17.864"></status>
</kw>
<kw name="Log To Console" library="BuiltIn">
<doc>Logs the given message to the console.</doc>
<arguments>
<arg>${linktext}</arg>
</arguments>
<status status="PASS" starttime="20210316 17:44:17.864" endtime="20210316 17:44:17.865"></status>
</kw>
<status status="PASS" starttime="20210316 17:44:17.477" endtime="20210316 17:44:17.865"></status>
</kw>
<kw name="${i} = 20" type="foritem">
<kw name="Get Text" library="SeleniumLibrary">
<doc>Returns the text value of element identified by ``locator``.</doc>
<arguments>
<arg>xpath:(//a)[${i}]</arg>
</arguments>
<assign>
<var>${linktext}</var>
</assign>
<msg timestamp="20210316 17:44:18.071" level="INFO">${linktext} = </msg>
<status status="PASS" starttime="20210316 17:44:17.865" endtime="20210316 17:44:18.071"></status>
</kw>
<kw name="Log To Console" library="BuiltIn">
<doc>Logs the given message to the console.</doc>
<arguments>
<arg>${linktext}</arg>
</arguments>
<status status="PASS" starttime="20210316 17:44:18.071" endtime="20210316 17:44:18.072"></status>
</kw>
<status status="PASS" starttime="20210316 17:44:17.865" endtime="20210316 17:44:18.072"></status>
</kw>
<kw name="${i} = 21" type="foritem">
<kw name="Get Text" library="SeleniumLibrary">
<doc>Returns the text value of element identified by ``locator``.</doc>
<arguments>
<arg>xpath:(//a)[${i}]</arg>
</arguments>
<assign>
<var>${linktext}</var>
</assign>
<msg timestamp="20210316 17:44:18.131" level="INFO">${linktext} = </msg>
<status status="PASS" starttime="20210316 17:44:18.072" endtime="20210316 17:44:18.131"></status>
</kw>
<kw name="Log To Console" library="BuiltIn">
<doc>Logs the given message to the console.</doc>
<arguments>
<arg>${linktext}</arg>
</arguments>
<status status="PASS" starttime="20210316 17:44:18.131" endtime="20210316 17:44:18.132"></status>
</kw>
<status status="PASS" starttime="20210316 17:44:18.072" endtime="20210316 17:44:18.132"></status>
</kw>
<kw name="${i} = 22" type="foritem">
<kw name="Get Text" library="SeleniumLibrary">
<doc>Returns the text value of element identified by ``locator``.</doc>
<arguments>
<arg>xpath:(//a)[${i}]</arg>
</arguments>
<assign>
<var>${linktext}</var>
</assign>
<msg timestamp="20210316 17:44:18.196" level="INFO">${linktext} = </msg>
<status status="PASS" starttime="20210316 17:44:18.133" endtime="20210316 17:44:18.196"></status>
</kw>
<kw name="Log To Console" library="BuiltIn">
<doc>Logs the given message to the console.</doc>
<arguments>
<arg>${linktext}</arg>
</arguments>
<status status="PASS" starttime="20210316 17:44:18.196" endtime="20210316 17:44:18.196"></status>
</kw>
<status status="PASS" starttime="20210316 17:44:18.132" endtime="20210316 17:44:18.196"></status>
</kw>
<kw name="${i} = 23" type="foritem">
<kw name="Get Text" library="SeleniumLibrary">
<doc>Returns the text value of element identified by ``locator``.</doc>
<arguments>
<arg>xpath:(//a)[${i}]</arg>
</arguments>
<assign>
<var>${linktext}</var>
</assign>
<msg timestamp="20210316 17:44:18.289" level="INFO">${linktext} = </msg>
<status status="PASS" starttime="20210316 17:44:18.197" endtime="20210316 17:44:18.289"></status>
</kw>
<kw name="Log To Console" library="BuiltIn">
<doc>Logs the given message to the console.</doc>
<arguments>
<arg>${linktext}</arg>
</arguments>
<status status="PASS" starttime="20210316 17:44:18.290" endtime="20210316 17:44:18.291"></status>
</kw>
<status status="PASS" starttime="20210316 17:44:18.197" endtime="20210316 17:44:18.291"></status>
</kw>
<kw name="${i} = 24" type="foritem">
<kw name="Get Text" library="SeleniumLibrary">
<doc>Returns the text value of element identified by ``locator``.</doc>
<arguments>
<arg>xpath:(//a)[${i}]</arg>
</arguments>
<assign>
<var>${linktext}</var>
</assign>
<msg timestamp="20210316 17:44:18.335" level="INFO">${linktext} = Insurance Project</msg>
<status status="PASS" starttime="20210316 17:44:18.291" endtime="20210316 17:44:18.336"></status>
</kw>
<kw name="Log To Console" library="BuiltIn">
<doc>Logs the given message to the console.</doc>
<arguments>
<arg>${linktext}</arg>
</arguments>
<status status="PASS" starttime="20210316 17:44:18.336" endtime="20210316 17:44:18.336"></status>
</kw>
<status status="PASS" starttime="20210316 17:44:18.291" endtime="20210316 17:44:18.336"></status>
</kw>
<kw name="${i} = 25" type="foritem">
<kw name="Get Text" library="SeleniumLibrary">
<doc>Returns the text value of element identified by ``locator``.</doc>
<arguments>
<arg>xpath:(//a)[${i}]</arg>
</arguments>
<assign>
<var>${linktext}</var>
</assign>
<msg timestamp="20210316 17:44:18.582" level="INFO">${linktext} = Agile Project</msg>
<status status="PASS" starttime="20210316 17:44:18.336" endtime="20210316 17:44:18.582"></status>
</kw>
<kw name="Log To Console" library="BuiltIn">
<doc>Logs the given message to the console.</doc>
<arguments>
<arg>${linktext}</arg>
</arguments>
<status status="PASS" starttime="20210316 17:44:18.582" endtime="20210316 17:44:18.583"></status>
</kw>
<status status="PASS" starttime="20210316 17:44:18.336" endtime="20210316 17:44:18.583"></status>
</kw>
<kw name="${i} = 26" type="foritem">
<kw name="Get Text" library="SeleniumLibrary">
<doc>Returns the text value of element identified by ``locator``.</doc>
<arguments>
<arg>xpath:(//a)[${i}]</arg>
</arguments>
<assign>
<var>${linktext}</var>
</assign>
<msg timestamp="20210316 17:44:18.629" level="INFO">${linktext} = Bank Project</msg>
<status status="PASS" starttime="20210316 17:44:18.583" endtime="20210316 17:44:18.629"></status>
</kw>
<kw name="Log To Console" library="BuiltIn">
<doc>Logs the given message to the console.</doc>
<arguments>
<arg>${linktext}</arg>
</arguments>
<status status="PASS" starttime="20210316 17:44:18.629" endtime="20210316 17:44:18.639"></status>
</kw>
<status status="PASS" starttime="20210316 17:44:18.583" endtime="20210316 17:44:18.639"></status>
</kw>
<kw name="${i} = 27" type="foritem">
<kw name="Get Text" library="SeleniumLibrary">
<doc>Returns the text value of element identified by ``locator``.</doc>
<arguments>
<arg>xpath:(//a)[${i}]</arg>
</arguments>
<assign>
<var>${linktext}</var>
</assign>
<msg timestamp="20210316 17:44:18.759" level="INFO">${linktext} = Security Project</msg>
<status status="PASS" starttime="20210316 17:44:18.639" endtime="20210316 17:44:18.759"></status>
</kw>
<kw name="Log To Console" library="BuiltIn">
<doc>Logs the given message to the console.</doc>
<arguments>
<arg>${linktext}</arg>
</arguments>
<status status="PASS" starttime="20210316 17:44:18.759" endtime="20210316 17:44:18.759"></status>
</kw>
<status status="PASS" starttime="20210316 17:44:18.639" endtime="20210316 17:44:18.760"></status>
</kw>
<kw name="${i} = 28" type="foritem">
<kw name="Get Text" library="SeleniumLibrary">
<doc>Returns the text value of element identified by ``locator``.</doc>
<arguments>
<arg>xpath:(//a)[${i}]</arg>
</arguments>
<assign>
<var>${linktext}</var>
</assign>
<msg timestamp="20210316 17:44:20.741" level="INFO">${linktext} = Telecom Project</msg>
<status status="PASS" starttime="20210316 17:44:18.760" endtime="20210316 17:44:20.741"></status>
</kw>
<kw name="Log To Console" library="BuiltIn">
<doc>Logs the given message to the console.</doc>
<arguments>
<arg>${linktext}</arg>
</arguments>
<status status="PASS" starttime="20210316 17:44:20.741" endtime="20210316 17:44:20.742"></status>
</kw>
<status status="PASS" starttime="20210316 17:44:18.760" endtime="20210316 17:44:20.742"></status>
</kw>
<kw name="${i} = 29" type="foritem">
<kw name="Get Text" library="SeleniumLibrary">
<doc>Returns the text value of element identified by ``locator``.</doc>
<arguments>
<arg>xpath:(//a)[${i}]</arg>
</arguments>
<assign>
<var>${linktext}</var>
</assign>
<msg timestamp="20210316 17:44:22.391" level="INFO">${linktext} = Payment Gateway Project</msg>
<status status="PASS" starttime="20210316 17:44:20.742" endtime="20210316 17:44:22.391"></status>
</kw>
<kw name="Log To Console" library="BuiltIn">
<doc>Logs the given message to the console.</doc>
<arguments>
<arg>${linktext}</arg>
</arguments>
<status status="PASS" starttime="20210316 17:44:22.391" endtime="20210316 17:44:22.391"></status>
</kw>
<status status="PASS" starttime="20210316 17:44:20.742" endtime="20210316 17:44:22.392"></status>
</kw>
<kw name="${i} = 30" type="foritem">
<kw name="Get Text" library="SeleniumLibrary">
<doc>Returns the text value of element identified by ``locator``.</doc>
<arguments>
<arg>xpath:(//a)[${i}]</arg>
</arguments>
<assign>
<var>${linktext}</var>
</assign>
<msg timestamp="20210316 17:44:23.262" level="INFO">${linktext} = New Tours</msg>
<status status="PASS" starttime="20210316 17:44:22.392" endtime="20210316 17:44:23.262"></status>
</kw>
<kw name="Log To Console" library="BuiltIn">
<doc>Logs the given message to the console.</doc>
<arguments>
<arg>${linktext}</arg>
</arguments>
<status status="PASS" starttime="20210316 17:44:23.263" endtime="20210316 17:44:23.263"></status>
</kw>
<status status="PASS" starttime="20210316 17:44:22.392" endtime="20210316 17:44:23.263"></status>
</kw>
<kw name="${i} = 31" type="foritem">
<kw name="Get Text" library="SeleniumLibrary">
<doc>Returns the text value of element identified by ``locator``.</doc>
<arguments>
<arg>xpath:(//a)[${i}]</arg>
</arguments>
<assign>
<var>${linktext}</var>
</assign>
<msg timestamp="20210316 17:44:24.458" level="INFO">${linktext} = SEO</msg>
<status status="PASS" starttime="20210316 17:44:23.263" endtime="20210316 17:44:24.458"></status>
</kw>
<kw name="Log To Console" library="BuiltIn">
<doc>Logs the given message to the console.</doc>
<arguments>
<arg>${linktext}</arg>
</arguments>
<status status="PASS" starttime="20210316 17:44:24.458" endtime="20210316 17:44:24.458"></status>
</kw>
<status status="PASS" starttime="20210316 17:44:23.263" endtime="20210316 17:44:24.458"></status>
</kw>
<kw name="${i} = 32" type="foritem">
<kw name="Get Text" library="SeleniumLibrary">
<doc>Returns the text value of element identified by ``locator``.</doc>
<arguments>
<arg>xpath:(//a)[${i}]</arg>
</arguments>
<assign>
<var>${linktext}</var>
</assign>
<msg timestamp="20210316 17:44:25.351" level="INFO">${linktext} = </msg>
<status status="PASS" starttime="20210316 17:44:24.459" endtime="20210316 17:44:25.352"></status>
</kw>
<kw name="Log To Console" library="BuiltIn">
<doc>Logs the given message to the console.</doc>
<arguments>
<arg>${linktext}</arg>
</arguments>
<status status="PASS" starttime="20210316 17:44:25.352" endtime="20210316 17:44:25.353"></status>
</kw>
<status status="PASS" starttime="20210316 17:44:24.458" endtime="20210316 17:44:25.353"></status>
</kw>
<kw name="${i} = 33" type="foritem">
<kw name="Get Text" library="SeleniumLibrary">
<doc>Returns the text value of element identified by ``locator``.</doc>
<arguments>
<arg>xpath:(//a)[${i}]</arg>
</arguments>
<assign>
<var>${linktext}</var>
</assign>
<msg timestamp="20210316 17:44:25.620" level="INFO">${linktext} = </msg>
<status status="PASS" starttime="20210316 17:44:25.353" endtime="20210316 17:44:25.620"></status>
</kw>
<kw name="Log To Console" library="BuiltIn">
<doc>Logs the given message to the console.</doc>
<arguments>
<arg>${linktext}</arg>
</arguments>
<status status="PASS" starttime="20210316 17:44:25.620" endtime="20210316 17:44:25.620"></status>
</kw>
<status status="PASS" starttime="20210316 17:44:25.353" endtime="20210316 17:44:25.620"></status>
</kw>
<kw name="${i} = 34" type="foritem">
<kw name="Get Text" library="SeleniumLibrary">
<doc>Returns the text value of element identified by ``locator``.</doc>
<arguments>
<arg>xpath:(//a)[${i}]</arg>
</arguments>
<assign>
<var>${linktext}</var>
</assign>
<msg timestamp="20210316 17:44:25.821" level="INFO">${linktext} = </msg>
<status status="PASS" starttime="20210316 17:44:25.621" endtime="20210316 17:44:25.821"></status>
</kw>
<kw name="Log To Console" library="BuiltIn">
<doc>Logs the given message to the console.</doc>
<arguments>
<arg>${linktext}</arg>
</arguments>
<status status="PASS" starttime="20210316 17:44:25.821" endtime="20210316 17:44:25.823"></status>
</kw>
<status status="PASS" starttime="20210316 17:44:25.620" endtime="20210316 17:44:25.823"></status>
</kw>
<kw name="${i} = 35" type="foritem">
<kw name="Get Text" library="SeleniumLibrary">
<doc>Returns the text value of element identified by ``locator``.</doc>
<arguments>
<arg>xpath:(//a)[${i}]</arg>
</arguments>
<assign>
<var>${linktext}</var>
</assign>
<msg timestamp="20210316 17:44:25.894" level="INFO">${linktext} = </msg>
<status status="PASS" starttime="20210316 17:44:25.823" endtime="20210316 17:44:25.894"></status>
</kw>
<kw name="Log To Console" library="BuiltIn">
<doc>Logs the given message to the console.</doc>
<arguments>
<arg>${linktext}</arg>
</arguments>
<status status="PASS" starttime="20210316 17:44:25.894" endtime="20210316 17:44:25.895"></status>
</kw>
<status status="PASS" starttime="20210316 17:44:25.823" endtime="20210316 17:44:25.895"></status>
</kw>
<kw name="${i} = 36" type="foritem">
<kw name="Get Text" library="SeleniumLibrary">
<doc>Returns the text value of element identified by ``locator``.</doc>
<arguments>
<arg>xpath:(//a)[${i}]</arg>
</arguments>
<assign>
<var>${linktext}</var>
</assign>
<msg timestamp="20210316 17:44:26.336" level="INFO">${linktext} = </msg>
<status status="PASS" starttime="20210316 17:44:25.896" endtime="20210316 17:44:26.337"></status>
</kw>
<kw name="Log To Console" library="BuiltIn">
<doc>Logs the given message to the console.</doc>
<arguments>
<arg>${linktext}</arg>
</arguments>
<status status="PASS" starttime="20210316 17:44:26.337" endtime="20210316 17:44:26.338"></status>
</kw>
<status status="PASS" starttime="20210316 17:44:25.895" endtime="20210316 17:44:26.338"></status>
</kw>
<kw name="${i} = 37" type="foritem">
<kw name="Get Text" library="SeleniumLibrary">
<doc>Returns the text value of element identified by ``locator``.</doc>
<arguments>
<arg>xpath:(//a)[${i}]</arg>
</arguments>
<assign>
<var>${linktext}</var>
</assign>
<msg timestamp="20210316 17:44:26.739" level="INFO">${linktext} = </msg>
<status status="PASS" starttime="20210316 17:44:26.338" endtime="20210316 17:44:26.739"></status>
</kw>
<kw name="Log To Console" library="BuiltIn">
<doc>Logs the given message to the console.</doc>
<arguments>
<arg>${linktext}</arg>
</arguments>
<status status="PASS" starttime="20210316 17:44:26.739" endtime="20210316 17:44:26.741"></status>
</kw>
<status status="PASS" starttime="20210316 17:44:26.338" endtime="20210316 17:44:26.741"></status>
</kw>
<kw name="${i} = 38" type="foritem">
<kw name="Get Text" library="SeleniumLibrary">
<doc>Returns the text value of element identified by ``locator``.</doc>
<arguments>
<arg>xpath:(//a)[${i}]</arg>
</arguments>
<assign>
<var>${linktext}</var>
</assign>
<msg timestamp="20210316 17:44:27.047" level="INFO">${linktext} = Home</msg>
<status status="PASS" starttime="20210316 17:44:26.741" endtime="20210316 17:44:27.047"></status>
</kw>
<kw name="Log To Console" library="BuiltIn">
<doc>Logs the given message to the console.</doc>
<arguments>
<arg>${linktext}</arg>
</arguments>
<status status="PASS" starttime="20210316 17:44:27.047" endtime="20210316 17:44:27.048"></status>
</kw>
<status status="PASS" starttime="20210316 17:44:26.741" endtime="20210316 17:44:27.048"></status>
</kw>
<kw name="${i} = 39" type="foritem">
<kw name="Get Text" library="SeleniumLibrary">
<doc>Returns the text value of element identified by ``locator``.</doc>
<arguments>
<arg>xpath:(//a)[${i}]</arg>
</arguments>
<assign>
<var>${linktext}</var>
</assign>
<msg timestamp="20210316 17:44:27.252" level="INFO">${linktext} = Flights</msg>
<status status="PASS" starttime="20210316 17:44:27.049" endtime="20210316 17:44:27.252"></status>
</kw>
<kw name="Log To Console" library="BuiltIn">
<doc>Logs the given message to the console.</doc>
<arguments>
<arg>${linktext}</arg>
</arguments>
<status status="PASS" starttime="20210316 17:44:27.252" endtime="20210316 17:44:27.252"></status>
</kw>
<status status="PASS" starttime="20210316 17:44:27.048" endtime="20210316 17:44:27.252"></status>
</kw>
<kw name="${i} = 40" type="foritem">
<kw name="Get Text" library="SeleniumLibrary">
<doc>Returns the text value of element identified by ``locator``.</doc>
<arguments>
<arg>xpath:(//a)[${i}]</arg>
</arguments>
<assign>
<var>${linktext}</var>
</assign>
<msg timestamp="20210316 17:44:27.326" level="INFO">${linktext} = Hotels</msg>
<status status="PASS" starttime="20210316 17:44:27.252" endtime="20210316 17:44:27.326"></status>
</kw>
<kw name="Log To Console" library="BuiltIn">
<doc>Logs the given message to the console.</doc>
<arguments>
<arg>${linktext}</arg>
</arguments>
<status status="PASS" starttime="20210316 17:44:27.327" endtime="20210316 17:44:27.328"></status>
</kw>
<status status="PASS" starttime="20210316 17:44:27.252" endtime="20210316 17:44:27.328"></status>
</kw>
<kw name="${i} = 41" type="foritem">
<kw name="Get Text" library="SeleniumLibrary">
<doc>Returns the text value of element identified by ``locator``.</doc>
<arguments>
<arg>xpath:(//a)[${i}]</arg>
</arguments>
<assign>
<var>${linktext}</var>
</assign>
<msg timestamp="20210316 17:44:27.416" level="INFO">${linktext} = Car Rentals</msg>
<status status="PASS" starttime="20210316 17:44:27.328" endtime="20210316 17:44:27.416"></status>
</kw>
<kw name="Log To Console" library="BuiltIn">
<doc>Logs the given message to the console.</doc>
<arguments>
<arg>${linktext}</arg>
</arguments>
<status status="PASS" starttime="20210316 17:44:27.416" endtime="20210316 17:44:27.417"></status>
</kw>
<status status="PASS" starttime="20210316 17:44:27.328" endtime="20210316 17:44:27.417"></status>
</kw>
<kw name="${i} = 42" type="foritem">
<kw name="Get Text" library="SeleniumLibrary">
<doc>Returns the text value of element identified by ``locator``.</doc>
<arguments>
<arg>xpath:(//a)[${i}]</arg>
</arguments>
<assign>
<var>${linktext}</var>
</assign>
<msg timestamp="20210316 17:44:27.466" level="INFO">${linktext} = Cruises</msg>
<status status="PASS" starttime="20210316 17:44:27.417" endtime="20210316 17:44:27.467"></status>
</kw>
<kw name="Log To Console" library="BuiltIn">
<doc>Logs the given message to the console.</doc>
<arguments>
<arg>${linktext}</arg>
</arguments>
<status status="PASS" starttime="20210316 17:44:27.467" endtime="20210316 17:44:27.467"></status>
</kw>
<status status="PASS" starttime="20210316 17:44:27.417" endtime="20210316 17:44:27.467"></status>
</kw>
<kw name="${i} = 43" type="foritem">
<kw name="Get Text" library="SeleniumLibrary">
<doc>Returns the text value of element identified by ``locator``.</doc>
<arguments>
<arg>xpath:(//a)[${i}]</arg>
</arguments>
<assign>
<var>${linktext}</var>
</assign>
<msg timestamp="20210316 17:44:27.538" level="INFO">${linktext} = Destinations</msg>
<status status="PASS" starttime="20210316 17:44:27.468" endtime="20210316 17:44:27.539"></status>
</kw>
<kw name="Log To Console" library="BuiltIn">
<doc>Logs the given message to the console.</doc>
<arguments>
<arg>${linktext}</arg>
</arguments>
<status status="PASS" starttime="20210316 17:44:27.539" endtime="20210316 17:44:27.539"></status>
</kw>
<status status="PASS" starttime="20210316 17:44:27.468" endtime="20210316 17:44:27.539"></status>
</kw>
<kw name="${i} = 44" type="foritem">
<kw name="Get Text" library="SeleniumLibrary">
<doc>Returns the text value of element identified by ``locator``.</doc>
<arguments>
<arg>xpath:(//a)[${i}]</arg>
</arguments>
<assign>
<var>${linktext}</var>
</assign>
<msg timestamp="20210316 17:44:27.803" level="INFO">${linktext} = Vacations</msg>
<status status="PASS" starttime="20210316 17:44:27.540" endtime="20210316 17:44:27.803"></status>
</kw>
<kw name="Log To Console" library="BuiltIn">
<doc>Logs the given message to the console.</doc>
<arguments>
<arg>${linktext}</arg>
</arguments>
<status status="PASS" starttime="20210316 17:44:27.804" endtime="20210316 17:44:27.804"></status>
</kw>
<status status="PASS" starttime="20210316 17:44:27.539" endtime="20210316 17:44:27.804"></status>
</kw>
<kw name="${i} = 45" type="foritem">
<kw name="Get Text" library="SeleniumLibrary">
<doc>Returns the text value of element identified by ``locator``.</doc>
<arguments>
<arg>xpath:(//a)[${i}]</arg>
</arguments>
<assign>
<var>${linktext}</var>
</assign>
<msg timestamp="20210316 17:44:27.927" level="INFO">${linktext} = SIGN-ON</msg>
<status status="PASS" starttime="20210316 17:44:27.805" endtime="20210316 17:44:27.928"></status>
</kw>
<kw name="Log To Console" library="BuiltIn">
<doc>Logs the given message to the console.</doc>
<arguments>
<arg>${linktext}</arg>
</arguments>
<status status="PASS" starttime="20210316 17:44:27.928" endtime="20210316 17:44:27.928"></status>
</kw>
<status status="PASS" starttime="20210316 17:44:27.804" endtime="20210316 17:44:27.928"></status>
</kw>
<kw name="${i} = 46" type="foritem">
<kw name="Get Text" library="SeleniumLibrary">
<doc>Returns the text value of element identified by ``locator``.</doc>
<arguments>
<arg>xpath:(//a)[${i}]</arg>
</arguments>
<assign>
<var>${linktext}</var>
</assign>
<msg timestamp="20210316 17:44:28.624" level="INFO">${linktext} = REGISTER</msg>
<status status="PASS" starttime="20210316 17:44:27.929" endtime="20210316 17:44:28.624"></status>
</kw>
<kw name="Log To Console" library="BuiltIn">
<doc>Logs the given message to the console.</doc>
<arguments>
<arg>${linktext}</arg>
</arguments>
<status status="PASS" starttime="20210316 17:44:28.624" endtime="20210316 17:44:28.625"></status>
</kw>
<status status="PASS" starttime="20210316 17:44:27.928" endtime="20210316 17:44:28.625"></status>
</kw>
<kw name="${i} = 47" type="foritem">
<kw name="Get Text" library="SeleniumLibrary">
<doc>Returns the text value of element identified by ``locator``.</doc>
<arguments>
<arg>xpath:(//a)[${i}]</arg>
</arguments>
<assign>
<var>${linktext}</var>
</assign>
<msg timestamp="20210316 17:44:29.045" level="INFO">${linktext} = SUPPORT</msg>
<status status="PASS" starttime="20210316 17:44:28.625" endtime="20210316 17:44:29.045"></status>
</kw>
<kw name="Log To Console" library="BuiltIn">
<doc>Logs the given message to the console.</doc>
<arguments>
<arg>${linktext}</arg>
</arguments>
<status status="PASS" starttime="20210316 17:44:29.045" endtime="20210316 17:44:29.046"></status>
</kw>
<status status="PASS" starttime="20210316 17:44:28.625" endtime="20210316 17:44:29.046"></status>
</kw>
<kw name="${i} = 48" type="foritem">
<kw name="Get Text" library="SeleniumLibrary">
<doc>Returns the text value of element identified by ``locator``.</doc>
<arguments>
<arg>xpath:(//a)[${i}]</arg>
</arguments>
<assign>
<var>${linktext}</var>
</assign>
<msg timestamp="20210316 17:44:29.659" level="INFO">${linktext} = CONTACT</msg>
<status status="PASS" starttime="20210316 17:44:29.047" endtime="20210316 17:44:29.659"></status>
</kw>
<kw name="Log To Console" library="BuiltIn">
<doc>Logs the given message to the console.</doc>
<arguments>
<arg>${linktext}</arg>
</arguments>
<status status="PASS" starttime="20210316 17:44:29.660" endtime="20210316 17:44:29.660"></status>
</kw>
<status status="PASS" starttime="20210316 17:44:29.047" endtime="20210316 17:44:29.660"></status>
</kw>
<kw name="${i} = 49" type="foritem">
<kw name="Get Text" library="SeleniumLibrary">
<doc>Returns the text value of element identified by ``locator``.</doc>
<arguments>
<arg>xpath:(//a)[${i}]</arg>
</arguments>
<assign>
<var>${linktext}</var>
</assign>
<msg timestamp="20210316 17:44:29.794" level="INFO">${linktext} = your destination</msg>
<status status="PASS" starttime="20210316 17:44:29.661" endtime="20210316 17:44:29.794"></status>
</kw>
<kw name="Log To Console" library="BuiltIn">
<doc>Logs the given message to the console.</doc>
<arguments>
<arg>${linktext}</arg>
</arguments>
<status status="PASS" starttime="20210316 17:44:29.794" endtime="20210316 17:44:29.794"></status>
</kw>
<status status="PASS" starttime="20210316 17:44:29.660" endtime="20210316 17:44:29.794"></status>
</kw>
<kw name="${i} = 50" type="foritem">
<kw name="Get Text" library="SeleniumLibrary">
<doc>Returns the text value of element identified by ``locator``.</doc>
<arguments>
<arg>xpath:(//a)[${i}]</arg>
</arguments>
<assign>
<var>${linktext}</var>
</assign>
<msg timestamp="20210316 17:44:29.962" level="INFO">${linktext} = featured vacation destinations</msg>
<status status="PASS" starttime="20210316 17:44:29.795" endtime="20210316 17:44:29.962"></status>
</kw>
<kw name="Log To Console" library="BuiltIn">
<doc>Logs the given message to the console.</doc>
<arguments>
<arg>${linktext}</arg>
</arguments>
<status status="PASS" starttime="20210316 17:44:29.962" endtime="20210316 17:44:29.964"></status>
</kw>
<status status="PASS" starttime="20210316 17:44:29.794" endtime="20210316 17:44:29.964"></status>
</kw>
<kw name="${i} = 51" type="foritem">
<kw name="Get Text" library="SeleniumLibrary">
<doc>Returns the text value of element identified by ``locator``.</doc>
<arguments>
<arg>xpath:(//a)[${i}]</arg>
</arguments>
<assign>
<var>${linktext}</var>
</assign>
<msg timestamp="20210316 17:44:30.045" level="INFO">${linktext} = Register here</msg>
<status status="PASS" starttime="20210316 17:44:29.964" endtime="20210316 17:44:30.046"></status>
</kw>
<kw name="Log To Console" library="BuiltIn">
<doc>Logs the given message to the console.</doc>
<arguments>
<arg>${linktext}</arg>
</arguments>
<status status="PASS" starttime="20210316 17:44:30.046" endtime="20210316 17:44:30.047"></status>
</kw>
<status status="PASS" starttime="20210316 17:44:29.964" endtime="20210316 17:44:30.047"></status>
</kw>
<kw name="${i} = 52" type="foritem">
<kw name="Get Text" library="SeleniumLibrary">
<doc>Returns the text value of element identified by ``locator``.</doc>
<arguments>
<arg>xpath:(//a)[${i}]</arg>
</arguments>
<assign>
<var>${linktext}</var>
</assign>
<msg timestamp="20210316 17:44:30.112" level="INFO">${linktext} = Business Travel @ About.com</msg>
<status status="PASS" starttime="20210316 17:44:30.048" endtime="20210316 17:44:30.112"></status>
</kw>
<kw name="Log To Console" library="BuiltIn">
<doc>Logs the given message to the console.</doc>
<arguments>
<arg>${linktext}</arg>
</arguments>
<status status="PASS" starttime="20210316 17:44:30.112" endtime="20210316 17:44:30.114"></status>
</kw>
<status status="PASS" starttime="20210316 17:44:30.047" endtime="20210316 17:44:30.114"></status>
</kw>
<status status="PASS" starttime="20210316 17:44:09.839" endtime="20210316 17:44:30.114"></status>
</kw>
<kw name="Close Browser" library="SeleniumLibrary">
<doc>Closes the current browser.</doc>
<status status="PASS" starttime="20210316 17:44:30.115" endtime="20210316 17:44:44.625"></status>
</kw>
<status status="PASS" starttime="20210316 17:43:48.745" endtime="20210316 17:44:44.626" critical="yes"></status>
</test>
<status status="PASS" starttime="20210316 17:43:47.693" endtime="20210316 17:44:44.627"></status>
</suite>
<status status="PASS" starttime="20210316 17:43:47.587" endtime="20210316 17:44:44.629"></status>
</suite>
<statistics>
<total>
<stat pass="1" fail="0">Critical Tests</stat>
<stat pass="1" fail="0">All Tests</stat>
</total>
<tag>
</tag>
<suite>
<stat pass="1" fail="0" id="s1" name="Suites">Suites</stat>
<stat pass="1" fail="0" id="s1-s1" name="Links">Suites.Links</stat>
</suite>
</statistics>
<errors>
<msg timestamp="20210316 17:44:09.839" level="WARN">Error in file 'C:\Users\chara\PycharmProjects\sample\Testcases\links.robot' in FOR loop starting on line 14: For loop header ':FOR' is deprecated. Use 'FOR' instead.</msg>
<msg timestamp="20210316 17:44:09.840" level="WARN">Error in file 'C:\Users\chara\PycharmProjects\sample\Testcases\links.robot' in FOR loop starting on line 14: Marking for loop body with '\' is deprecated. Remove markers and use 'END' instead.</msg>
</errors>
</robot>
