<?xml version="1.0" encoding="UTF-8"?>
<robot generator="Robot 3.2.2 (Python 3.8.7 on win32)" generated="20210222 13:20:08.468" rpa="false">
<suite id="s1" name="Tagging" source="C:\Users\chara\PycharmProjects\sample\Testcases\tagging.robot">
<test id="s1-t1" name="Tc2 Login Test">
<kw name="Log To Console" library="BuiltIn">
<doc>Logs the given message to the console.</doc>
<arguments>
<arg>This is login test</arg>
</arguments>
<status status="PASS" starttime="20210222 13:20:08.493" endtime="20210222 13:20:08.493"></status>
</kw>
<kw name="Log To Console" library="BuiltIn">
<doc>Logs the given message to the console.</doc>
<arguments>
<arg>This is login tests over</arg>
</arguments>
<status status="PASS" starttime="20210222 13:20:08.494" endtime="20210222 13:20:08.495"></status>
</kw>
<tags>
<tag>Regression</tag>
</tags>
<status status="PASS" starttime="20210222 13:20:08.492" endtime="20210222 13:20:08.496" critical="yes"></status>
</test>
<test id="s1-t2" name="Tc3 Search User">
<kw name="Log To Console" library="BuiltIn">
<doc>Logs the given message to the console.</doc>
<arguments>
<arg>This is search user test</arg>
</arguments>
<status status="PASS" starttime="20210222 13:20:08.498" endtime="20210222 13:20:08.499"></status>
</kw>
<kw name="Log To Console" library="BuiltIn">
<doc>Logs the given message to the console.</doc>
<arguments>
<arg>This is search user test is over</arg>
</arguments>
<status status="PASS" starttime="20210222 13:20:08.499" endtime="20210222 13:20:08.499"></status>
</kw>
<tags>
<tag>Regression</tag>
</tags>
<status status="PASS" starttime="20210222 13:20:08.497" endtime="20210222 13:20:08.499" critical="yes"></status>
</test>
<status status="PASS" starttime="20210222 13:20:08.469" endtime="20210222 13:20:08.500"></status>
</suite>
<statistics>
<total>
<stat pass="2" fail="0">Critical Tests</stat>
<stat pass="2" fail="0">All Tests</stat>
</total>
<tag>
<stat pass="2" fail="0">Regression</stat>
</tag>
<suite>
<stat pass="2" fail="0" id="s1" name="Tagging">Tagging</stat>
</suite>
</statistics>
<errors>
</errors>
</robot>
