<?xml version="1.0" encoding="UTF-8"?>
<robot generator="Robot 3.2.2 (Python 3.8.7 on win32)" generated="20210316 17:43:48.551" rpa="false">
<suite id="s1" name="Suites">
<suite id="s1-s1" name="Dropdowns" source="C:\Users\chara\PycharmProjects\sample\Testcases\dropdowns.robot">
<test id="s1-s1-t1" name="Handling dropdowns and listboxes">
<kw name="Open Browser" library="SeleniumLibrary">
<doc>Opens a new browser instance to the given ``url``.</doc>
<arguments>
<arg>${url}</arg>
<arg>${browser}</arg>
</arguments>
<msg timestamp="20210316 17:43:50.695" level="INFO">Opening browser 'chrome' to base url 'http://www.practiceselenium.com/practice-form.html'.</msg>
<status status="PASS" starttime="20210316 17:43:50.694" endtime="20210316 17:44:16.911"></status>
</kw>
<kw name="Maximize Browser Window" library="SeleniumLibrary">
<doc>Maximizes current browser window.</doc>
<status status="PASS" starttime="20210316 17:44:16.912" endtime="20210316 17:44:17.624"></status>
</kw>
<kw name="Select From List By Label" library="SeleniumLibrary">
<doc>Selects options from selection list ``locator`` by ``labels``.</doc>
<arguments>
<arg>//select[@id='continents']</arg>
<arg>Australia</arg>
</arguments>
<msg timestamp="20210316 17:44:17.625" level="INFO">Selecting options from selection list '//select[@id='continents']' by label Australia.</msg>
<status status="PASS" starttime="20210316 17:44:17.624" endtime="20210316 17:44:18.226"></status>
</kw>
<kw name="Sleep" library="BuiltIn">
<doc>Pauses the test executed for the given time.</doc>
<arguments>
<arg>2</arg>
</arguments>
<msg timestamp="20210316 17:44:20.336" level="INFO">Slept 2 seconds</msg>
<status status="PASS" starttime="20210316 17:44:18.227" endtime="20210316 17:44:20.338"></status>
</kw>
<kw name="Select From List By Index" library="SeleniumLibrary">
<doc>Selects options from selection list ``locator`` by ``indexes``.</doc>
<arguments>
<arg>//select[@id='continents']</arg>
<arg>2</arg>
</arguments>
<msg timestamp="20210316 17:44:20.341" level="INFO">Selecting options from selection list '//select[@id='continents']' by index 2.</msg>
<status status="PASS" starttime="20210316 17:44:20.340" endtime="20210316 17:44:25.642"></status>
</kw>
<kw name="Sleep" library="BuiltIn">
<doc>Pauses the test executed for the given time.</doc>
<arguments>
<arg>2</arg>
</arguments>
<msg timestamp="20210316 17:44:27.648" level="INFO">Slept 2 seconds</msg>
<status status="PASS" starttime="20210316 17:44:25.642" endtime="20210316 17:44:27.649"></status>
</kw>
<kw name="Select From List By Label" library="SeleniumLibrary">
<doc>Selects options from selection list ``locator`` by ``labels``.</doc>
<arguments>
<arg>//select[@id='selenium_commands']</arg>
<arg>Navigation Commands</arg>
</arguments>
<msg timestamp="20210316 17:44:27.649" level="INFO">Selecting options from selection list '//select[@id='selenium_commands']' by label Navigation Commands.</msg>
<status status="PASS" starttime="20210316 17:44:27.649" endtime="20210316 17:44:29.510"></status>
</kw>
<kw name="Sleep" library="BuiltIn">
<doc>Pauses the test executed for the given time.</doc>
<arguments>
<arg>2</arg>
</arguments>
<msg timestamp="20210316 17:44:31.524" level="INFO">Slept 2 seconds</msg>
<status status="PASS" starttime="20210316 17:44:29.510" endtime="20210316 17:44:31.524"></status>
</kw>
<kw name="Select From List By Label" library="SeleniumLibrary">
<doc>Selects options from selection list ``locator`` by ``labels``.</doc>
<arguments>
<arg>//select[@id='selenium_commands']</arg>
<arg>Switch Commands</arg>
</arguments>
<msg timestamp="20210316 17:44:31.526" level="INFO">Selecting options from selection list '//select[@id='selenium_commands']' by label Switch Commands.</msg>
<status status="PASS" starttime="20210316 17:44:31.525" endtime="20210316 17:44:33.042"></status>
</kw>
<kw name="Sleep" library="BuiltIn">
<doc>Pauses the test executed for the given time.</doc>
<arguments>
<arg>2</arg>
</arguments>
<msg timestamp="20210316 17:44:35.076" level="INFO">Slept 2 seconds</msg>
<status status="PASS" starttime="20210316 17:44:33.042" endtime="20210316 17:44:35.076"></status>
</kw>
<kw name="Select From List By Index" library="SeleniumLibrary">
<doc>Selects options from selection list ``locator`` by ``indexes``.</doc>
<arguments>
<arg>//select[@id='selenium_commands']</arg>
<arg>4</arg>
</arguments>
<msg timestamp="20210316 17:44:35.077" level="INFO">Selecting options from selection list '//select[@id='selenium_commands']' by index 4.</msg>
<status status="PASS" starttime="20210316 17:44:35.077" endtime="20210316 17:44:35.810"></status>
</kw>
<kw name="Sleep" library="BuiltIn">
<doc>Pauses the test executed for the given time.</doc>
<arguments>
<arg>2</arg>
</arguments>
<msg timestamp="20210316 17:44:37.820" level="INFO">Slept 2 seconds</msg>
<status status="PASS" starttime="20210316 17:44:35.810" endtime="20210316 17:44:37.820"></status>
</kw>
<kw name="Unselect From List By Label" library="SeleniumLibrary">
<doc>Unselects options from selection list ``locator`` by ``labels``.</doc>
<arguments>
<arg>//select[@id='selenium_commands']</arg>
<arg>Navigation Commands</arg>
</arguments>
<msg timestamp="20210316 17:44:37.820" level="INFO">Un-selecting options from selection list '//select[@id='selenium_commands']' by label Navigation Commands.</msg>
<status status="PASS" starttime="20210316 17:44:37.820" endtime="20210316 17:44:37.911"></status>
</kw>
<kw name="Sleep" library="BuiltIn">
<doc>Pauses the test executed for the given time.</doc>
<arguments>
<arg>2</arg>
</arguments>
<msg timestamp="20210316 17:44:39.912" level="INFO">Slept 2 seconds</msg>
<status status="PASS" starttime="20210316 17:44:37.912" endtime="20210316 17:44:39.912"></status>
</kw>
<kw name="Unselect From List By Label" library="SeleniumLibrary">
<doc>Unselects options from selection list ``locator`` by ``labels``.</doc>
<arguments>
<arg>//select[@id='selenium_commands']</arg>
<arg>Switch Commands</arg>
</arguments>
<msg timestamp="20210316 17:44:39.913" level="INFO">Un-selecting options from selection list '//select[@id='selenium_commands']' by label Switch Commands.</msg>
<status status="PASS" starttime="20210316 17:44:39.912" endtime="20210316 17:44:39.995"></status>
</kw>
<kw name="Sleep" library="BuiltIn">
<doc>Pauses the test executed for the given time.</doc>
<arguments>
<arg>2</arg>
</arguments>
<msg timestamp="20210316 17:44:42.009" level="INFO">Slept 2 seconds</msg>
<status status="PASS" starttime="20210316 17:44:39.995" endtime="20210316 17:44:42.009"></status>
</kw>
<kw name="Unselect From List By Index" library="SeleniumLibrary">
<doc>Unselects options from selection list ``locator`` by ``indexes``.</doc>
<arguments>
<arg>//select[@id='selenium_commands']</arg>
<arg>4</arg>
</arguments>
<msg timestamp="20210316 17:44:42.009" level="INFO">Un-selecting options from selection list '//select[@id='selenium_commands']' by index 4.</msg>
<status status="PASS" starttime="20210316 17:44:42.009" endtime="20210316 17:44:42.272"></status>
</kw>
<kw name="Sleep" library="BuiltIn">
<doc>Pauses the test executed for the given time.</doc>
<arguments>
<arg>2</arg>
</arguments>
<msg timestamp="20210316 17:44:44.274" level="INFO">Slept 2 seconds</msg>
<status status="PASS" starttime="20210316 17:44:42.273" endtime="20210316 17:44:44.274"></status>
</kw>
<kw name="Close Browser" library="SeleniumLibrary">
<doc>Closes the current browser.</doc>
<status status="PASS" starttime="20210316 17:44:44.275" endtime="20210316 17:45:17.518"></status>
</kw>
<status status="PASS" starttime="20210316 17:43:50.691" endtime="20210316 17:45:17.519" critical="yes"></status>
</test>
<status status="PASS" starttime="20210316 17:43:48.722" endtime="20210316 17:45:17.521"></status>
</suite>
<status status="PASS" starttime="20210316 17:43:48.554" endtime="20210316 17:45:17.526"></status>
</suite>
<statistics>
<total>
<stat pass="1" fail="0">Critical Tests</stat>
<stat pass="1" fail="0">All Tests</stat>
</total>
<tag>
</tag>
<suite>
<stat pass="1" fail="0" id="s1" name="Suites">Suites</stat>
<stat pass="1" fail="0" id="s1-s1" name="Dropdowns">Suites.Dropdowns</stat>
</suite>
</statistics>
<errors>
</errors>
</robot>
