<?xml version="1.0" encoding="UTF-8"?>
<robot generator="Robot 3.2.2 (Python 3.6.4 on win32)" generated="20210222 13:01:33.964" rpa="false">
<suite id="s1" name="Suites">
<suite id="s1-s1" name="Capturescreen" source="C:\Users\chara\PycharmProjects\sample\headlesstestcases\capturescreen.robot">
<test id="s1-s1-t1" name="Capture Screenshot">
<kw name="Open Browser" library="SeleniumLibrary">
<doc>Opens a new browser instance to the given ``url``.</doc>
<arguments>
<arg>https://opensource-demo.orangehrmlive.com/</arg>
<arg>headlesschrome</arg>
</arguments>
<msg timestamp="20210222 13:01:34.272" level="INFO">Opening browser 'headlesschrome' to base url 'https://opensource-demo.orangehrmlive.com/'.</msg>
<status status="PASS" starttime="20210222 13:01:34.271" endtime="20210222 13:01:45.603"></status>
</kw>
<kw name="Maximize Browser Window" library="SeleniumLibrary">
<doc>Maximizes current browser window.</doc>
<status status="PASS" starttime="20210222 13:01:45.603" endtime="20210222 13:01:47.760"></status>
</kw>
<kw name="Input Text" library="SeleniumLibrary">
<doc>Types the given ``text`` into text field identified by ``locator``.</doc>
<arguments>
<arg>xpath://input[@id='txtUsername']</arg>
<arg>Admin</arg>
</arguments>
<msg timestamp="20210222 13:01:47.761" level="INFO">Typing text 'Admin' into text field 'xpath://input[@id='txtUsername']'.</msg>
<status status="PASS" starttime="20210222 13:01:47.760" endtime="20210222 13:01:47.844"></status>
</kw>
<kw name="Input Text" library="SeleniumLibrary">
<doc>Types the given ``text`` into text field identified by ``locator``.</doc>
<arguments>
<arg>xpath://input[@id='txtPassword']</arg>
<arg>admin123</arg>
</arguments>
<msg timestamp="20210222 13:01:47.844" level="INFO">Typing text 'admin123' into text field 'xpath://input[@id='txtPassword']'.</msg>
<status status="PASS" starttime="20210222 13:01:47.844" endtime="20210222 13:01:47.916"></status>
</kw>
<kw name="Sleep" library="BuiltIn">
<doc>Pauses the test executed for the given time.</doc>
<arguments>
<arg>2</arg>
</arguments>
<msg timestamp="20210222 13:01:49.927" level="INFO">Slept 2 seconds</msg>
<status status="PASS" starttime="20210222 13:01:47.916" endtime="20210222 13:01:49.928"></status>
</kw>
<kw name="Set Screenshot Directory" library="SeleniumLibrary">
<doc>Sets the directory for captured screenshots.</doc>
<arguments>
<arg>C:/Users/chara/PycharmProjects/sample/Screenshots</arg>
</arguments>
<status status="PASS" starttime="20210222 13:01:49.928" endtime="20210222 13:01:49.929"></status>
</kw>
<kw name="Capture Page Screenshot" library="SeleniumLibrary">
<doc>Takes screenshot of the current page and embeds it into log file.</doc>
<arguments>
<arg>page3.png</arg>
</arguments>
<msg timestamp="20210222 13:01:50.198" level="INFO" html="yes">&lt;/td&gt;&lt;/tr&gt;&lt;tr&gt;&lt;td colspan="3"&gt;&lt;a href="../../../Screenshots/page3.png"&gt;&lt;img src="../../../Screenshots/page3.png" width="800px"&gt;&lt;/a&gt;</msg>
<status status="PASS" starttime="20210222 13:01:49.930" endtime="20210222 13:01:50.198"></status>
</kw>
<kw name="Close Browser" library="SeleniumLibrary">
<doc>Closes the current browser.</doc>
<status status="PASS" starttime="20210222 13:01:50.198" endtime="20210222 13:01:52.286"></status>
</kw>
<status status="PASS" starttime="20210222 13:01:34.270" endtime="20210222 13:01:52.286" critical="yes"></status>
</test>
<status status="PASS" starttime="20210222 13:01:33.991" endtime="20210222 13:01:52.287"></status>
</suite>
<status status="PASS" starttime="20210222 13:01:33.966" endtime="20210222 13:01:52.291"></status>
</suite>
<statistics>
<total>
<stat pass="1" fail="0">Critical Tests</stat>
<stat pass="1" fail="0">All Tests</stat>
</total>
<tag>
</tag>
<suite>
<stat pass="1" fail="0" id="s1" name="Suites">Suites</stat>
<stat pass="1" fail="0" id="s1-s1" name="Capturescreen">Suites.Capturescreen</stat>
</suite>
</statistics>
<errors>
</errors>
</robot>
