<?xml version="1.0" encoding="UTF-8"?>
<robot generator="Robot 3.2.2 (Python 3.8.7 on win32)" generated="20210316 17:39:54.739" rpa="false">
<suite id="s1" name="Suites">
<suite id="s1-s1" name="Links" source="C:\Users\chara\PycharmProjects\sample\Testcases\links.robot">
<test id="s1-s1-t1" name="links">
<kw name="Open Browser" library="SeleniumLibrary">
<doc>Opens a new browser instance to the given ``url``.</doc>
<arguments>
<arg>http://demo.guru99.com/test/newtours/</arg>
<arg>chrome</arg>
</arguments>
<msg timestamp="20210316 17:40:00.845" level="INFO">Opening browser 'chrome' to base url 'http://demo.guru99.com/test/newtours/'.</msg>
<kw name="Capture Page Screenshot" library="SeleniumLibrary">
<doc>Takes screenshot of the current page and embeds it into log file.</doc>
<msg timestamp="20210316 17:40:25.356" level="INFO" html="yes">&lt;/td&gt;&lt;/tr&gt;&lt;tr&gt;&lt;td colspan="3"&gt;&lt;a href="selenium-screenshot-1.png"&gt;&lt;img src="selenium-screenshot-1.png" width="800px"&gt;&lt;/a&gt;</msg>
<status status="PASS" starttime="20210316 17:40:24.518" endtime="20210316 17:40:25.357"></status>
</kw>
<msg timestamp="20210316 17:40:25.363" level="FAIL">WebDriverException: Message: unknown error: net::ERR_NAME_NOT_RESOLVED
  (Session info: chrome=89.0.4389.90)
</msg>
<status status="FAIL" starttime="20210316 17:40:00.845" endtime="20210316 17:40:25.363"></status>
</kw>
<status status="FAIL" starttime="20210316 17:40:00.844" endtime="20210316 17:40:25.364" critical="yes">WebDriverException: Message: unknown error: net::ERR_NAME_NOT_RESOLVED
  (Session info: chrome=89.0.4389.90)
</status>
</test>
<status status="FAIL" starttime="20210316 17:39:55.079" endtime="20210316 17:40:25.365"></status>
</suite>
<status status="FAIL" starttime="20210316 17:39:54.741" endtime="20210316 17:40:25.367"></status>
</suite>
<statistics>
<total>
<stat pass="0" fail="1">Critical Tests</stat>
<stat pass="0" fail="1">All Tests</stat>
</total>
<tag>
</tag>
<suite>
<stat pass="0" fail="1" id="s1" name="Suites">Suites</stat>
<stat pass="0" fail="1" id="s1-s1" name="Links">Suites.Links</stat>
</suite>
</statistics>
<errors>
</errors>
</robot>
