<?xml version="1.0" encoding="UTF-8"?>
<robot generator="Robot 3.2.2 (Python 3.8.7 on win32)" generated="20210316 17:44:47.131" rpa="false">
<suite id="s1" name="Suites">
<suite id="s1-s1" name="Tagging" source="C:\Users\chara\PycharmProjects\sample\Testcases\tagging.robot">
<test id="s1-s1-t1" name="Tc1 user Registration Test">
<kw name="Log To Console" library="BuiltIn">
<doc>Logs the given message to the console.</doc>
<arguments>
<arg>This is user registration test</arg>
</arguments>
<status status="PASS" starttime="20210316 17:44:47.295" endtime="20210316 17:44:47.296"></status>
</kw>
<kw name="Log To Console" library="BuiltIn">
<doc>Logs the given message to the console.</doc>
<arguments>
<arg>This is user registration test over</arg>
</arguments>
<status status="PASS" starttime="20210316 17:44:47.296" endtime="20210316 17:44:47.296"></status>
</kw>
<tags>
<tag>sanity</tag>
</tags>
<status status="PASS" starttime="20210316 17:44:47.295" endtime="20210316 17:44:47.296" critical="yes"></status>
</test>
<test id="s1-s1-t2" name="Tc2 Login Test">
<kw name="Log To Console" library="BuiltIn">
<doc>Logs the given message to the console.</doc>
<arguments>
<arg>This is login test</arg>
</arguments>
<status status="PASS" starttime="20210316 17:44:47.299" endtime="20210316 17:44:47.300"></status>
</kw>
<kw name="Log To Console" library="BuiltIn">
<doc>Logs the given message to the console.</doc>
<arguments>
<arg>This is login tests over</arg>
</arguments>
<status status="PASS" starttime="20210316 17:44:47.301" endtime="20210316 17:44:47.301"></status>
</kw>
<tags>
<tag>Regression</tag>
</tags>
<status status="PASS" starttime="20210316 17:44:47.297" endtime="20210316 17:44:47.301" critical="yes"></status>
</test>
<test id="s1-s1-t3" name="Tc3 Search User">
<kw name="Log To Console" library="BuiltIn">
<doc>Logs the given message to the console.</doc>
<arguments>
<arg>This is search user test</arg>
</arguments>
<status status="PASS" starttime="20210316 17:44:47.302" endtime="20210316 17:44:47.303"></status>
</kw>
<kw name="Log To Console" library="BuiltIn">
<doc>Logs the given message to the console.</doc>
<arguments>
<arg>This is search user test is over</arg>
</arguments>
<status status="PASS" starttime="20210316 17:44:47.303" endtime="20210316 17:44:47.304"></status>
</kw>
<tags>
<tag>Regression</tag>
</tags>
<status status="PASS" starttime="20210316 17:44:47.302" endtime="20210316 17:44:47.304" critical="yes"></status>
</test>
<test id="s1-s1-t4" name="Tc4 Logout Test">
<kw name="Log To Console" library="BuiltIn">
<doc>Logs the given message to the console.</doc>
<arguments>
<arg>This is logout test</arg>
</arguments>
<status status="PASS" starttime="20210316 17:44:47.306" endtime="20210316 17:44:47.306"></status>
</kw>
<kw name="Log To Console" library="BuiltIn">
<doc>Logs the given message to the console.</doc>
<arguments>
<arg>This is logout tests over</arg>
</arguments>
<status status="PASS" starttime="20210316 17:44:47.306" endtime="20210316 17:44:47.307"></status>
</kw>
<tags>
<tag>sanity</tag>
</tags>
<status status="PASS" starttime="20210316 17:44:47.305" endtime="20210316 17:44:47.308" critical="yes"></status>
</test>
<status status="PASS" starttime="20210316 17:44:47.289" endtime="20210316 17:44:47.308"></status>
</suite>
<status status="PASS" starttime="20210316 17:44:47.137" endtime="20210316 17:44:47.310"></status>
</suite>
<statistics>
<total>
<stat pass="4" fail="0">Critical Tests</stat>
<stat pass="4" fail="0">All Tests</stat>
</total>
<tag>
<stat pass="2" fail="0">Regression</stat>
<stat pass="2" fail="0">sanity</stat>
</tag>
<suite>
<stat pass="4" fail="0" id="s1" name="Suites">Suites</stat>
<stat pass="4" fail="0" id="s1-s1" name="Tagging">Suites.Tagging</stat>
</suite>
</statistics>
<errors>
</errors>
</robot>
