<?xml version="1.0" encoding="UTF-8"?>
<robot generator="Robot 3.2.2 (Python 3.8.7 on win32)" generated="20210316 17:40:44.471" rpa="false">
<suite id="s1" name="Suites">
<suite id="s1-s1" name="Tabbedbrowser" source="C:\Users\chara\PycharmProjects\sample\Testcases\tabbedbrowser.robot">
<test id="s1-s1-t1" name="Handling tabbed browsers">
<kw name="Open Browser" library="SeleniumLibrary">
<doc>Opens a new browser instance to the given ``url``.</doc>
<arguments>
<arg>https://www.google.com/</arg>
<arg>chrome</arg>
</arguments>
<msg timestamp="20210316 17:40:45.702" level="INFO">Opening browser 'chrome' to base url 'https://www.google.com/'.</msg>
<kw name="Capture Page Screenshot" library="SeleniumLibrary">
<doc>Takes screenshot of the current page and embeds it into log file.</doc>
<msg timestamp="20210316 17:41:01.900" level="INFO" html="yes">&lt;/td&gt;&lt;/tr&gt;&lt;tr&gt;&lt;td colspan="3"&gt;&lt;a href="selenium-screenshot-1.png"&gt;&lt;img src="selenium-screenshot-1.png" width="800px"&gt;&lt;/a&gt;</msg>
<status status="PASS" starttime="20210316 17:40:59.548" endtime="20210316 17:41:01.901"></status>
</kw>
<msg timestamp="20210316 17:41:02.186" level="FAIL">WebDriverException: Message: unknown error: net::ERR_INTERNET_DISCONNECTED
  (Session info: chrome=89.0.4389.90)
</msg>
<status status="FAIL" starttime="20210316 17:40:45.702" endtime="20210316 17:41:02.186"></status>
</kw>
<status status="FAIL" starttime="20210316 17:40:45.700" endtime="20210316 17:41:02.186" critical="yes">WebDriverException: Message: unknown error: net::ERR_INTERNET_DISCONNECTED
  (Session info: chrome=89.0.4389.90)
</status>
</test>
<status status="FAIL" starttime="20210316 17:40:44.627" endtime="20210316 17:41:02.188"></status>
</suite>
<status status="FAIL" starttime="20210316 17:40:44.503" endtime="20210316 17:41:02.190"></status>
</suite>
<statistics>
<total>
<stat pass="0" fail="1">Critical Tests</stat>
<stat pass="0" fail="1">All Tests</stat>
</total>
<tag>
</tag>
<suite>
<stat pass="0" fail="1" id="s1" name="Suites">Suites</stat>
<stat pass="0" fail="1" id="s1-s1" name="Tabbedbrowser">Suites.Tabbedbrowser</stat>
</suite>
</statistics>
<errors>
</errors>
</robot>
