<?xml version="1.0" encoding="UTF-8"?>
<robot generator="Robot 3.2.2 (Python 3.8.7 on win32)" generated="20210316 17:44:49.823" rpa="false">
<suite id="s1" name="Suites">
<suite id="s1-s1" name="loginTest" source="C:\Users\chara\PycharmProjects\sample\Testcases\loginTest.robot">
<test id="s1-s1-t1" name="loginTest">
<kw name="open my browser" library="loginKeywords">
<arguments>
<arg>${siteurlname}</arg>
<arg>${browsername}</arg>
</arguments>
<kw name="Open Browser" library="SeleniumLibrary">
<doc>Opens a new browser instance to the given ``url``.</doc>
<arguments>
<arg>${siteurl}</arg>
<arg>${browser}</arg>
</arguments>
<msg timestamp="20210316 17:44:50.841" level="INFO">Opening browser 'chrome' to base url 'http://demo.guru99.com/test/newtours/'.</msg>
<status status="PASS" starttime="20210316 17:44:50.840" endtime="20210316 17:45:03.548"></status>
</kw>
<kw name="Maximize Browser Window" library="SeleniumLibrary">
<doc>Maximizes current browser window.</doc>
<status status="PASS" starttime="20210316 17:45:03.549" endtime="20210316 17:45:03.890"></status>
</kw>
<status status="PASS" starttime="20210316 17:44:50.839" endtime="20210316 17:45:03.890"></status>
</kw>
<kw name="enter username" library="loginKeywords">
<arguments>
<arg>${uname}</arg>
</arguments>
<kw name="Input Text" library="SeleniumLibrary">
<doc>Types the given ``text`` into text field identified by ``locator``.</doc>
<arguments>
<arg>${txt_loginusername}</arg>
<arg>${username}</arg>
</arguments>
<msg timestamp="20210316 17:45:03.892" level="INFO">Typing text 'tutorial' into text field 'xpath://input[@name='userName']'.</msg>
<status status="PASS" starttime="20210316 17:45:03.892" endtime="20210316 17:45:04.586"></status>
</kw>
<status status="PASS" starttime="20210316 17:45:03.890" endtime="20210316 17:45:04.586"></status>
</kw>
<kw name="enter password" library="loginKeywords">
<arguments>
<arg>${pwd}</arg>
</arguments>
<kw name="Input Password" library="SeleniumLibrary">
<doc>Types the given password into text field identified by ``locator``.</doc>
<arguments>
<arg>${txt_loginpassword}</arg>
<arg>${userpwd}</arg>
</arguments>
<msg timestamp="20210316 17:45:04.588" level="INFO">Typing password into text field 'xpath://input[@name='password']'.</msg>
<status status="PASS" starttime="20210316 17:45:04.588" endtime="20210316 17:45:05.624"></status>
</kw>
<status status="PASS" starttime="20210316 17:45:04.587" endtime="20210316 17:45:05.624"></status>
</kw>
<kw name="click on signin" library="loginKeywords">
<kw name="Click Button" library="SeleniumLibrary">
<doc>Clicks button identified by ``locator``.</doc>
<arguments>
<arg>${btn_signinbutton}</arg>
</arguments>
<msg timestamp="20210316 17:45:05.625" level="INFO">Clicking button 'xpath://input[@name='submit']'.</msg>
<status status="PASS" starttime="20210316 17:45:05.625" endtime="20210316 17:45:07.257"></status>
</kw>
<status status="PASS" starttime="20210316 17:45:05.624" endtime="20210316 17:45:07.257"></status>
</kw>
<kw name="Verify succesful login" library="loginKeywords">
<kw name="Title Should Be" library="SeleniumLibrary">
<doc>Verifies that current page title equals ``title``.</doc>
<arguments>
<arg>Login: Mercury Tours</arg>
</arguments>
<msg timestamp="20210316 17:45:07.314" level="INFO">Page title is 'Login: Mercury Tours'.</msg>
<status status="PASS" starttime="20210316 17:45:07.257" endtime="20210316 17:45:07.315"></status>
</kw>
<status status="PASS" starttime="20210316 17:45:07.257" endtime="20210316 17:45:07.315"></status>
</kw>
<kw name="close my browsers" library="loginKeywords">
<kw name="Close All Browsers" library="SeleniumLibrary">
<doc>Closes all open browsers and resets the browser cache.</doc>
<status status="PASS" starttime="20210316 17:45:07.315" endtime="20210316 17:45:19.789"></status>
</kw>
<status status="PASS" starttime="20210316 17:45:07.315" endtime="20210316 17:45:19.789"></status>
</kw>
<status status="PASS" starttime="20210316 17:44:50.837" endtime="20210316 17:45:19.789" critical="yes"></status>
</test>
<status status="PASS" starttime="20210316 17:44:49.902" endtime="20210316 17:45:19.790"></status>
</suite>
<status status="PASS" starttime="20210316 17:44:49.824" endtime="20210316 17:45:19.792"></status>
</suite>
<statistics>
<total>
<stat pass="1" fail="0">Critical Tests</stat>
<stat pass="1" fail="0">All Tests</stat>
</total>
<tag>
</tag>
<suite>
<stat pass="1" fail="0" id="s1" name="Suites">Suites</stat>
<stat pass="1" fail="0" id="s1-s1" name="loginTest">Suites.loginTest</stat>
</suite>
</statistics>
<errors>
</errors>
</robot>
