<?xml version="1.0" encoding="UTF-8"?>
<robot generator="Robot 3.2.2 (Python 3.8.7 on win32)" generated="20210316 17:39:53.783" rpa="false">
<suite id="s1" name="Suites">
<suite id="s1-s1" name="Ddt1" source="C:\Users\chara\PycharmProjects\sample\Testcases\ddt1.robot">
<kw name="openMybrowser" library="login_resources" type="setup">
<kw name="Open Browser" library="SeleniumLibrary">
<doc>Opens a new browser instance to the given ``url``.</doc>
<arguments>
<arg>${url}</arg>
<arg>${browser}</arg>
</arguments>
<msg timestamp="20210316 17:39:58.594" level="INFO">Opening browser 'chrome' to base url 'https://admin-demo.nopcommerce.com/'.</msg>
<status status="PASS" starttime="20210316 17:39:58.593" endtime="20210316 17:40:35.236"></status>
</kw>
<kw name="Maximize Browser Window" library="SeleniumLibrary">
<doc>Maximizes current browser window.</doc>
<status status="PASS" starttime="20210316 17:40:35.236" endtime="20210316 17:40:37.087"></status>
</kw>
<status status="PASS" starttime="20210316 17:39:58.592" endtime="20210316 17:40:37.087"></status>
</kw>
<test id="s1-s1-t1" name="valid user name empty password">
<kw name="invalidLoginScenario's">
<arguments>
<arg>admin@yourstore.com</arg>
<arg>${EMPTY}</arg>
</arguments>
<kw name="input username" library="login_resources">
<arguments>
<arg>${uname}</arg>
</arguments>
<kw name="Input Text" library="SeleniumLibrary">
<doc>Types the given ``text`` into text field identified by ``locator``.</doc>
<arguments>
<arg>xpath://input[@id='Email']</arg>
<arg>${username}</arg>
</arguments>
<msg timestamp="20210316 17:40:37.091" level="INFO">Typing text 'admin@yourstore.com' into text field 'xpath://input[@id='Email']'.</msg>
<kw name="Capture Page Screenshot" library="SeleniumLibrary">
<doc>Takes screenshot of the current page and embeds it into log file.</doc>
<msg timestamp="20210316 17:40:37.950" level="INFO" html="yes">&lt;/td&gt;&lt;/tr&gt;&lt;tr&gt;&lt;td colspan="3"&gt;&lt;a href="selenium-screenshot-1.png"&gt;&lt;img src="selenium-screenshot-1.png" width="800px"&gt;&lt;/a&gt;</msg>
<status status="PASS" starttime="20210316 17:40:37.318" endtime="20210316 17:40:37.950"></status>
</kw>
<msg timestamp="20210316 17:40:37.969" level="FAIL">Element with locator 'xpath://input[@id='Email']' not found.</msg>
<status status="FAIL" starttime="20210316 17:40:37.091" endtime="20210316 17:40:37.969"></status>
</kw>
<status status="FAIL" starttime="20210316 17:40:37.090" endtime="20210316 17:40:37.969"></status>
</kw>
<status status="FAIL" starttime="20210316 17:40:37.089" endtime="20210316 17:40:37.969"></status>
</kw>
<status status="FAIL" starttime="20210316 17:40:37.088" endtime="20210316 17:40:37.969" critical="yes">Element with locator 'xpath://input[@id='Email']' not found.</status>
</test>
<test id="s1-s1-t2" name="empty user name and valid password">
<kw name="invalidLoginScenario's">
<arguments>
<arg>${EMPTY}</arg>
<arg>admin</arg>
</arguments>
<kw name="input username" library="login_resources">
<arguments>
<arg>${uname}</arg>
</arguments>
<kw name="Input Text" library="SeleniumLibrary">
<doc>Types the given ``text`` into text field identified by ``locator``.</doc>
<arguments>
<arg>xpath://input[@id='Email']</arg>
<arg>${username}</arg>
</arguments>
<msg timestamp="20210316 17:40:37.975" level="INFO">Typing text '' into text field 'xpath://input[@id='Email']'.</msg>
<kw name="Capture Page Screenshot" library="SeleniumLibrary">
<doc>Takes screenshot of the current page and embeds it into log file.</doc>
<msg timestamp="20210316 17:40:39.184" level="INFO" html="yes">&lt;/td&gt;&lt;/tr&gt;&lt;tr&gt;&lt;td colspan="3"&gt;&lt;a href="selenium-screenshot-2.png"&gt;&lt;img src="selenium-screenshot-2.png" width="800px"&gt;&lt;/a&gt;</msg>
<status status="PASS" starttime="20210316 17:40:38.302" endtime="20210316 17:40:39.184"></status>
</kw>
<msg timestamp="20210316 17:40:39.185" level="FAIL">Element with locator 'xpath://input[@id='Email']' not found.</msg>
<status status="FAIL" starttime="20210316 17:40:37.975" endtime="20210316 17:40:39.185"></status>
</kw>
<status status="FAIL" starttime="20210316 17:40:37.973" endtime="20210316 17:40:39.186"></status>
</kw>
<status status="FAIL" starttime="20210316 17:40:37.973" endtime="20210316 17:40:39.186"></status>
</kw>
<status status="FAIL" starttime="20210316 17:40:37.970" endtime="20210316 17:40:39.186" critical="yes">Element with locator 'xpath://input[@id='Email']' not found.</status>
</test>
<test id="s1-s1-t3" name="valid user name invalid password">
<kw name="invalidLoginScenario's">
<arguments>
<arg>admin@yourstore.com</arg>
<arg>admin1</arg>
</arguments>
<kw name="input username" library="login_resources">
<arguments>
<arg>${uname}</arg>
</arguments>
<kw name="Input Text" library="SeleniumLibrary">
<doc>Types the given ``text`` into text field identified by ``locator``.</doc>
<arguments>
<arg>xpath://input[@id='Email']</arg>
<arg>${username}</arg>
</arguments>
<msg timestamp="20210316 17:40:39.190" level="INFO">Typing text 'admin@yourstore.com' into text field 'xpath://input[@id='Email']'.</msg>
<kw name="Capture Page Screenshot" library="SeleniumLibrary">
<doc>Takes screenshot of the current page and embeds it into log file.</doc>
<msg timestamp="20210316 17:40:41.064" level="INFO" html="yes">&lt;/td&gt;&lt;/tr&gt;&lt;tr&gt;&lt;td colspan="3"&gt;&lt;a href="selenium-screenshot-3.png"&gt;&lt;img src="selenium-screenshot-3.png" width="800px"&gt;&lt;/a&gt;</msg>
<status status="PASS" starttime="20210316 17:40:39.855" endtime="20210316 17:40:41.065"></status>
</kw>
<msg timestamp="20210316 17:40:41.066" level="FAIL">Element with locator 'xpath://input[@id='Email']' not found.</msg>
<status status="FAIL" starttime="20210316 17:40:39.190" endtime="20210316 17:40:41.066"></status>
</kw>
<status status="FAIL" starttime="20210316 17:40:39.189" endtime="20210316 17:40:41.066"></status>
</kw>
<status status="FAIL" starttime="20210316 17:40:39.188" endtime="20210316 17:40:41.068"></status>
</kw>
<status status="FAIL" starttime="20210316 17:40:39.187" endtime="20210316 17:40:41.068" critical="yes">Element with locator 'xpath://input[@id='Email']' not found.</status>
</test>
<test id="s1-s1-t4" name="invalid username valid password">
<kw name="invalidLoginScenario's">
<arguments>
<arg>admin1@yourstore.com</arg>
<arg>admin</arg>
</arguments>
<kw name="input username" library="login_resources">
<arguments>
<arg>${uname}</arg>
</arguments>
<kw name="Input Text" library="SeleniumLibrary">
<doc>Types the given ``text`` into text field identified by ``locator``.</doc>
<arguments>
<arg>xpath://input[@id='Email']</arg>
<arg>${username}</arg>
</arguments>
<msg timestamp="20210316 17:40:41.071" level="INFO">Typing text 'admin1@yourstore.com' into text field 'xpath://input[@id='Email']'.</msg>
<kw name="Capture Page Screenshot" library="SeleniumLibrary">
<doc>Takes screenshot of the current page and embeds it into log file.</doc>
<msg timestamp="20210316 17:40:42.359" level="INFO" html="yes">&lt;/td&gt;&lt;/tr&gt;&lt;tr&gt;&lt;td colspan="3"&gt;&lt;a href="selenium-screenshot-4.png"&gt;&lt;img src="selenium-screenshot-4.png" width="800px"&gt;&lt;/a&gt;</msg>
<status status="PASS" starttime="20210316 17:40:41.520" endtime="20210316 17:40:42.359"></status>
</kw>
<msg timestamp="20210316 17:40:42.360" level="FAIL">Element with locator 'xpath://input[@id='Email']' not found.</msg>
<status status="FAIL" starttime="20210316 17:40:41.071" endtime="20210316 17:40:42.361"></status>
</kw>
<status status="FAIL" starttime="20210316 17:40:41.070" endtime="20210316 17:40:42.361"></status>
</kw>
<status status="FAIL" starttime="20210316 17:40:41.070" endtime="20210316 17:40:42.361"></status>
</kw>
<status status="FAIL" starttime="20210316 17:40:41.068" endtime="20210316 17:40:42.362" critical="yes">Element with locator 'xpath://input[@id='Email']' not found.</status>
</test>
<test id="s1-s1-t5" name="valid username valid password">
<kw name="invalidLoginScenario's">
<arguments>
<arg>admin@yourstore.com</arg>
<arg>admin</arg>
</arguments>
<kw name="input username" library="login_resources">
<arguments>
<arg>${uname}</arg>
</arguments>
<kw name="Input Text" library="SeleniumLibrary">
<doc>Types the given ``text`` into text field identified by ``locator``.</doc>
<arguments>
<arg>xpath://input[@id='Email']</arg>
<arg>${username}</arg>
</arguments>
<msg timestamp="20210316 17:40:42.366" level="INFO">Typing text 'admin@yourstore.com' into text field 'xpath://input[@id='Email']'.</msg>
<kw name="Capture Page Screenshot" library="SeleniumLibrary">
<doc>Takes screenshot of the current page and embeds it into log file.</doc>
<msg timestamp="20210316 17:40:43.478" level="INFO" html="yes">&lt;/td&gt;&lt;/tr&gt;&lt;tr&gt;&lt;td colspan="3"&gt;&lt;a href="selenium-screenshot-5.png"&gt;&lt;img src="selenium-screenshot-5.png" width="800px"&gt;&lt;/a&gt;</msg>
<status status="PASS" starttime="20210316 17:40:42.488" endtime="20210316 17:40:43.479"></status>
</kw>
<msg timestamp="20210316 17:40:43.480" level="FAIL">Element with locator 'xpath://input[@id='Email']' not found.</msg>
<status status="FAIL" starttime="20210316 17:40:42.366" endtime="20210316 17:40:43.480"></status>
</kw>
<status status="FAIL" starttime="20210316 17:40:42.365" endtime="20210316 17:40:43.481"></status>
</kw>
<status status="FAIL" starttime="20210316 17:40:42.364" endtime="20210316 17:40:43.481"></status>
</kw>
<status status="FAIL" starttime="20210316 17:40:42.363" endtime="20210316 17:40:43.482" critical="yes">Element with locator 'xpath://input[@id='Email']' not found.</status>
</test>
<kw name="CloseAllMyBrowsers" library="login_resources" type="teardown">
<kw name="Close All Browsers" library="SeleniumLibrary">
<doc>Closes all open browsers and resets the browser cache.</doc>
<status status="PASS" starttime="20210316 17:40:43.489" endtime="20210316 17:41:28.840"></status>
</kw>
<status status="PASS" starttime="20210316 17:40:43.488" endtime="20210316 17:41:28.840"></status>
</kw>
<status status="FAIL" starttime="20210316 17:39:53.911" endtime="20210316 17:41:28.840"></status>
</suite>
<status status="FAIL" starttime="20210316 17:39:53.786" endtime="20210316 17:41:28.850"></status>
</suite>
<statistics>
<total>
<stat pass="0" fail="5">Critical Tests</stat>
<stat pass="0" fail="5">All Tests</stat>
</total>
<tag>
</tag>
<suite>
<stat pass="0" fail="5" id="s1" name="Suites">Suites</stat>
<stat pass="0" fail="5" id="s1-s1" name="Ddt1">Suites.Ddt1</stat>
</suite>
</statistics>
<errors>
</errors>
</robot>
