<?xml version="1.0" encoding="UTF-8"?>
<robot generator="Robot 3.2.2 (Python 3.8.7 on win32)" generated="20210316 17:41:09.018" rpa="false">
<suite id="s1" name="Suites">
<suite id="s1-s1" name="loginTest" source="C:\Users\chara\PycharmProjects\sample\Testcases\loginTest.robot">
<test id="s1-s1-t1" name="loginTest">
<kw name="open my browser" library="loginKeywords">
<arguments>
<arg>${siteurlname}</arg>
<arg>${browsername}</arg>
</arguments>
<kw name="Open Browser" library="SeleniumLibrary">
<doc>Opens a new browser instance to the given ``url``.</doc>
<arguments>
<arg>${siteurl}</arg>
<arg>${browser}</arg>
</arguments>
<msg timestamp="20210316 17:41:12.654" level="INFO">Opening browser 'chrome' to base url 'http://demo.guru99.com/test/newtours/'.</msg>
<status status="PASS" starttime="20210316 17:41:12.653" endtime="20210316 17:41:32.980"></status>
</kw>
<kw name="Maximize Browser Window" library="SeleniumLibrary">
<doc>Maximizes current browser window.</doc>
<status status="PASS" starttime="20210316 17:41:32.980" endtime="20210316 17:41:33.653"></status>
</kw>
<status status="PASS" starttime="20210316 17:41:12.652" endtime="20210316 17:41:33.654"></status>
</kw>
<kw name="enter username" library="loginKeywords">
<arguments>
<arg>${uname}</arg>
</arguments>
<kw name="Input Text" library="SeleniumLibrary">
<doc>Types the given ``text`` into text field identified by ``locator``.</doc>
<arguments>
<arg>${txt_loginusername}</arg>
<arg>${username}</arg>
</arguments>
<msg timestamp="20210316 17:41:33.655" level="INFO">Typing text 'tutorial' into text field 'xpath://input[@name='userName']'.</msg>
<kw name="Capture Page Screenshot" library="SeleniumLibrary">
<doc>Takes screenshot of the current page and embeds it into log file.</doc>
<msg timestamp="20210316 17:41:33.958" level="INFO" html="yes">&lt;/td&gt;&lt;/tr&gt;&lt;tr&gt;&lt;td colspan="3"&gt;&lt;a href="selenium-screenshot-1.png"&gt;&lt;img src="selenium-screenshot-1.png" width="800px"&gt;&lt;/a&gt;</msg>
<status status="PASS" starttime="20210316 17:41:33.682" endtime="20210316 17:41:33.958"></status>
</kw>
<msg timestamp="20210316 17:41:33.962" level="FAIL">Element with locator 'xpath://input[@name='userName']' not found.</msg>
<status status="FAIL" starttime="20210316 17:41:33.654" endtime="20210316 17:41:33.962"></status>
</kw>
<status status="FAIL" starttime="20210316 17:41:33.654" endtime="20210316 17:41:33.963"></status>
</kw>
<status status="FAIL" starttime="20210316 17:41:12.651" endtime="20210316 17:41:33.963" critical="yes">Element with locator 'xpath://input[@name='userName']' not found.</status>
</test>
<status status="FAIL" starttime="20210316 17:41:09.250" endtime="20210316 17:41:33.965"></status>
</suite>
<status status="FAIL" starttime="20210316 17:41:09.022" endtime="20210316 17:41:33.968"></status>
</suite>
<statistics>
<total>
<stat pass="0" fail="1">Critical Tests</stat>
<stat pass="0" fail="1">All Tests</stat>
</total>
<tag>
</tag>
<suite>
<stat pass="0" fail="1" id="s1" name="Suites">Suites</stat>
<stat pass="0" fail="1" id="s1-s1" name="loginTest">Suites.loginTest</stat>
</suite>
</statistics>
<errors>
</errors>
</robot>
