<?xml version="1.0" encoding="UTF-8"?>
<robot generator="Robot 3.2.2 (Python 3.8.7 on win32)" generated="20210316 17:39:51.161" rpa="false">
<suite id="s1" name="Suites">
<suite id="s1-s1" name="Capturescreen" source="C:\Users\chara\PycharmProjects\sample\Testcases\capturescreen.robot">
<test id="s1-s1-t1" name="Capture Screenshot">
<kw name="Open Browser" library="SeleniumLibrary">
<doc>Opens a new browser instance to the given ``url``.</doc>
<arguments>
<arg>https://opensource-demo.orangehrmlive.com/</arg>
<arg>chrome</arg>
</arguments>
<msg timestamp="20210316 17:39:51.839" level="INFO">Opening browser 'chrome' to base url 'https://opensource-demo.orangehrmlive.com/'.</msg>
<status status="PASS" starttime="20210316 17:39:51.838" endtime="20210316 17:40:51.615"></status>
</kw>
<kw name="Maximize Browser Window" library="SeleniumLibrary">
<doc>Maximizes current browser window.</doc>
<status status="PASS" starttime="20210316 17:40:51.615" endtime="20210316 17:40:52.475"></status>
</kw>
<kw name="Input Text" library="SeleniumLibrary">
<doc>Types the given ``text`` into text field identified by ``locator``.</doc>
<arguments>
<arg>xpath://input[@id='txtUsername']</arg>
<arg>Admin</arg>
</arguments>
<msg timestamp="20210316 17:40:52.476" level="INFO">Typing text 'Admin' into text field 'xpath://input[@id='txtUsername']'.</msg>
<status status="PASS" starttime="20210316 17:40:52.475" endtime="20210316 17:40:59.551"></status>
</kw>
<kw name="Input Text" library="SeleniumLibrary">
<doc>Types the given ``text`` into text field identified by ``locator``.</doc>
<arguments>
<arg>xpath://input[@id='txtPassword']</arg>
<arg>admin123</arg>
</arguments>
<msg timestamp="20210316 17:40:59.552" level="INFO">Typing text 'admin123' into text field 'xpath://input[@id='txtPassword']'.</msg>
<status status="PASS" starttime="20210316 17:40:59.551" endtime="20210316 17:41:02.540"></status>
</kw>
<kw name="Sleep" library="BuiltIn">
<doc>Pauses the test executed for the given time.</doc>
<arguments>
<arg>2</arg>
</arguments>
<msg timestamp="20210316 17:41:04.555" level="INFO">Slept 2 seconds</msg>
<status status="PASS" starttime="20210316 17:41:02.540" endtime="20210316 17:41:04.555"></status>
</kw>
<kw name="Set Screenshot Directory" library="SeleniumLibrary">
<doc>Sets the directory for captured screenshots.</doc>
<arguments>
<arg>C:/Users/chara/PycharmProjects/sample/Screenshots</arg>
</arguments>
<status status="PASS" starttime="20210316 17:41:04.556" endtime="20210316 17:41:04.563"></status>
</kw>
<kw name="Capture Page Screenshot" library="SeleniumLibrary">
<doc>Takes screenshot of the current page and embeds it into log file.</doc>
<arguments>
<arg>page3.png</arg>
</arguments>
<msg timestamp="20210316 17:41:06.117" level="INFO" html="yes">&lt;/td&gt;&lt;/tr&gt;&lt;tr&gt;&lt;td colspan="3"&gt;&lt;a href="../../Screenshots/page3.png"&gt;&lt;img src="../../Screenshots/page3.png" width="800px"&gt;&lt;/a&gt;</msg>
<status status="PASS" starttime="20210316 17:41:04.565" endtime="20210316 17:41:06.117"></status>
</kw>
<kw name="Close Browser" library="SeleniumLibrary">
<doc>Closes the current browser.</doc>
<status status="PASS" starttime="20210316 17:41:06.118" endtime="20210316 17:41:29.391"></status>
</kw>
<status status="PASS" starttime="20210316 17:39:51.837" endtime="20210316 17:41:29.398" critical="yes"></status>
</test>
<status status="PASS" starttime="20210316 17:39:51.233" endtime="20210316 17:41:29.406"></status>
</suite>
<status status="PASS" starttime="20210316 17:39:51.164" endtime="20210316 17:41:29.410"></status>
</suite>
<statistics>
<total>
<stat pass="1" fail="0">Critical Tests</stat>
<stat pass="1" fail="0">All Tests</stat>
</total>
<tag>
</tag>
<suite>
<stat pass="1" fail="0" id="s1" name="Suites">Suites</stat>
<stat pass="1" fail="0" id="s1-s1" name="Capturescreen">Suites.Capturescreen</stat>
</suite>
</statistics>
<errors>
</errors>
</robot>
