<?xml version="1.0" encoding="UTF-8"?>
<robot generator="Robot 3.2.2 (Python 3.8.7 on win32)" generated="20210316 17:39:52.252" rpa="false">
<suite id="s1" name="Suites">
<suite id="s1-s1" name="Ddt3" source="C:\Users\chara\PycharmProjects\sample\Testcases\ddt3.robot">
<kw name="openMybrowser" library="login_resources" type="setup">
<kw name="Open Browser" library="SeleniumLibrary">
<doc>Opens a new browser instance to the given ``url``.</doc>
<arguments>
<arg>${url}</arg>
<arg>${browser}</arg>
</arguments>
<msg timestamp="20210316 17:39:57.128" level="INFO">Opening browser 'chrome' to base url 'https://admin-demo.nopcommerce.com/'.</msg>
<status status="PASS" starttime="20210316 17:39:57.127" endtime="20210316 17:40:36.167"></status>
</kw>
<kw name="Maximize Browser Window" library="SeleniumLibrary">
<doc>Maximizes current browser window.</doc>
<status status="PASS" starttime="20210316 17:40:36.168" endtime="20210316 17:40:37.516"></status>
</kw>
<status status="PASS" starttime="20210316 17:39:57.126" endtime="20210316 17:40:37.517"></status>
</kw>
<test id="s1-s1-t1" name="LoginTestwithCSV using admin@yourstore.com admi">
<kw name="validLoginScenario's">
<arguments>
<arg>admin@yourstore.com</arg>
<arg>admi</arg>
</arguments>
<kw name="input username" library="login_resources">
<arguments>
<arg>${username}</arg>
</arguments>
<kw name="Input Text" library="SeleniumLibrary">
<doc>Types the given ``text`` into text field identified by ``locator``.</doc>
<arguments>
<arg>xpath://input[@id='Email']</arg>
<arg>${username}</arg>
</arguments>
<msg timestamp="20210316 17:40:37.520" level="INFO">Typing text 'admin@yourstore.com' into text field 'xpath://input[@id='Email']'.</msg>
<kw name="Capture Page Screenshot" library="SeleniumLibrary">
<doc>Takes screenshot of the current page and embeds it into log file.</doc>
<msg timestamp="20210316 17:40:38.925" level="INFO" html="yes">&lt;/td&gt;&lt;/tr&gt;&lt;tr&gt;&lt;td colspan="3"&gt;&lt;a href="selenium-screenshot-1.png"&gt;&lt;img src="selenium-screenshot-1.png" width="800px"&gt;&lt;/a&gt;</msg>
<status status="PASS" starttime="20210316 17:40:37.996" endtime="20210316 17:40:38.925"></status>
</kw>
<msg timestamp="20210316 17:40:38.930" level="FAIL">Element with locator 'xpath://input[@id='Email']' not found.</msg>
<status status="FAIL" starttime="20210316 17:40:37.520" endtime="20210316 17:40:38.931"></status>
</kw>
<status status="FAIL" starttime="20210316 17:40:37.519" endtime="20210316 17:40:38.931"></status>
</kw>
<status status="FAIL" starttime="20210316 17:40:37.518" endtime="20210316 17:40:38.931"></status>
</kw>
<status status="FAIL" starttime="20210316 17:40:37.517" endtime="20210316 17:40:38.932" critical="yes">Element with locator 'xpath://input[@id='Email']' not found.</status>
</test>
<test id="s1-s1-t2" name="LoginTestwithCSV using charan@yourstore.com admin">
<kw name="validLoginScenario's">
<arguments>
<arg>charan@yourstore.com</arg>
<arg>admin</arg>
</arguments>
<kw name="input username" library="login_resources">
<arguments>
<arg>${username}</arg>
</arguments>
<kw name="Input Text" library="SeleniumLibrary">
<doc>Types the given ``text`` into text field identified by ``locator``.</doc>
<arguments>
<arg>xpath://input[@id='Email']</arg>
<arg>${username}</arg>
</arguments>
<msg timestamp="20210316 17:40:38.935" level="INFO">Typing text 'charan@yourstore.com' into text field 'xpath://input[@id='Email']'.</msg>
<kw name="Capture Page Screenshot" library="SeleniumLibrary">
<doc>Takes screenshot of the current page and embeds it into log file.</doc>
<msg timestamp="20210316 17:40:40.941" level="INFO" html="yes">&lt;/td&gt;&lt;/tr&gt;&lt;tr&gt;&lt;td colspan="3"&gt;&lt;a href="selenium-screenshot-2.png"&gt;&lt;img src="selenium-screenshot-2.png" width="800px"&gt;&lt;/a&gt;</msg>
<status status="PASS" starttime="20210316 17:40:39.530" endtime="20210316 17:40:40.942"></status>
</kw>
<msg timestamp="20210316 17:40:40.945" level="FAIL">Element with locator 'xpath://input[@id='Email']' not found.</msg>
<status status="FAIL" starttime="20210316 17:40:38.935" endtime="20210316 17:40:40.945"></status>
</kw>
<status status="FAIL" starttime="20210316 17:40:38.934" endtime="20210316 17:40:40.945"></status>
</kw>
<status status="FAIL" starttime="20210316 17:40:38.934" endtime="20210316 17:40:40.945"></status>
</kw>
<status status="FAIL" starttime="20210316 17:40:38.933" endtime="20210316 17:40:40.946" critical="yes">Element with locator 'xpath://input[@id='Email']' not found.</status>
</test>
<test id="s1-s1-t3" name="LoginTestwithCSV using kartheek@yourstore.com admi">
<kw name="validLoginScenario's">
<arguments>
<arg>kartheek@yourstore.com</arg>
<arg>admi</arg>
</arguments>
<kw name="input username" library="login_resources">
<arguments>
<arg>${username}</arg>
</arguments>
<kw name="Input Text" library="SeleniumLibrary">
<doc>Types the given ``text`` into text field identified by ``locator``.</doc>
<arguments>
<arg>xpath://input[@id='Email']</arg>
<arg>${username}</arg>
</arguments>
<msg timestamp="20210316 17:40:40.950" level="INFO">Typing text 'kartheek@yourstore.com' into text field 'xpath://input[@id='Email']'.</msg>
<kw name="Capture Page Screenshot" library="SeleniumLibrary">
<doc>Takes screenshot of the current page and embeds it into log file.</doc>
<msg timestamp="20210316 17:40:42.355" level="INFO" html="yes">&lt;/td&gt;&lt;/tr&gt;&lt;tr&gt;&lt;td colspan="3"&gt;&lt;a href="selenium-screenshot-3.png"&gt;&lt;img src="selenium-screenshot-3.png" width="800px"&gt;&lt;/a&gt;</msg>
<status status="PASS" starttime="20210316 17:40:41.468" endtime="20210316 17:40:42.356"></status>
</kw>
<msg timestamp="20210316 17:40:42.358" level="FAIL">Element with locator 'xpath://input[@id='Email']' not found.</msg>
<status status="FAIL" starttime="20210316 17:40:40.950" endtime="20210316 17:40:42.358"></status>
</kw>
<status status="FAIL" starttime="20210316 17:40:40.950" endtime="20210316 17:40:42.358"></status>
</kw>
<status status="FAIL" starttime="20210316 17:40:40.949" endtime="20210316 17:40:42.358"></status>
</kw>
<status status="FAIL" starttime="20210316 17:40:40.948" endtime="20210316 17:40:42.359" critical="yes">Element with locator 'xpath://input[@id='Email']' not found.</status>
</test>
<test id="s1-s1-t4" name="LoginTestwithCSV using admin@yourstore.com admin">
<kw name="validLoginScenario's">
<arguments>
<arg>admin@yourstore.com</arg>
<arg>admin</arg>
</arguments>
<kw name="input username" library="login_resources">
<arguments>
<arg>${username}</arg>
</arguments>
<kw name="Input Text" library="SeleniumLibrary">
<doc>Types the given ``text`` into text field identified by ``locator``.</doc>
<arguments>
<arg>xpath://input[@id='Email']</arg>
<arg>${username}</arg>
</arguments>
<msg timestamp="20210316 17:40:42.364" level="INFO">Typing text 'admin@yourstore.com' into text field 'xpath://input[@id='Email']'.</msg>
<kw name="Capture Page Screenshot" library="SeleniumLibrary">
<doc>Takes screenshot of the current page and embeds it into log file.</doc>
<msg timestamp="20210316 17:40:43.469" level="INFO" html="yes">&lt;/td&gt;&lt;/tr&gt;&lt;tr&gt;&lt;td colspan="3"&gt;&lt;a href="selenium-screenshot-4.png"&gt;&lt;img src="selenium-screenshot-4.png" width="800px"&gt;&lt;/a&gt;</msg>
<status status="PASS" starttime="20210316 17:40:42.574" endtime="20210316 17:40:43.470"></status>
</kw>
<msg timestamp="20210316 17:40:43.471" level="FAIL">Element with locator 'xpath://input[@id='Email']' not found.</msg>
<status status="FAIL" starttime="20210316 17:40:42.363" endtime="20210316 17:40:43.471"></status>
</kw>
<status status="FAIL" starttime="20210316 17:40:42.362" endtime="20210316 17:40:43.472"></status>
</kw>
<status status="FAIL" starttime="20210316 17:40:42.361" endtime="20210316 17:40:43.472"></status>
</kw>
<status status="FAIL" starttime="20210316 17:40:42.360" endtime="20210316 17:40:43.472" critical="yes">Element with locator 'xpath://input[@id='Email']' not found.</status>
</test>
<kw name="CloseAllMyBrowsers" library="login_resources" type="teardown">
<kw name="Close All Browsers" library="SeleniumLibrary">
<doc>Closes all open browsers and resets the browser cache.</doc>
<status status="PASS" starttime="20210316 17:40:43.477" endtime="20210316 17:41:29.284"></status>
</kw>
<status status="PASS" starttime="20210316 17:40:43.476" endtime="20210316 17:41:29.285"></status>
</kw>
<status status="FAIL" starttime="20210316 17:39:52.371" endtime="20210316 17:41:29.285"></status>
</suite>
<status status="FAIL" starttime="20210316 17:39:52.257" endtime="20210316 17:41:29.291"></status>
</suite>
<statistics>
<total>
<stat pass="0" fail="4">Critical Tests</stat>
<stat pass="0" fail="4">All Tests</stat>
</total>
<tag>
</tag>
<suite>
<stat pass="0" fail="4" id="s1" name="Suites">Suites</stat>
<stat pass="0" fail="4" id="s1-s1" name="Ddt3">Suites.Ddt3</stat>
</suite>
</statistics>
<errors>
<msg timestamp="20210316 17:39:56.989" level="ERROR">Error in file 'C:\Users\chara\PycharmProjects\sample\Testcases\ddt3.robot' on line 5: Importing test library 'xlrd' failed: ModuleNotFoundError: No module named 'xlrd'
Traceback (most recent call last):
  None
PYTHONPATH:
  C:\Users\chara\PycharmProjects\sample\venv\Scripts\robot.exe
  C:\Users\chara\AppData\Local\Programs\Python\Python38\python38.zip
  C:\Users\chara\AppData\Local\Programs\Python\Python38\DLLs
  C:\Users\chara\AppData\Local\Programs\Python\Python38\lib
  C:\Users\chara\AppData\Local\Programs\Python\Python38
  c:\users\chara\pycharmprojects\sample\venv
  c:\users\chara\pycharmprojects\sample\venv\lib\site-packages</msg>
</errors>
</robot>
