<?xml version="1.0" encoding="UTF-8"?>
<robot generator="Robot 3.2.2 (Python 3.8.7 on win32)" generated="20210316 17:43:47.179" rpa="false">
<suite id="s1" name="Suites">
<suite id="s1-s1" name="Forloop" source="C:\Users\chara\PycharmProjects\sample\Testcases\forloop.robot">
<test id="s1-s1-t1" name="Forloop1">
<kw name="${i} IN RANGE [ 1 | 12 ]" type="for">
<msg timestamp="20210316 17:43:47.311" level="WARN">Error in file 'C:\Users\chara\PycharmProjects\sample\Testcases\forloop.robot' in FOR loop starting on line 4: For loop header ':FOR' is deprecated. Use 'FOR' instead.</msg>
<msg timestamp="20210316 17:43:47.311" level="WARN">Error in file 'C:\Users\chara\PycharmProjects\sample\Testcases\forloop.robot' in FOR loop starting on line 4: Marking for loop body with '\' is deprecated. Remove markers and use 'END' instead.</msg>
<kw name="${i} = 1" type="foritem">
<kw name="Log To Console" library="BuiltIn">
<doc>Logs the given message to the console.</doc>
<arguments>
<arg>${i}</arg>
</arguments>
<status status="PASS" starttime="20210316 17:43:47.312" endtime="20210316 17:43:47.313"></status>
</kw>
<status status="PASS" starttime="20210316 17:43:47.312" endtime="20210316 17:43:47.313"></status>
</kw>
<kw name="${i} = 2" type="foritem">
<kw name="Log To Console" library="BuiltIn">
<doc>Logs the given message to the console.</doc>
<arguments>
<arg>${i}</arg>
</arguments>
<status status="PASS" starttime="20210316 17:43:47.313" endtime="20210316 17:43:47.314"></status>
</kw>
<status status="PASS" starttime="20210316 17:43:47.313" endtime="20210316 17:43:47.314"></status>
</kw>
<kw name="${i} = 3" type="foritem">
<kw name="Log To Console" library="BuiltIn">
<doc>Logs the given message to the console.</doc>
<arguments>
<arg>${i}</arg>
</arguments>
<status status="PASS" starttime="20210316 17:43:47.314" endtime="20210316 17:43:47.314"></status>
</kw>
<status status="PASS" starttime="20210316 17:43:47.314" endtime="20210316 17:43:47.315"></status>
</kw>
<kw name="${i} = 4" type="foritem">
<kw name="Log To Console" library="BuiltIn">
<doc>Logs the given message to the console.</doc>
<arguments>
<arg>${i}</arg>
</arguments>
<status status="PASS" starttime="20210316 17:43:47.315" endtime="20210316 17:43:47.315"></status>
</kw>
<status status="PASS" starttime="20210316 17:43:47.315" endtime="20210316 17:43:47.315"></status>
</kw>
<kw name="${i} = 5" type="foritem">
<kw name="Log To Console" library="BuiltIn">
<doc>Logs the given message to the console.</doc>
<arguments>
<arg>${i}</arg>
</arguments>
<status status="PASS" starttime="20210316 17:43:47.316" endtime="20210316 17:43:47.316"></status>
</kw>
<status status="PASS" starttime="20210316 17:43:47.315" endtime="20210316 17:43:47.316"></status>
</kw>
<kw name="${i} = 6" type="foritem">
<kw name="Log To Console" library="BuiltIn">
<doc>Logs the given message to the console.</doc>
<arguments>
<arg>${i}</arg>
</arguments>
<status status="PASS" starttime="20210316 17:43:47.316" endtime="20210316 17:43:47.317"></status>
</kw>
<status status="PASS" starttime="20210316 17:43:47.316" endtime="20210316 17:43:47.317"></status>
</kw>
<kw name="${i} = 7" type="foritem">
<kw name="Log To Console" library="BuiltIn">
<doc>Logs the given message to the console.</doc>
<arguments>
<arg>${i}</arg>
</arguments>
<status status="PASS" starttime="20210316 17:43:47.317" endtime="20210316 17:43:47.317"></status>
</kw>
<status status="PASS" starttime="20210316 17:43:47.317" endtime="20210316 17:43:47.317"></status>
</kw>
<kw name="${i} = 8" type="foritem">
<kw name="Log To Console" library="BuiltIn">
<doc>Logs the given message to the console.</doc>
<arguments>
<arg>${i}</arg>
</arguments>
<status status="PASS" starttime="20210316 17:43:47.318" endtime="20210316 17:43:47.318"></status>
</kw>
<status status="PASS" starttime="20210316 17:43:47.317" endtime="20210316 17:43:47.318"></status>
</kw>
<kw name="${i} = 9" type="foritem">
<kw name="Log To Console" library="BuiltIn">
<doc>Logs the given message to the console.</doc>
<arguments>
<arg>${i}</arg>
</arguments>
<status status="PASS" starttime="20210316 17:43:47.318" endtime="20210316 17:43:47.319"></status>
</kw>
<status status="PASS" starttime="20210316 17:43:47.318" endtime="20210316 17:43:47.319"></status>
</kw>
<kw name="${i} = 10" type="foritem">
<kw name="Log To Console" library="BuiltIn">
<doc>Logs the given message to the console.</doc>
<arguments>
<arg>${i}</arg>
</arguments>
<status status="PASS" starttime="20210316 17:43:47.319" endtime="20210316 17:43:47.319"></status>
</kw>
<status status="PASS" starttime="20210316 17:43:47.319" endtime="20210316 17:43:47.320"></status>
</kw>
<kw name="${i} = 11" type="foritem">
<kw name="Log To Console" library="BuiltIn">
<doc>Logs the given message to the console.</doc>
<arguments>
<arg>${i}</arg>
</arguments>
<status status="PASS" starttime="20210316 17:43:47.320" endtime="20210316 17:43:47.320"></status>
</kw>
<status status="PASS" starttime="20210316 17:43:47.320" endtime="20210316 17:43:47.320"></status>
</kw>
<status status="PASS" starttime="20210316 17:43:47.311" endtime="20210316 17:43:47.320"></status>
</kw>
<status status="PASS" starttime="20210316 17:43:47.310" endtime="20210316 17:43:47.320" critical="yes"></status>
</test>
<test id="s1-s1-t2" name="Forloop2">
<kw name="${i} IN [ 1 | 2 | 3 | 4 | 5 | 6 | 7 | 8 ]" type="for">
<msg timestamp="20210316 17:43:47.322" level="WARN">Error in file 'C:\Users\chara\PycharmProjects\sample\Testcases\forloop.robot' in FOR loop starting on line 8: For loop header ':FOR' is deprecated. Use 'FOR' instead.</msg>
<msg timestamp="20210316 17:43:47.322" level="WARN">Error in file 'C:\Users\chara\PycharmProjects\sample\Testcases\forloop.robot' in FOR loop starting on line 8: Marking for loop body with '\' is deprecated. Remove markers and use 'END' instead.</msg>
<kw name="${i} = 1" type="foritem">
<kw name="Log To Console" library="BuiltIn">
<doc>Logs the given message to the console.</doc>
<arguments>
<arg>${i}</arg>
</arguments>
<status status="PASS" starttime="20210316 17:43:47.333" endtime="20210316 17:43:47.333"></status>
</kw>
<status status="PASS" starttime="20210316 17:43:47.332" endtime="20210316 17:43:47.333"></status>
</kw>
<kw name="${i} = 2" type="foritem">
<kw name="Log To Console" library="BuiltIn">
<doc>Logs the given message to the console.</doc>
<arguments>
<arg>${i}</arg>
</arguments>
<status status="PASS" starttime="20210316 17:43:47.333" endtime="20210316 17:43:47.334"></status>
</kw>
<status status="PASS" starttime="20210316 17:43:47.333" endtime="20210316 17:43:47.334"></status>
</kw>
<kw name="${i} = 3" type="foritem">
<kw name="Log To Console" library="BuiltIn">
<doc>Logs the given message to the console.</doc>
<arguments>
<arg>${i}</arg>
</arguments>
<status status="PASS" starttime="20210316 17:43:47.335" endtime="20210316 17:43:47.336"></status>
</kw>
<status status="PASS" starttime="20210316 17:43:47.334" endtime="20210316 17:43:47.336"></status>
</kw>
<kw name="${i} = 4" type="foritem">
<kw name="Log To Console" library="BuiltIn">
<doc>Logs the given message to the console.</doc>
<arguments>
<arg>${i}</arg>
</arguments>
<status status="PASS" starttime="20210316 17:43:47.336" endtime="20210316 17:43:47.336"></status>
</kw>
<status status="PASS" starttime="20210316 17:43:47.336" endtime="20210316 17:43:47.338"></status>
</kw>
<kw name="${i} = 5" type="foritem">
<kw name="Log To Console" library="BuiltIn">
<doc>Logs the given message to the console.</doc>
<arguments>
<arg>${i}</arg>
</arguments>
<status status="PASS" starttime="20210316 17:43:47.339" endtime="20210316 17:43:47.340"></status>
</kw>
<status status="PASS" starttime="20210316 17:43:47.338" endtime="20210316 17:43:47.340"></status>
</kw>
<kw name="${i} = 6" type="foritem">
<kw name="Log To Console" library="BuiltIn">
<doc>Logs the given message to the console.</doc>
<arguments>
<arg>${i}</arg>
</arguments>
<status status="PASS" starttime="20210316 17:43:47.340" endtime="20210316 17:43:47.344"></status>
</kw>
<status status="PASS" starttime="20210316 17:43:47.340" endtime="20210316 17:43:47.344"></status>
</kw>
<kw name="${i} = 7" type="foritem">
<kw name="Log To Console" library="BuiltIn">
<doc>Logs the given message to the console.</doc>
<arguments>
<arg>${i}</arg>
</arguments>
<status status="PASS" starttime="20210316 17:43:47.345" endtime="20210316 17:43:47.345"></status>
</kw>
<status status="PASS" starttime="20210316 17:43:47.345" endtime="20210316 17:43:47.346"></status>
</kw>
<kw name="${i} = 8" type="foritem">
<kw name="Log To Console" library="BuiltIn">
<doc>Logs the given message to the console.</doc>
<arguments>
<arg>${i}</arg>
</arguments>
<status status="PASS" starttime="20210316 17:43:47.346" endtime="20210316 17:43:47.346"></status>
</kw>
<status status="PASS" starttime="20210316 17:43:47.346" endtime="20210316 17:43:47.346"></status>
</kw>
<status status="PASS" starttime="20210316 17:43:47.322" endtime="20210316 17:43:47.346"></status>
</kw>
<status status="PASS" starttime="20210316 17:43:47.321" endtime="20210316 17:43:47.347" critical="yes"></status>
</test>
<test id="s1-s1-t3" name="Forloop3withlist">
<kw name="Create List" library="BuiltIn">
<doc>Returns a list containing given items.</doc>
<arguments>
<arg>1</arg>
<arg>2</arg>
<arg>3</arg>
<arg>4</arg>
<arg>5</arg>
</arguments>
<assign>
<var>@{items}</var>
</assign>
<msg timestamp="20210316 17:43:47.352" level="INFO">@{items} = [ 1 | 2 | 3 | 4 | 5 ]</msg>
<status status="PASS" starttime="20210316 17:43:47.352" endtime="20210316 17:43:47.352"></status>
</kw>
<kw name="${i} IN [ @{items} ]" type="for">
<msg timestamp="20210316 17:43:47.353" level="WARN">Error in file 'C:\Users\chara\PycharmProjects\sample\Testcases\forloop.robot' in FOR loop starting on line 13: For loop header ':FOR' is deprecated. Use 'FOR' instead.</msg>
<msg timestamp="20210316 17:43:47.353" level="WARN">Error in file 'C:\Users\chara\PycharmProjects\sample\Testcases\forloop.robot' in FOR loop starting on line 13: Marking for loop body with '\' is deprecated. Remove markers and use 'END' instead.</msg>
<kw name="${i} = 1" type="foritem">
<kw name="Log To Console" library="BuiltIn">
<doc>Logs the given message to the console.</doc>
<arguments>
<arg>${i}</arg>
</arguments>
<status status="PASS" starttime="20210316 17:43:47.354" endtime="20210316 17:43:47.354"></status>
</kw>
<status status="PASS" starttime="20210316 17:43:47.353" endtime="20210316 17:43:47.354"></status>
</kw>
<kw name="${i} = 2" type="foritem">
<kw name="Log To Console" library="BuiltIn">
<doc>Logs the given message to the console.</doc>
<arguments>
<arg>${i}</arg>
</arguments>
<status status="PASS" starttime="20210316 17:43:47.354" endtime="20210316 17:43:47.354"></status>
</kw>
<status status="PASS" starttime="20210316 17:43:47.354" endtime="20210316 17:43:47.355"></status>
</kw>
<kw name="${i} = 3" type="foritem">
<kw name="Log To Console" library="BuiltIn">
<doc>Logs the given message to the console.</doc>
<arguments>
<arg>${i}</arg>
</arguments>
<status status="PASS" starttime="20210316 17:43:47.357" endtime="20210316 17:43:47.358"></status>
</kw>
<status status="PASS" starttime="20210316 17:43:47.356" endtime="20210316 17:43:47.358"></status>
</kw>
<kw name="${i} = 4" type="foritem">
<kw name="Log To Console" library="BuiltIn">
<doc>Logs the given message to the console.</doc>
<arguments>
<arg>${i}</arg>
</arguments>
<status status="PASS" starttime="20210316 17:43:47.358" endtime="20210316 17:43:47.359"></status>
</kw>
<status status="PASS" starttime="20210316 17:43:47.358" endtime="20210316 17:43:47.359"></status>
</kw>
<kw name="${i} = 5" type="foritem">
<kw name="Log To Console" library="BuiltIn">
<doc>Logs the given message to the console.</doc>
<arguments>
<arg>${i}</arg>
</arguments>
<status status="PASS" starttime="20210316 17:43:47.359" endtime="20210316 17:43:47.359"></status>
</kw>
<status status="PASS" starttime="20210316 17:43:47.359" endtime="20210316 17:43:47.359"></status>
</kw>
<status status="PASS" starttime="20210316 17:43:47.352" endtime="20210316 17:43:47.359"></status>
</kw>
<status status="PASS" starttime="20210316 17:43:47.351" endtime="20210316 17:43:47.360" critical="yes"></status>
</test>
<test id="s1-s1-t4" name="Forloop4">
<kw name="${i} IN [ john | david | charan | kartheek | budama | avyukth | suvchay ]" type="for">
<msg timestamp="20210316 17:43:47.360" level="WARN">Error in file 'C:\Users\chara\PycharmProjects\sample\Testcases\forloop.robot' in FOR loop starting on line 17: For loop header ':FOR' is deprecated. Use 'FOR' instead.</msg>
<msg timestamp="20210316 17:43:47.361" level="WARN">Error in file 'C:\Users\chara\PycharmProjects\sample\Testcases\forloop.robot' in FOR loop starting on line 17: Marking for loop body with '\' is deprecated. Remove markers and use 'END' instead.</msg>
<kw name="${i} = john" type="foritem">
<kw name="Log To Console" library="BuiltIn">
<doc>Logs the given message to the console.</doc>
<arguments>
<arg>${i}</arg>
</arguments>
<status status="PASS" starttime="20210316 17:43:47.361" endtime="20210316 17:43:47.361"></status>
</kw>
<status status="PASS" starttime="20210316 17:43:47.361" endtime="20210316 17:43:47.361"></status>
</kw>
<kw name="${i} = david" type="foritem">
<kw name="Log To Console" library="BuiltIn">
<doc>Logs the given message to the console.</doc>
<arguments>
<arg>${i}</arg>
</arguments>
<status status="PASS" starttime="20210316 17:43:47.362" endtime="20210316 17:43:47.362"></status>
</kw>
<status status="PASS" starttime="20210316 17:43:47.362" endtime="20210316 17:43:47.362"></status>
</kw>
<kw name="${i} = charan" type="foritem">
<kw name="Log To Console" library="BuiltIn">
<doc>Logs the given message to the console.</doc>
<arguments>
<arg>${i}</arg>
</arguments>
<status status="PASS" starttime="20210316 17:43:47.362" endtime="20210316 17:43:47.363"></status>
</kw>
<status status="PASS" starttime="20210316 17:43:47.362" endtime="20210316 17:43:47.363"></status>
</kw>
<kw name="${i} = kartheek" type="foritem">
<kw name="Log To Console" library="BuiltIn">
<doc>Logs the given message to the console.</doc>
<arguments>
<arg>${i}</arg>
</arguments>
<status status="PASS" starttime="20210316 17:43:47.363" endtime="20210316 17:43:47.363"></status>
</kw>
<status status="PASS" starttime="20210316 17:43:47.363" endtime="20210316 17:43:47.363"></status>
</kw>
<kw name="${i} = budama" type="foritem">
<kw name="Log To Console" library="BuiltIn">
<doc>Logs the given message to the console.</doc>
<arguments>
<arg>${i}</arg>
</arguments>
<status status="PASS" starttime="20210316 17:43:47.363" endtime="20210316 17:43:47.364"></status>
</kw>
<status status="PASS" starttime="20210316 17:43:47.363" endtime="20210316 17:43:47.364"></status>
</kw>
<kw name="${i} = avyukth" type="foritem">
<kw name="Log To Console" library="BuiltIn">
<doc>Logs the given message to the console.</doc>
<arguments>
<arg>${i}</arg>
</arguments>
<status status="PASS" starttime="20210316 17:43:47.364" endtime="20210316 17:43:47.364"></status>
</kw>
<status status="PASS" starttime="20210316 17:43:47.364" endtime="20210316 17:43:47.364"></status>
</kw>
<kw name="${i} = suvchay" type="foritem">
<kw name="Log To Console" library="BuiltIn">
<doc>Logs the given message to the console.</doc>
<arguments>
<arg>${i}</arg>
</arguments>
<status status="PASS" starttime="20210316 17:43:47.366" endtime="20210316 17:43:47.366"></status>
</kw>
<status status="PASS" starttime="20210316 17:43:47.364" endtime="20210316 17:43:47.366"></status>
</kw>
<status status="PASS" starttime="20210316 17:43:47.360" endtime="20210316 17:43:47.366"></status>
</kw>
<status status="PASS" starttime="20210316 17:43:47.360" endtime="20210316 17:43:47.366" critical="yes"></status>
</test>
<test id="s1-s1-t5" name="Forloop5">
<kw name="Create List" library="BuiltIn">
<doc>Returns a list containing given items.</doc>
<arguments>
<arg>john</arg>
<arg>david</arg>
<arg>charan</arg>
<arg>kartheek</arg>
<arg>budama</arg>
<arg>avyukth</arg>
<arg>suvchay</arg>
</arguments>
<assign>
<var>@{namelist}</var>
</assign>
<msg timestamp="20210316 17:43:47.368" level="INFO">@{namelist} = [ john | david | charan | kartheek | budama | avyukth | suvchay ]</msg>
<status status="PASS" starttime="20210316 17:43:47.367" endtime="20210316 17:43:47.368"></status>
</kw>
<kw name="${i} IN [ @{namelist} ]" type="for">
<msg timestamp="20210316 17:43:47.368" level="WARN">Error in file 'C:\Users\chara\PycharmProjects\sample\Testcases\forloop.robot' in FOR loop starting on line 22: For loop header ':FOR' is deprecated. Use 'FOR' instead.</msg>
<msg timestamp="20210316 17:43:47.368" level="WARN">Error in file 'C:\Users\chara\PycharmProjects\sample\Testcases\forloop.robot' in FOR loop starting on line 22: Marking for loop body with '\' is deprecated. Remove markers and use 'END' instead.</msg>
<kw name="${i} = john" type="foritem">
<kw name="Log To Console" library="BuiltIn">
<doc>Logs the given message to the console.</doc>
<arguments>
<arg>${i}</arg>
</arguments>
<status status="PASS" starttime="20210316 17:43:47.369" endtime="20210316 17:43:47.369"></status>
</kw>
<status status="PASS" starttime="20210316 17:43:47.369" endtime="20210316 17:43:47.369"></status>
</kw>
<kw name="${i} = david" type="foritem">
<kw name="Log To Console" library="BuiltIn">
<doc>Logs the given message to the console.</doc>
<arguments>
<arg>${i}</arg>
</arguments>
<status status="PASS" starttime="20210316 17:43:47.370" endtime="20210316 17:43:47.370"></status>
</kw>
<status status="PASS" starttime="20210316 17:43:47.370" endtime="20210316 17:43:47.370"></status>
</kw>
<kw name="${i} = charan" type="foritem">
<kw name="Log To Console" library="BuiltIn">
<doc>Logs the given message to the console.</doc>
<arguments>
<arg>${i}</arg>
</arguments>
<status status="PASS" starttime="20210316 17:43:47.370" endtime="20210316 17:43:47.371"></status>
</kw>
<status status="PASS" starttime="20210316 17:43:47.370" endtime="20210316 17:43:47.371"></status>
</kw>
<kw name="${i} = kartheek" type="foritem">
<kw name="Log To Console" library="BuiltIn">
<doc>Logs the given message to the console.</doc>
<arguments>
<arg>${i}</arg>
</arguments>
<status status="PASS" starttime="20210316 17:43:47.371" endtime="20210316 17:43:47.371"></status>
</kw>
<status status="PASS" starttime="20210316 17:43:47.371" endtime="20210316 17:43:47.371"></status>
</kw>
<kw name="${i} = budama" type="foritem">
<kw name="Log To Console" library="BuiltIn">
<doc>Logs the given message to the console.</doc>
<arguments>
<arg>${i}</arg>
</arguments>
<status status="PASS" starttime="20210316 17:43:47.372" endtime="20210316 17:43:47.372"></status>
</kw>
<status status="PASS" starttime="20210316 17:43:47.371" endtime="20210316 17:43:47.372"></status>
</kw>
<kw name="${i} = avyukth" type="foritem">
<kw name="Log To Console" library="BuiltIn">
<doc>Logs the given message to the console.</doc>
<arguments>
<arg>${i}</arg>
</arguments>
<status status="PASS" starttime="20210316 17:43:47.372" endtime="20210316 17:43:47.372"></status>
</kw>
<status status="PASS" starttime="20210316 17:43:47.372" endtime="20210316 17:43:47.373"></status>
</kw>
<kw name="${i} = suvchay" type="foritem">
<kw name="Log To Console" library="BuiltIn">
<doc>Logs the given message to the console.</doc>
<arguments>
<arg>${i}</arg>
</arguments>
<status status="PASS" starttime="20210316 17:43:47.373" endtime="20210316 17:43:47.373"></status>
</kw>
<status status="PASS" starttime="20210316 17:43:47.373" endtime="20210316 17:43:47.373"></status>
</kw>
<status status="PASS" starttime="20210316 17:43:47.368" endtime="20210316 17:43:47.373"></status>
</kw>
<status status="PASS" starttime="20210316 17:43:47.367" endtime="20210316 17:43:47.373" critical="yes"></status>
</test>
<test id="s1-s1-t6" name="Forloop6withexit">
<kw name="Create List" library="BuiltIn">
<doc>Returns a list containing given items.</doc>
<arguments>
<arg>1</arg>
<arg>2</arg>
<arg>3</arg>
<arg>4</arg>
<arg>5</arg>
<arg>6</arg>
</arguments>
<assign>
<var>@{items}</var>
</assign>
<msg timestamp="20210316 17:43:47.376" level="INFO">@{items} = [ 1 | 2 | 3 | 4 | 5 | 6 ]</msg>
<status status="PASS" starttime="20210316 17:43:47.374" endtime="20210316 17:43:47.376"></status>
</kw>
<kw name="${i} IN [ @{items} ]" type="for">
<msg timestamp="20210316 17:43:47.376" level="WARN">Error in file 'C:\Users\chara\PycharmProjects\sample\Testcases\forloop.robot' in FOR loop starting on line 27: For loop header ':FOR' is deprecated. Use 'FOR' instead.</msg>
<msg timestamp="20210316 17:43:47.376" level="WARN">Error in file 'C:\Users\chara\PycharmProjects\sample\Testcases\forloop.robot' in FOR loop starting on line 27: Marking for loop body with '\' is deprecated. Remove markers and use 'END' instead.</msg>
<kw name="${i} = 1" type="foritem">
<kw name="Log To Console" library="BuiltIn">
<doc>Logs the given message to the console.</doc>
<arguments>
<arg>${i}</arg>
</arguments>
<status status="PASS" starttime="20210316 17:43:47.377" endtime="20210316 17:43:47.377"></status>
</kw>
<kw name="Exit For Loop If" library="BuiltIn">
<doc>Stops executing the enclosing for loop if the ``condition`` is true.</doc>
<arguments>
<arg>${i}==2</arg>
</arguments>
<status status="PASS" starttime="20210316 17:43:47.378" endtime="20210316 17:43:47.378"></status>
</kw>
<status status="PASS" starttime="20210316 17:43:47.377" endtime="20210316 17:43:47.378"></status>
</kw>
<kw name="${i} = 2" type="foritem">
<kw name="Log To Console" library="BuiltIn">
<doc>Logs the given message to the console.</doc>
<arguments>
<arg>${i}</arg>
</arguments>
<status status="PASS" starttime="20210316 17:43:47.416" endtime="20210316 17:43:47.417"></status>
</kw>
<kw name="Exit For Loop If" library="BuiltIn">
<doc>Stops executing the enclosing for loop if the ``condition`` is true.</doc>
<arguments>
<arg>${i}==2</arg>
</arguments>
<msg timestamp="20210316 17:43:47.417" level="INFO">Exiting for loop altogether.</msg>
<status status="PASS" starttime="20210316 17:43:47.417" endtime="20210316 17:43:47.418"></status>
</kw>
<status status="PASS" starttime="20210316 17:43:47.378" endtime="20210316 17:43:47.418"></status>
</kw>
<status status="PASS" starttime="20210316 17:43:47.376" endtime="20210316 17:43:47.418"></status>
</kw>
<status status="PASS" starttime="20210316 17:43:47.374" endtime="20210316 17:43:47.419" critical="yes"></status>
</test>
<status status="PASS" starttime="20210316 17:43:47.303" endtime="20210316 17:43:47.420"></status>
</suite>
<status status="PASS" starttime="20210316 17:43:47.210" endtime="20210316 17:43:47.421"></status>
</suite>
<statistics>
<total>
<stat pass="6" fail="0">Critical Tests</stat>
<stat pass="6" fail="0">All Tests</stat>
</total>
<tag>
</tag>
<suite>
<stat pass="6" fail="0" id="s1" name="Suites">Suites</stat>
<stat pass="6" fail="0" id="s1-s1" name="Forloop">Suites.Forloop</stat>
</suite>
</statistics>
<errors>
<msg timestamp="20210316 17:43:47.311" level="WARN">Error in file 'C:\Users\chara\PycharmProjects\sample\Testcases\forloop.robot' in FOR loop starting on line 4: For loop header ':FOR' is deprecated. Use 'FOR' instead.</msg>
<msg timestamp="20210316 17:43:47.311" level="WARN">Error in file 'C:\Users\chara\PycharmProjects\sample\Testcases\forloop.robot' in FOR loop starting on line 4: Marking for loop body with '\' is deprecated. Remove markers and use 'END' instead.</msg>
<msg timestamp="20210316 17:43:47.322" level="WARN">Error in file 'C:\Users\chara\PycharmProjects\sample\Testcases\forloop.robot' in FOR loop starting on line 8: For loop header ':FOR' is deprecated. Use 'FOR' instead.</msg>
<msg timestamp="20210316 17:43:47.322" level="WARN">Error in file 'C:\Users\chara\PycharmProjects\sample\Testcases\forloop.robot' in FOR loop starting on line 8: Marking for loop body with '\' is deprecated. Remove markers and use 'END' instead.</msg>
<msg timestamp="20210316 17:43:47.353" level="WARN">Error in file 'C:\Users\chara\PycharmProjects\sample\Testcases\forloop.robot' in FOR loop starting on line 13: For loop header ':FOR' is deprecated. Use 'FOR' instead.</msg>
<msg timestamp="20210316 17:43:47.353" level="WARN">Error in file 'C:\Users\chara\PycharmProjects\sample\Testcases\forloop.robot' in FOR loop starting on line 13: Marking for loop body with '\' is deprecated. Remove markers and use 'END' instead.</msg>
<msg timestamp="20210316 17:43:47.360" level="WARN">Error in file 'C:\Users\chara\PycharmProjects\sample\Testcases\forloop.robot' in FOR loop starting on line 17: For loop header ':FOR' is deprecated. Use 'FOR' instead.</msg>
<msg timestamp="20210316 17:43:47.361" level="WARN">Error in file 'C:\Users\chara\PycharmProjects\sample\Testcases\forloop.robot' in FOR loop starting on line 17: Marking for loop body with '\' is deprecated. Remove markers and use 'END' instead.</msg>
<msg timestamp="20210316 17:43:47.368" level="WARN">Error in file 'C:\Users\chara\PycharmProjects\sample\Testcases\forloop.robot' in FOR loop starting on line 22: For loop header ':FOR' is deprecated. Use 'FOR' instead.</msg>
<msg timestamp="20210316 17:43:47.368" level="WARN">Error in file 'C:\Users\chara\PycharmProjects\sample\Testcases\forloop.robot' in FOR loop starting on line 22: Marking for loop body with '\' is deprecated. Remove markers and use 'END' instead.</msg>
<msg timestamp="20210316 17:43:47.376" level="WARN">Error in file 'C:\Users\chara\PycharmProjects\sample\Testcases\forloop.robot' in FOR loop starting on line 27: For loop header ':FOR' is deprecated. Use 'FOR' instead.</msg>
<msg timestamp="20210316 17:43:47.376" level="WARN">Error in file 'C:\Users\chara\PycharmProjects\sample\Testcases\forloop.robot' in FOR loop starting on line 27: Marking for loop body with '\' is deprecated. Remove markers and use 'END' instead.</msg>
</errors>
</robot>
