<?xml version="1.0" encoding="UTF-8"?>
<robot generator="Robot 3.2.2 (Python 3.8.7 on win32)" generated="20210316 17:39:52.975" rpa="false">
<suite id="s1" name="Suites">
<suite id="s1-s1" name="Dropdowns" source="C:\Users\chara\PycharmProjects\sample\Testcases\dropdowns.robot">
<test id="s1-s1-t1" name="Handling dropdowns and listboxes">
<kw name="Open Browser" library="SeleniumLibrary">
<doc>Opens a new browser instance to the given ``url``.</doc>
<arguments>
<arg>${url}</arg>
<arg>${browser}</arg>
</arguments>
<msg timestamp="20210316 17:39:57.061" level="INFO">Opening browser 'chrome' to base url 'http://www.practiceselenium.com/practice-form.html'.</msg>
<status status="PASS" starttime="20210316 17:39:57.060" endtime="20210316 17:40:34.836"></status>
</kw>
<kw name="Maximize Browser Window" library="SeleniumLibrary">
<doc>Maximizes current browser window.</doc>
<status status="PASS" starttime="20210316 17:40:34.836" endtime="20210316 17:40:36.649"></status>
</kw>
<kw name="Select From List By Label" library="SeleniumLibrary">
<doc>Selects options from selection list ``locator`` by ``labels``.</doc>
<arguments>
<arg>//select[@id='continents']</arg>
<arg>Australia</arg>
</arguments>
<msg timestamp="20210316 17:40:36.649" level="INFO">Selecting options from selection list '//select[@id='continents']' by label Australia.</msg>
<kw name="Capture Page Screenshot" library="SeleniumLibrary">
<doc>Takes screenshot of the current page and embeds it into log file.</doc>
<msg timestamp="20210316 17:40:37.932" level="INFO" html="yes">&lt;/td&gt;&lt;/tr&gt;&lt;tr&gt;&lt;td colspan="3"&gt;&lt;a href="selenium-screenshot-1.png"&gt;&lt;img src="selenium-screenshot-1.png" width="800px"&gt;&lt;/a&gt;</msg>
<status status="PASS" starttime="20210316 17:40:37.231" endtime="20210316 17:40:37.932"></status>
</kw>
<msg timestamp="20210316 17:40:37.952" level="FAIL">List with locator '//select[@id='continents']' not found.</msg>
<status status="FAIL" starttime="20210316 17:40:36.649" endtime="20210316 17:40:37.952"></status>
</kw>
<status status="FAIL" starttime="20210316 17:39:57.056" endtime="20210316 17:40:37.952" critical="yes">List with locator '//select[@id='continents']' not found.</status>
</test>
<status status="FAIL" starttime="20210316 17:39:53.052" endtime="20210316 17:40:37.954"></status>
</suite>
<status status="FAIL" starttime="20210316 17:39:52.978" endtime="20210316 17:40:37.957"></status>
</suite>
<statistics>
<total>
<stat pass="0" fail="1">Critical Tests</stat>
<stat pass="0" fail="1">All Tests</stat>
</total>
<tag>
</tag>
<suite>
<stat pass="0" fail="1" id="s1" name="Suites">Suites</stat>
<stat pass="0" fail="1" id="s1-s1" name="Dropdowns">Suites.Dropdowns</stat>
</suite>
</statistics>
<errors>
</errors>
</robot>
