<?xml version="1.0" encoding="UTF-8"?>
<robot generator="Robot 3.2.2 (Python 3.8.7 on win32)" generated="20210316 17:40:46.358" rpa="false">
<suite id="s1" name="Suites">
<suite id="s1-s1" name="Table" source="C:\Users\chara\PycharmProjects\sample\Testcases\table.robot">
<test id="s1-s1-t1" name="TableValidations">
<kw name="Open Browser" library="SeleniumLibrary">
<doc>Opens a new browser instance to the given ``url``.</doc>
<arguments>
<arg>http://testautomationpractice.blogspot.com/</arg>
<arg>chrome</arg>
</arguments>
<msg timestamp="20210316 17:40:52.979" level="INFO">Opening browser 'chrome' to base url 'http://testautomationpractice.blogspot.com/'.</msg>
<kw name="Capture Page Screenshot" library="SeleniumLibrary">
<doc>Takes screenshot of the current page and embeds it into log file.</doc>
<msg timestamp="20210316 17:41:04.260" level="INFO" html="yes">&lt;/td&gt;&lt;/tr&gt;&lt;tr&gt;&lt;td colspan="3"&gt;&lt;a href="selenium-screenshot-1.png"&gt;&lt;img src="selenium-screenshot-1.png" width="800px"&gt;&lt;/a&gt;</msg>
<status status="PASS" starttime="20210316 17:41:03.837" endtime="20210316 17:41:04.261"></status>
</kw>
<msg timestamp="20210316 17:41:04.266" level="FAIL">WebDriverException: Message: unknown error: net::ERR_INTERNET_DISCONNECTED
  (Session info: chrome=89.0.4389.90)
</msg>
<status status="FAIL" starttime="20210316 17:40:52.977" endtime="20210316 17:41:04.267"></status>
</kw>
<status status="FAIL" starttime="20210316 17:40:52.973" endtime="20210316 17:41:04.267" critical="yes">WebDriverException: Message: unknown error: net::ERR_INTERNET_DISCONNECTED
  (Session info: chrome=89.0.4389.90)
</status>
</test>
<status status="FAIL" starttime="20210316 17:40:46.452" endtime="20210316 17:41:04.269"></status>
</suite>
<status status="FAIL" starttime="20210316 17:40:46.361" endtime="20210316 17:41:04.270"></status>
</suite>
<statistics>
<total>
<stat pass="0" fail="1">Critical Tests</stat>
<stat pass="0" fail="1">All Tests</stat>
</total>
<tag>
</tag>
<suite>
<stat pass="0" fail="1" id="s1" name="Suites">Suites</stat>
<stat pass="0" fail="1" id="s1-s1" name="Table">Suites.Table</stat>
</suite>
</statistics>
<errors>
</errors>
</robot>
