<?xml version="1.0" encoding="UTF-8"?>
<robot generator="Robot 3.2.2 (Python 3.8.7 on win32)" generated="20210316 17:43:47.495" rpa="false">
<suite id="s1" name="Suites">
<suite id="s1-s1" name="Ddt1" source="C:\Users\chara\PycharmProjects\sample\Testcases\ddt1.robot">
<kw name="openMybrowser" library="login_resources" type="setup">
<kw name="Open Browser" library="SeleniumLibrary">
<doc>Opens a new browser instance to the given ``url``.</doc>
<arguments>
<arg>${url}</arg>
<arg>${browser}</arg>
</arguments>
<msg timestamp="20210316 17:43:48.713" level="INFO">Opening browser 'chrome' to base url 'https://admin-demo.nopcommerce.com/'.</msg>
<status status="PASS" starttime="20210316 17:43:48.712" endtime="20210316 17:44:00.880"></status>
</kw>
<kw name="Maximize Browser Window" library="SeleniumLibrary">
<doc>Maximizes current browser window.</doc>
<status status="PASS" starttime="20210316 17:44:00.880" endtime="20210316 17:44:04.137"></status>
</kw>
<status status="PASS" starttime="20210316 17:43:48.711" endtime="20210316 17:44:04.137"></status>
</kw>
<test id="s1-s1-t1" name="valid user name empty password">
<kw name="invalidLoginScenario's">
<arguments>
<arg>admin@yourstore.com</arg>
<arg>${EMPTY}</arg>
</arguments>
<kw name="input username" library="login_resources">
<arguments>
<arg>${uname}</arg>
</arguments>
<kw name="Input Text" library="SeleniumLibrary">
<doc>Types the given ``text`` into text field identified by ``locator``.</doc>
<arguments>
<arg>xpath://input[@id='Email']</arg>
<arg>${username}</arg>
</arguments>
<msg timestamp="20210316 17:44:04.141" level="INFO">Typing text 'admin@yourstore.com' into text field 'xpath://input[@id='Email']'.</msg>
<status status="PASS" starttime="20210316 17:44:04.140" endtime="20210316 17:44:09.837"></status>
</kw>
<kw name="Sleep" library="BuiltIn">
<doc>Pauses the test executed for the given time.</doc>
<arguments>
<arg>2</arg>
</arguments>
<msg timestamp="20210316 17:44:11.863" level="INFO">Slept 2 seconds</msg>
<status status="PASS" starttime="20210316 17:44:09.837" endtime="20210316 17:44:11.864"></status>
</kw>
<status status="PASS" starttime="20210316 17:44:04.140" endtime="20210316 17:44:11.864"></status>
</kw>
<kw name="input My password" library="login_resources">
<arguments>
<arg>${upwd}</arg>
</arguments>
<kw name="Input Text" library="SeleniumLibrary">
<doc>Types the given ``text`` into text field identified by ``locator``.</doc>
<arguments>
<arg>xpath://input[@id='Password']</arg>
<arg>${password}</arg>
</arguments>
<msg timestamp="20210316 17:44:11.865" level="INFO">Typing text '' into text field 'xpath://input[@id='Password']'.</msg>
<status status="PASS" starttime="20210316 17:44:11.865" endtime="20210316 17:44:14.001"></status>
</kw>
<kw name="Sleep" library="BuiltIn">
<doc>Pauses the test executed for the given time.</doc>
<arguments>
<arg>2</arg>
</arguments>
<msg timestamp="20210316 17:44:16.009" level="INFO">Slept 2 seconds</msg>
<status status="PASS" starttime="20210316 17:44:14.001" endtime="20210316 17:44:16.009"></status>
</kw>
<status status="PASS" starttime="20210316 17:44:11.864" endtime="20210316 17:44:16.009"></status>
</kw>
<kw name="click on Login button" library="login_resources">
<kw name="Click Element" library="SeleniumLibrary">
<doc>Click element identified by ``locator``.</doc>
<arguments>
<arg>xpath://input[@value='Log in']</arg>
</arguments>
<msg timestamp="20210316 17:44:16.010" level="INFO">Clicking element 'xpath://input[@value='Log in']'.</msg>
<kw name="Capture Page Screenshot" library="SeleniumLibrary">
<doc>Takes screenshot of the current page and embeds it into log file.</doc>
<msg timestamp="20210316 17:44:16.890" level="INFO" html="yes">&lt;/td&gt;&lt;/tr&gt;&lt;tr&gt;&lt;td colspan="3"&gt;&lt;a href="selenium-screenshot-1.png"&gt;&lt;img src="selenium-screenshot-1.png" width="800px"&gt;&lt;/a&gt;</msg>
<status status="PASS" starttime="20210316 17:44:16.387" endtime="20210316 17:44:16.890"></status>
</kw>
<msg timestamp="20210316 17:44:16.894" level="FAIL">Element with locator 'xpath://input[@value='Log in']' not found.</msg>
<status status="FAIL" starttime="20210316 17:44:16.009" endtime="20210316 17:44:16.894"></status>
</kw>
<status status="FAIL" starttime="20210316 17:44:16.009" endtime="20210316 17:44:16.894"></status>
</kw>
<status status="FAIL" starttime="20210316 17:44:04.139" endtime="20210316 17:44:16.895"></status>
</kw>
<status status="FAIL" starttime="20210316 17:44:04.138" endtime="20210316 17:44:16.896" critical="yes">Element with locator 'xpath://input[@value='Log in']' not found.</status>
</test>
<test id="s1-s1-t2" name="empty user name and valid password">
<kw name="invalidLoginScenario's">
<arguments>
<arg>${EMPTY}</arg>
<arg>admin</arg>
</arguments>
<kw name="input username" library="login_resources">
<arguments>
<arg>${uname}</arg>
</arguments>
<kw name="Input Text" library="SeleniumLibrary">
<doc>Types the given ``text`` into text field identified by ``locator``.</doc>
<arguments>
<arg>xpath://input[@id='Email']</arg>
<arg>${username}</arg>
</arguments>
<msg timestamp="20210316 17:44:16.906" level="INFO">Typing text '' into text field 'xpath://input[@id='Email']'.</msg>
<status status="PASS" starttime="20210316 17:44:16.905" endtime="20210316 17:44:18.103"></status>
</kw>
<kw name="Sleep" library="BuiltIn">
<doc>Pauses the test executed for the given time.</doc>
<arguments>
<arg>2</arg>
</arguments>
<msg timestamp="20210316 17:44:20.110" level="INFO">Slept 2 seconds</msg>
<status status="PASS" starttime="20210316 17:44:18.103" endtime="20210316 17:44:20.110"></status>
</kw>
<status status="PASS" starttime="20210316 17:44:16.902" endtime="20210316 17:44:20.111"></status>
</kw>
<kw name="input My password" library="login_resources">
<arguments>
<arg>${upwd}</arg>
</arguments>
<kw name="Input Text" library="SeleniumLibrary">
<doc>Types the given ``text`` into text field identified by ``locator``.</doc>
<arguments>
<arg>xpath://input[@id='Password']</arg>
<arg>${password}</arg>
</arguments>
<msg timestamp="20210316 17:44:20.113" level="INFO">Typing text 'admin' into text field 'xpath://input[@id='Password']'.</msg>
<status status="PASS" starttime="20210316 17:44:20.113" endtime="20210316 17:44:25.226"></status>
</kw>
<kw name="Sleep" library="BuiltIn">
<doc>Pauses the test executed for the given time.</doc>
<arguments>
<arg>2</arg>
</arguments>
<msg timestamp="20210316 17:44:27.240" level="INFO">Slept 2 seconds</msg>
<status status="PASS" starttime="20210316 17:44:25.227" endtime="20210316 17:44:27.240"></status>
</kw>
<status status="PASS" starttime="20210316 17:44:20.111" endtime="20210316 17:44:27.240"></status>
</kw>
<kw name="click on Login button" library="login_resources">
<kw name="Click Element" library="SeleniumLibrary">
<doc>Click element identified by ``locator``.</doc>
<arguments>
<arg>xpath://input[@value='Log in']</arg>
</arguments>
<msg timestamp="20210316 17:44:27.242" level="INFO">Clicking element 'xpath://input[@value='Log in']'.</msg>
<kw name="Capture Page Screenshot" library="SeleniumLibrary">
<doc>Takes screenshot of the current page and embeds it into log file.</doc>
<msg timestamp="20210316 17:44:27.673" level="INFO" html="yes">&lt;/td&gt;&lt;/tr&gt;&lt;tr&gt;&lt;td colspan="3"&gt;&lt;a href="selenium-screenshot-2.png"&gt;&lt;img src="selenium-screenshot-2.png" width="800px"&gt;&lt;/a&gt;</msg>
<status status="PASS" starttime="20210316 17:44:27.290" endtime="20210316 17:44:27.674"></status>
</kw>
<msg timestamp="20210316 17:44:27.675" level="FAIL">Element with locator 'xpath://input[@value='Log in']' not found.</msg>
<status status="FAIL" starttime="20210316 17:44:27.241" endtime="20210316 17:44:27.675"></status>
</kw>
<status status="FAIL" starttime="20210316 17:44:27.240" endtime="20210316 17:44:27.675"></status>
</kw>
<status status="FAIL" starttime="20210316 17:44:16.901" endtime="20210316 17:44:27.675"></status>
</kw>
<status status="FAIL" starttime="20210316 17:44:16.899" endtime="20210316 17:44:27.676" critical="yes">Element with locator 'xpath://input[@value='Log in']' not found.</status>
</test>
<test id="s1-s1-t3" name="valid user name invalid password">
<kw name="invalidLoginScenario's">
<arguments>
<arg>admin@yourstore.com</arg>
<arg>admin1</arg>
</arguments>
<kw name="input username" library="login_resources">
<arguments>
<arg>${uname}</arg>
</arguments>
<kw name="Input Text" library="SeleniumLibrary">
<doc>Types the given ``text`` into text field identified by ``locator``.</doc>
<arguments>
<arg>xpath://input[@id='Email']</arg>
<arg>${username}</arg>
</arguments>
<msg timestamp="20210316 17:44:27.680" level="INFO">Typing text 'admin@yourstore.com' into text field 'xpath://input[@id='Email']'.</msg>
<status status="PASS" starttime="20210316 17:44:27.679" endtime="20210316 17:44:29.577"></status>
</kw>
<kw name="Sleep" library="BuiltIn">
<doc>Pauses the test executed for the given time.</doc>
<arguments>
<arg>2</arg>
</arguments>
<msg timestamp="20210316 17:44:31.586" level="INFO">Slept 2 seconds</msg>
<status status="PASS" starttime="20210316 17:44:29.577" endtime="20210316 17:44:31.587"></status>
</kw>
<status status="PASS" starttime="20210316 17:44:27.678" endtime="20210316 17:44:31.588"></status>
</kw>
<kw name="input My password" library="login_resources">
<arguments>
<arg>${upwd}</arg>
</arguments>
<kw name="Input Text" library="SeleniumLibrary">
<doc>Types the given ``text`` into text field identified by ``locator``.</doc>
<arguments>
<arg>xpath://input[@id='Password']</arg>
<arg>${password}</arg>
</arguments>
<msg timestamp="20210316 17:44:31.592" level="INFO">Typing text 'admin1' into text field 'xpath://input[@id='Password']'.</msg>
<status status="PASS" starttime="20210316 17:44:31.589" endtime="20210316 17:44:33.626"></status>
</kw>
<kw name="Sleep" library="BuiltIn">
<doc>Pauses the test executed for the given time.</doc>
<arguments>
<arg>2</arg>
</arguments>
<msg timestamp="20210316 17:44:35.636" level="INFO">Slept 2 seconds</msg>
<status status="PASS" starttime="20210316 17:44:33.626" endtime="20210316 17:44:35.636"></status>
</kw>
<status status="PASS" starttime="20210316 17:44:31.588" endtime="20210316 17:44:35.636"></status>
</kw>
<kw name="click on Login button" library="login_resources">
<kw name="Click Element" library="SeleniumLibrary">
<doc>Click element identified by ``locator``.</doc>
<arguments>
<arg>xpath://input[@value='Log in']</arg>
</arguments>
<msg timestamp="20210316 17:44:35.638" level="INFO">Clicking element 'xpath://input[@value='Log in']'.</msg>
<kw name="Capture Page Screenshot" library="SeleniumLibrary">
<doc>Takes screenshot of the current page and embeds it into log file.</doc>
<msg timestamp="20210316 17:44:36.076" level="INFO" html="yes">&lt;/td&gt;&lt;/tr&gt;&lt;tr&gt;&lt;td colspan="3"&gt;&lt;a href="selenium-screenshot-3.png"&gt;&lt;img src="selenium-screenshot-3.png" width="800px"&gt;&lt;/a&gt;</msg>
<status status="PASS" starttime="20210316 17:44:35.679" endtime="20210316 17:44:36.076"></status>
</kw>
<msg timestamp="20210316 17:44:36.077" level="FAIL">Element with locator 'xpath://input[@value='Log in']' not found.</msg>
<status status="FAIL" starttime="20210316 17:44:35.637" endtime="20210316 17:44:36.077"></status>
</kw>
<status status="FAIL" starttime="20210316 17:44:35.637" endtime="20210316 17:44:36.077"></status>
</kw>
<status status="FAIL" starttime="20210316 17:44:27.678" endtime="20210316 17:44:36.077"></status>
</kw>
<status status="FAIL" starttime="20210316 17:44:27.677" endtime="20210316 17:44:36.077" critical="yes">Element with locator 'xpath://input[@value='Log in']' not found.</status>
</test>
<test id="s1-s1-t4" name="invalid username valid password">
<kw name="invalidLoginScenario's">
<arguments>
<arg>admin1@yourstore.com</arg>
<arg>admin</arg>
</arguments>
<kw name="input username" library="login_resources">
<arguments>
<arg>${uname}</arg>
</arguments>
<kw name="Input Text" library="SeleniumLibrary">
<doc>Types the given ``text`` into text field identified by ``locator``.</doc>
<arguments>
<arg>xpath://input[@id='Email']</arg>
<arg>${username}</arg>
</arguments>
<msg timestamp="20210316 17:44:36.083" level="INFO">Typing text 'admin1@yourstore.com' into text field 'xpath://input[@id='Email']'.</msg>
<status status="PASS" starttime="20210316 17:44:36.083" endtime="20210316 17:44:36.636"></status>
</kw>
<kw name="Sleep" library="BuiltIn">
<doc>Pauses the test executed for the given time.</doc>
<arguments>
<arg>2</arg>
</arguments>
<msg timestamp="20210316 17:44:38.643" level="INFO">Slept 2 seconds</msg>
<status status="PASS" starttime="20210316 17:44:36.637" endtime="20210316 17:44:38.643"></status>
</kw>
<status status="PASS" starttime="20210316 17:44:36.082" endtime="20210316 17:44:38.644"></status>
</kw>
<kw name="input My password" library="login_resources">
<arguments>
<arg>${upwd}</arg>
</arguments>
<kw name="Input Text" library="SeleniumLibrary">
<doc>Types the given ``text`` into text field identified by ``locator``.</doc>
<arguments>
<arg>xpath://input[@id='Password']</arg>
<arg>${password}</arg>
</arguments>
<msg timestamp="20210316 17:44:38.645" level="INFO">Typing text 'admin' into text field 'xpath://input[@id='Password']'.</msg>
<status status="PASS" starttime="20210316 17:44:38.644" endtime="20210316 17:44:39.491"></status>
</kw>
<kw name="Sleep" library="BuiltIn">
<doc>Pauses the test executed for the given time.</doc>
<arguments>
<arg>2</arg>
</arguments>
<msg timestamp="20210316 17:44:41.504" level="INFO">Slept 2 seconds</msg>
<status status="PASS" starttime="20210316 17:44:39.492" endtime="20210316 17:44:41.505"></status>
</kw>
<status status="PASS" starttime="20210316 17:44:38.644" endtime="20210316 17:44:41.505"></status>
</kw>
<kw name="click on Login button" library="login_resources">
<kw name="Click Element" library="SeleniumLibrary">
<doc>Click element identified by ``locator``.</doc>
<arguments>
<arg>xpath://input[@value='Log in']</arg>
</arguments>
<msg timestamp="20210316 17:44:41.506" level="INFO">Clicking element 'xpath://input[@value='Log in']'.</msg>
<kw name="Capture Page Screenshot" library="SeleniumLibrary">
<doc>Takes screenshot of the current page and embeds it into log file.</doc>
<msg timestamp="20210316 17:44:41.888" level="INFO" html="yes">&lt;/td&gt;&lt;/tr&gt;&lt;tr&gt;&lt;td colspan="3"&gt;&lt;a href="selenium-screenshot-4.png"&gt;&lt;img src="selenium-screenshot-4.png" width="800px"&gt;&lt;/a&gt;</msg>
<status status="PASS" starttime="20210316 17:44:41.539" endtime="20210316 17:44:41.888"></status>
</kw>
<msg timestamp="20210316 17:44:41.890" level="FAIL">Element with locator 'xpath://input[@value='Log in']' not found.</msg>
<status status="FAIL" starttime="20210316 17:44:41.506" endtime="20210316 17:44:41.890"></status>
</kw>
<status status="FAIL" starttime="20210316 17:44:41.505" endtime="20210316 17:44:41.891"></status>
</kw>
<status status="FAIL" starttime="20210316 17:44:36.079" endtime="20210316 17:44:41.891"></status>
</kw>
<status status="FAIL" starttime="20210316 17:44:36.079" endtime="20210316 17:44:41.892" critical="yes">Element with locator 'xpath://input[@value='Log in']' not found.</status>
</test>
<test id="s1-s1-t5" name="valid username valid password">
<kw name="invalidLoginScenario's">
<arguments>
<arg>admin@yourstore.com</arg>
<arg>admin</arg>
</arguments>
<kw name="input username" library="login_resources">
<arguments>
<arg>${uname}</arg>
</arguments>
<kw name="Input Text" library="SeleniumLibrary">
<doc>Types the given ``text`` into text field identified by ``locator``.</doc>
<arguments>
<arg>xpath://input[@id='Email']</arg>
<arg>${username}</arg>
</arguments>
<msg timestamp="20210316 17:44:41.895" level="INFO">Typing text 'admin@yourstore.com' into text field 'xpath://input[@id='Email']'.</msg>
<status status="PASS" starttime="20210316 17:44:41.894" endtime="20210316 17:44:42.297"></status>
</kw>
<kw name="Sleep" library="BuiltIn">
<doc>Pauses the test executed for the given time.</doc>
<arguments>
<arg>2</arg>
</arguments>
<msg timestamp="20210316 17:44:44.305" level="INFO">Slept 2 seconds</msg>
<status status="PASS" starttime="20210316 17:44:42.297" endtime="20210316 17:44:44.305"></status>
</kw>
<status status="PASS" starttime="20210316 17:44:41.894" endtime="20210316 17:44:44.305"></status>
</kw>
<kw name="input My password" library="login_resources">
<arguments>
<arg>${upwd}</arg>
</arguments>
<kw name="Input Text" library="SeleniumLibrary">
<doc>Types the given ``text`` into text field identified by ``locator``.</doc>
<arguments>
<arg>xpath://input[@id='Password']</arg>
<arg>${password}</arg>
</arguments>
<msg timestamp="20210316 17:44:44.307" level="INFO">Typing text 'admin' into text field 'xpath://input[@id='Password']'.</msg>
<status status="PASS" starttime="20210316 17:44:44.306" endtime="20210316 17:44:45.813"></status>
</kw>
<kw name="Sleep" library="BuiltIn">
<doc>Pauses the test executed for the given time.</doc>
<arguments>
<arg>2</arg>
</arguments>
<msg timestamp="20210316 17:44:47.827" level="INFO">Slept 2 seconds</msg>
<status status="PASS" starttime="20210316 17:44:45.814" endtime="20210316 17:44:47.827"></status>
</kw>
<status status="PASS" starttime="20210316 17:44:44.306" endtime="20210316 17:44:47.827"></status>
</kw>
<kw name="click on Login button" library="login_resources">
<kw name="Click Element" library="SeleniumLibrary">
<doc>Click element identified by ``locator``.</doc>
<arguments>
<arg>xpath://input[@value='Log in']</arg>
</arguments>
<msg timestamp="20210316 17:44:47.829" level="INFO">Clicking element 'xpath://input[@value='Log in']'.</msg>
<kw name="Capture Page Screenshot" library="SeleniumLibrary">
<doc>Takes screenshot of the current page and embeds it into log file.</doc>
<msg timestamp="20210316 17:44:48.358" level="INFO" html="yes">&lt;/td&gt;&lt;/tr&gt;&lt;tr&gt;&lt;td colspan="3"&gt;&lt;a href="selenium-screenshot-5.png"&gt;&lt;img src="selenium-screenshot-5.png" width="800px"&gt;&lt;/a&gt;</msg>
<status status="PASS" starttime="20210316 17:44:47.900" endtime="20210316 17:44:48.358"></status>
</kw>
<msg timestamp="20210316 17:44:48.359" level="FAIL">Element with locator 'xpath://input[@value='Log in']' not found.</msg>
<status status="FAIL" starttime="20210316 17:44:47.828" endtime="20210316 17:44:48.359"></status>
</kw>
<status status="FAIL" starttime="20210316 17:44:47.827" endtime="20210316 17:44:48.360"></status>
</kw>
<status status="FAIL" starttime="20210316 17:44:41.893" endtime="20210316 17:44:48.360"></status>
</kw>
<status status="FAIL" starttime="20210316 17:44:41.892" endtime="20210316 17:44:48.360" critical="yes">Element with locator 'xpath://input[@value='Log in']' not found.</status>
</test>
<kw name="CloseAllMyBrowsers" library="login_resources" type="teardown">
<kw name="Close All Browsers" library="SeleniumLibrary">
<doc>Closes all open browsers and resets the browser cache.</doc>
<status status="PASS" starttime="20210316 17:44:48.361" endtime="20210316 17:45:22.152"></status>
</kw>
<status status="PASS" starttime="20210316 17:44:48.361" endtime="20210316 17:45:22.153"></status>
</kw>
<status status="FAIL" starttime="20210316 17:43:47.632" endtime="20210316 17:45:22.153"></status>
</suite>
<status status="FAIL" starttime="20210316 17:43:47.498" endtime="20210316 17:45:22.157"></status>
</suite>
<statistics>
<total>
<stat pass="0" fail="5">Critical Tests</stat>
<stat pass="0" fail="5">All Tests</stat>
</total>
<tag>
</tag>
<suite>
<stat pass="0" fail="5" id="s1" name="Suites">Suites</stat>
<stat pass="0" fail="5" id="s1-s1" name="Ddt1">Suites.Ddt1</stat>
</suite>
</statistics>
<errors>
</errors>
</robot>
