<?xml version="1.0" encoding="UTF-8"?>
<robot generator="Robot 3.2.2 (Python 3.8.7 on win32)" generated="20210316 17:44:35.403" rpa="false">
<suite id="s1" name="Suites">
<suite id="s1-s1" name="Speedtest" source="C:\Users\chara\PycharmProjects\sample\Testcases\speedtest.robot">
<test id="s1-s1-t1" name="RegTest">
<kw name="Open Browser" library="SeleniumLibrary">
<doc>Opens a new browser instance to the given ``url``.</doc>
<arguments>
<arg>http://demowebshop.tricentis.com/register</arg>
<arg>chrome</arg>
</arguments>
<msg timestamp="20210316 17:44:36.646" level="INFO">Opening browser 'chrome' to base url 'http://demowebshop.tricentis.com/register'.</msg>
<status status="PASS" starttime="20210316 17:44:36.645" endtime="20210316 17:44:44.973"></status>
</kw>
<kw name="Maximize Browser Window" library="SeleniumLibrary">
<doc>Maximizes current browser window.</doc>
<status status="PASS" starttime="20210316 17:44:44.973" endtime="20210316 17:44:45.557"></status>
</kw>
<kw name="Get Selenium Speed" library="SeleniumLibrary">
<doc>Gets the delay that is waited after each Selenium command.</doc>
<assign>
<var>${speed}</var>
</assign>
<msg timestamp="20210316 17:44:45.557" level="INFO">${speed} = 0 seconds</msg>
<status status="PASS" starttime="20210316 17:44:45.557" endtime="20210316 17:44:45.557"></status>
</kw>
<kw name="Log To Console" library="BuiltIn">
<doc>Logs the given message to the console.</doc>
<arguments>
<arg>default speed is ${speed}</arg>
</arguments>
<status status="PASS" starttime="20210316 17:44:45.557" endtime="20210316 17:44:45.558"></status>
</kw>
<kw name="Set Selenium Speed" library="SeleniumLibrary">
<doc>Sets the delay that is waited after each Selenium command.</doc>
<arguments>
<arg>2</arg>
</arguments>
<status status="PASS" starttime="20210316 17:44:45.558" endtime="20210316 17:44:45.558"></status>
</kw>
<kw name="Select Radio Button" library="SeleniumLibrary">
<doc>Sets radio button group ``group_name`` to ``value``.</doc>
<arguments>
<arg>Gender</arg>
<arg>gender-male</arg>
</arguments>
<msg timestamp="20210316 17:44:45.559" level="INFO">Selecting 'gender-male' from radio button 'Gender'.</msg>
<status status="PASS" starttime="20210316 17:44:45.558" endtime="20210316 17:44:52.093"></status>
</kw>
<kw name="Input Text" library="SeleniumLibrary">
<doc>Types the given ``text`` into text field identified by ``locator``.</doc>
<arguments>
<arg>xpath://input[@id='FirstName']</arg>
<arg>charan</arg>
</arguments>
<msg timestamp="20210316 17:44:52.093" level="INFO">Typing text 'charan' into text field 'xpath://input[@id='FirstName']'.</msg>
<status status="PASS" starttime="20210316 17:44:52.093" endtime="20210316 17:44:59.654"></status>
</kw>
<kw name="Input Text" library="SeleniumLibrary">
<doc>Types the given ``text`` into text field identified by ``locator``.</doc>
<arguments>
<arg>xpath://input[@id='LastName']</arg>
<arg>budama</arg>
</arguments>
<msg timestamp="20210316 17:44:59.655" level="INFO">Typing text 'budama' into text field 'xpath://input[@id='LastName']'.</msg>
<status status="PASS" starttime="20210316 17:44:59.654" endtime="20210316 17:45:06.272"></status>
</kw>
<kw name="Input Text" library="SeleniumLibrary">
<doc>Types the given ``text`` into text field identified by ``locator``.</doc>
<arguments>
<arg>xpath://input[@id='Email']</arg>
<arg>charan@budama.com</arg>
</arguments>
<msg timestamp="20210316 17:45:06.272" level="INFO">Typing text 'charan@budama.com' into text field 'xpath://input[@id='Email']'.</msg>
<status status="PASS" starttime="20210316 17:45:06.272" endtime="20210316 17:45:12.788"></status>
</kw>
<kw name="Input Text" library="SeleniumLibrary">
<doc>Types the given ``text`` into text field identified by ``locator``.</doc>
<arguments>
<arg>xpath://input[@id='Password']</arg>
<arg>hello@123</arg>
</arguments>
<msg timestamp="20210316 17:45:12.788" level="INFO">Typing text 'hello@123' into text field 'xpath://input[@id='Password']'.</msg>
<status status="PASS" starttime="20210316 17:45:12.788" endtime="20210316 17:45:19.267"></status>
</kw>
<kw name="Input Text" library="SeleniumLibrary">
<doc>Types the given ``text`` into text field identified by ``locator``.</doc>
<arguments>
<arg>xpath://input[@id='ConfirmPassword']</arg>
<arg>hello@123</arg>
</arguments>
<msg timestamp="20210316 17:45:19.268" level="INFO">Typing text 'hello@123' into text field 'xpath://input[@id='ConfirmPassword']'.</msg>
<status status="PASS" starttime="20210316 17:45:19.268" endtime="20210316 17:45:26.310"></status>
</kw>
<kw name="Get Selenium Speed" library="SeleniumLibrary">
<doc>Gets the delay that is waited after each Selenium command.</doc>
<assign>
<var>${speed}</var>
</assign>
<msg timestamp="20210316 17:45:26.310" level="INFO">${speed} = 2 seconds</msg>
<status status="PASS" starttime="20210316 17:45:26.310" endtime="20210316 17:45:26.310"></status>
</kw>
<kw name="Log To Console" library="BuiltIn">
<doc>Logs the given message to the console.</doc>
<arguments>
<arg>now the speed is ${speed}</arg>
</arguments>
<status status="PASS" starttime="20210316 17:45:26.310" endtime="20210316 17:45:26.311"></status>
</kw>
<kw name="Close Browser" library="SeleniumLibrary">
<doc>Closes the current browser.</doc>
<status status="PASS" starttime="20210316 17:45:26.311" endtime="20210316 17:45:35.943"></status>
</kw>
<status status="PASS" starttime="20210316 17:44:36.645" endtime="20210316 17:45:35.944" critical="yes"></status>
</test>
<status status="PASS" starttime="20210316 17:44:35.525" endtime="20210316 17:45:35.945"></status>
</suite>
<status status="PASS" starttime="20210316 17:44:35.409" endtime="20210316 17:45:35.946"></status>
</suite>
<statistics>
<total>
<stat pass="1" fail="0">Critical Tests</stat>
<stat pass="1" fail="0">All Tests</stat>
</total>
<tag>
</tag>
<suite>
<stat pass="1" fail="0" id="s1" name="Suites">Suites</stat>
<stat pass="1" fail="0" id="s1-s1" name="Speedtest">Suites.Speedtest</stat>
</suite>
</statistics>
<errors>
</errors>
</robot>
