<?xml version="1.0" encoding="UTF-8"?>
<robot generator="Robot 3.2.2 (Python 3.8.7 on win32)" generated="20210316 17:39:52.737" rpa="false">
<suite id="s1" name="Suites">
<suite id="s1-s1" name="Forloop" source="C:\Users\chara\PycharmProjects\sample\Testcases\forloop.robot">
<test id="s1-s1-t1" name="Forloop1">
<kw name="${i} IN RANGE [ 1 | 12 ]" type="for">
<msg timestamp="20210316 17:39:52.875" level="WARN">Error in file 'C:\Users\chara\PycharmProjects\sample\Testcases\forloop.robot' in FOR loop starting on line 4: For loop header ':FOR' is deprecated. Use 'FOR' instead.</msg>
<msg timestamp="20210316 17:39:52.876" level="WARN">Error in file 'C:\Users\chara\PycharmProjects\sample\Testcases\forloop.robot' in FOR loop starting on line 4: Marking for loop body with '\' is deprecated. Remove markers and use 'END' instead.</msg>
<kw name="${i} = 1" type="foritem">
<kw name="Log To Console" library="BuiltIn">
<doc>Logs the given message to the console.</doc>
<arguments>
<arg>${i}</arg>
</arguments>
<status status="PASS" starttime="20210316 17:39:52.877" endtime="20210316 17:39:52.877"></status>
</kw>
<status status="PASS" starttime="20210316 17:39:52.876" endtime="20210316 17:39:52.877"></status>
</kw>
<kw name="${i} = 2" type="foritem">
<kw name="Log To Console" library="BuiltIn">
<doc>Logs the given message to the console.</doc>
<arguments>
<arg>${i}</arg>
</arguments>
<status status="PASS" starttime="20210316 17:39:52.878" endtime="20210316 17:39:52.878"></status>
</kw>
<status status="PASS" starttime="20210316 17:39:52.878" endtime="20210316 17:39:52.878"></status>
</kw>
<kw name="${i} = 3" type="foritem">
<kw name="Log To Console" library="BuiltIn">
<doc>Logs the given message to the console.</doc>
<arguments>
<arg>${i}</arg>
</arguments>
<status status="PASS" starttime="20210316 17:39:52.879" endtime="20210316 17:39:52.879"></status>
</kw>
<status status="PASS" starttime="20210316 17:39:52.878" endtime="20210316 17:39:52.879"></status>
</kw>
<kw name="${i} = 4" type="foritem">
<kw name="Log To Console" library="BuiltIn">
<doc>Logs the given message to the console.</doc>
<arguments>
<arg>${i}</arg>
</arguments>
<status status="PASS" starttime="20210316 17:39:52.879" endtime="20210316 17:39:52.880"></status>
</kw>
<status status="PASS" starttime="20210316 17:39:52.879" endtime="20210316 17:39:52.880"></status>
</kw>
<kw name="${i} = 5" type="foritem">
<kw name="Log To Console" library="BuiltIn">
<doc>Logs the given message to the console.</doc>
<arguments>
<arg>${i}</arg>
</arguments>
<status status="PASS" starttime="20210316 17:39:52.880" endtime="20210316 17:39:52.881"></status>
</kw>
<status status="PASS" starttime="20210316 17:39:52.880" endtime="20210316 17:39:52.881"></status>
</kw>
<kw name="${i} = 6" type="foritem">
<kw name="Log To Console" library="BuiltIn">
<doc>Logs the given message to the console.</doc>
<arguments>
<arg>${i}</arg>
</arguments>
<status status="PASS" starttime="20210316 17:39:52.881" endtime="20210316 17:39:52.881"></status>
</kw>
<status status="PASS" starttime="20210316 17:39:52.881" endtime="20210316 17:39:52.881"></status>
</kw>
<kw name="${i} = 7" type="foritem">
<kw name="Log To Console" library="BuiltIn">
<doc>Logs the given message to the console.</doc>
<arguments>
<arg>${i}</arg>
</arguments>
<status status="PASS" starttime="20210316 17:39:52.882" endtime="20210316 17:39:52.882"></status>
</kw>
<status status="PASS" starttime="20210316 17:39:52.882" endtime="20210316 17:39:52.882"></status>
</kw>
<kw name="${i} = 8" type="foritem">
<kw name="Log To Console" library="BuiltIn">
<doc>Logs the given message to the console.</doc>
<arguments>
<arg>${i}</arg>
</arguments>
<status status="PASS" starttime="20210316 17:39:52.882" endtime="20210316 17:39:52.883"></status>
</kw>
<status status="PASS" starttime="20210316 17:39:52.882" endtime="20210316 17:39:52.883"></status>
</kw>
<kw name="${i} = 9" type="foritem">
<kw name="Log To Console" library="BuiltIn">
<doc>Logs the given message to the console.</doc>
<arguments>
<arg>${i}</arg>
</arguments>
<status status="PASS" starttime="20210316 17:39:52.883" endtime="20210316 17:39:52.884"></status>
</kw>
<status status="PASS" starttime="20210316 17:39:52.883" endtime="20210316 17:39:52.884"></status>
</kw>
<kw name="${i} = 10" type="foritem">
<kw name="Log To Console" library="BuiltIn">
<doc>Logs the given message to the console.</doc>
<arguments>
<arg>${i}</arg>
</arguments>
<status status="PASS" starttime="20210316 17:39:52.884" endtime="20210316 17:39:52.885"></status>
</kw>
<status status="PASS" starttime="20210316 17:39:52.884" endtime="20210316 17:39:52.885"></status>
</kw>
<kw name="${i} = 11" type="foritem">
<kw name="Log To Console" library="BuiltIn">
<doc>Logs the given message to the console.</doc>
<arguments>
<arg>${i}</arg>
</arguments>
<status status="PASS" starttime="20210316 17:39:52.885" endtime="20210316 17:39:52.886"></status>
</kw>
<status status="PASS" starttime="20210316 17:39:52.885" endtime="20210316 17:39:52.886"></status>
</kw>
<status status="PASS" starttime="20210316 17:39:52.875" endtime="20210316 17:39:52.886"></status>
</kw>
<status status="PASS" starttime="20210316 17:39:52.875" endtime="20210316 17:39:52.886" critical="yes"></status>
</test>
<test id="s1-s1-t2" name="Forloop2">
<kw name="${i} IN [ 1 | 2 | 3 | 4 | 5 | 6 | 7 | 8 ]" type="for">
<msg timestamp="20210316 17:39:52.888" level="WARN">Error in file 'C:\Users\chara\PycharmProjects\sample\Testcases\forloop.robot' in FOR loop starting on line 8: For loop header ':FOR' is deprecated. Use 'FOR' instead.</msg>
<msg timestamp="20210316 17:39:52.888" level="WARN">Error in file 'C:\Users\chara\PycharmProjects\sample\Testcases\forloop.robot' in FOR loop starting on line 8: Marking for loop body with '\' is deprecated. Remove markers and use 'END' instead.</msg>
<kw name="${i} = 1" type="foritem">
<kw name="Log To Console" library="BuiltIn">
<doc>Logs the given message to the console.</doc>
<arguments>
<arg>${i}</arg>
</arguments>
<status status="PASS" starttime="20210316 17:39:52.889" endtime="20210316 17:39:52.889"></status>
</kw>
<status status="PASS" starttime="20210316 17:39:52.888" endtime="20210316 17:39:52.889"></status>
</kw>
<kw name="${i} = 2" type="foritem">
<kw name="Log To Console" library="BuiltIn">
<doc>Logs the given message to the console.</doc>
<arguments>
<arg>${i}</arg>
</arguments>
<status status="PASS" starttime="20210316 17:39:52.889" endtime="20210316 17:39:52.891"></status>
</kw>
<status status="PASS" starttime="20210316 17:39:52.889" endtime="20210316 17:39:52.891"></status>
</kw>
<kw name="${i} = 3" type="foritem">
<kw name="Log To Console" library="BuiltIn">
<doc>Logs the given message to the console.</doc>
<arguments>
<arg>${i}</arg>
</arguments>
<status status="PASS" starttime="20210316 17:39:52.891" endtime="20210316 17:39:52.891"></status>
</kw>
<status status="PASS" starttime="20210316 17:39:52.891" endtime="20210316 17:39:52.891"></status>
</kw>
<kw name="${i} = 4" type="foritem">
<kw name="Log To Console" library="BuiltIn">
<doc>Logs the given message to the console.</doc>
<arguments>
<arg>${i}</arg>
</arguments>
<status status="PASS" starttime="20210316 17:39:52.891" endtime="20210316 17:39:52.892"></status>
</kw>
<status status="PASS" starttime="20210316 17:39:52.891" endtime="20210316 17:39:52.892"></status>
</kw>
<kw name="${i} = 5" type="foritem">
<kw name="Log To Console" library="BuiltIn">
<doc>Logs the given message to the console.</doc>
<arguments>
<arg>${i}</arg>
</arguments>
<status status="PASS" starttime="20210316 17:39:52.892" endtime="20210316 17:39:52.892"></status>
</kw>
<status status="PASS" starttime="20210316 17:39:52.892" endtime="20210316 17:39:52.892"></status>
</kw>
<kw name="${i} = 6" type="foritem">
<kw name="Log To Console" library="BuiltIn">
<doc>Logs the given message to the console.</doc>
<arguments>
<arg>${i}</arg>
</arguments>
<status status="PASS" starttime="20210316 17:39:52.893" endtime="20210316 17:39:52.893"></status>
</kw>
<status status="PASS" starttime="20210316 17:39:52.893" endtime="20210316 17:39:52.893"></status>
</kw>
<kw name="${i} = 7" type="foritem">
<kw name="Log To Console" library="BuiltIn">
<doc>Logs the given message to the console.</doc>
<arguments>
<arg>${i}</arg>
</arguments>
<status status="PASS" starttime="20210316 17:39:52.894" endtime="20210316 17:39:52.894"></status>
</kw>
<status status="PASS" starttime="20210316 17:39:52.894" endtime="20210316 17:39:52.894"></status>
</kw>
<kw name="${i} = 8" type="foritem">
<kw name="Log To Console" library="BuiltIn">
<doc>Logs the given message to the console.</doc>
<arguments>
<arg>${i}</arg>
</arguments>
<status status="PASS" starttime="20210316 17:39:52.894" endtime="20210316 17:39:52.895"></status>
</kw>
<status status="PASS" starttime="20210316 17:39:52.894" endtime="20210316 17:39:52.895"></status>
</kw>
<status status="PASS" starttime="20210316 17:39:52.887" endtime="20210316 17:39:52.895"></status>
</kw>
<status status="PASS" starttime="20210316 17:39:52.887" endtime="20210316 17:39:52.895" critical="yes"></status>
</test>
<test id="s1-s1-t3" name="Forloop3withlist">
<kw name="Create List" library="BuiltIn">
<doc>Returns a list containing given items.</doc>
<arguments>
<arg>1</arg>
<arg>2</arg>
<arg>3</arg>
<arg>4</arg>
<arg>5</arg>
</arguments>
<assign>
<var>@{items}</var>
</assign>
<msg timestamp="20210316 17:39:52.897" level="INFO">@{items} = [ 1 | 2 | 3 | 4 | 5 ]</msg>
<status status="PASS" starttime="20210316 17:39:52.896" endtime="20210316 17:39:52.897"></status>
</kw>
<kw name="${i} IN [ @{items} ]" type="for">
<msg timestamp="20210316 17:39:52.897" level="WARN">Error in file 'C:\Users\chara\PycharmProjects\sample\Testcases\forloop.robot' in FOR loop starting on line 13: For loop header ':FOR' is deprecated. Use 'FOR' instead.</msg>
<msg timestamp="20210316 17:39:52.897" level="WARN">Error in file 'C:\Users\chara\PycharmProjects\sample\Testcases\forloop.robot' in FOR loop starting on line 13: Marking for loop body with '\' is deprecated. Remove markers and use 'END' instead.</msg>
<kw name="${i} = 1" type="foritem">
<kw name="Log To Console" library="BuiltIn">
<doc>Logs the given message to the console.</doc>
<arguments>
<arg>${i}</arg>
</arguments>
<status status="PASS" starttime="20210316 17:39:52.898" endtime="20210316 17:39:52.903"></status>
</kw>
<status status="PASS" starttime="20210316 17:39:52.897" endtime="20210316 17:39:52.903"></status>
</kw>
<kw name="${i} = 2" type="foritem">
<kw name="Log To Console" library="BuiltIn">
<doc>Logs the given message to the console.</doc>
<arguments>
<arg>${i}</arg>
</arguments>
<status status="PASS" starttime="20210316 17:39:52.904" endtime="20210316 17:39:52.904"></status>
</kw>
<status status="PASS" starttime="20210316 17:39:52.903" endtime="20210316 17:39:52.904"></status>
</kw>
<kw name="${i} = 3" type="foritem">
<kw name="Log To Console" library="BuiltIn">
<doc>Logs the given message to the console.</doc>
<arguments>
<arg>${i}</arg>
</arguments>
<status status="PASS" starttime="20210316 17:39:52.904" endtime="20210316 17:39:52.904"></status>
</kw>
<status status="PASS" starttime="20210316 17:39:52.904" endtime="20210316 17:39:52.904"></status>
</kw>
<kw name="${i} = 4" type="foritem">
<kw name="Log To Console" library="BuiltIn">
<doc>Logs the given message to the console.</doc>
<arguments>
<arg>${i}</arg>
</arguments>
<status status="PASS" starttime="20210316 17:39:52.905" endtime="20210316 17:39:52.905"></status>
</kw>
<status status="PASS" starttime="20210316 17:39:52.905" endtime="20210316 17:39:52.905"></status>
</kw>
<kw name="${i} = 5" type="foritem">
<kw name="Log To Console" library="BuiltIn">
<doc>Logs the given message to the console.</doc>
<arguments>
<arg>${i}</arg>
</arguments>
<status status="PASS" starttime="20210316 17:39:52.909" endtime="20210316 17:39:52.909"></status>
</kw>
<status status="PASS" starttime="20210316 17:39:52.905" endtime="20210316 17:39:52.909"></status>
</kw>
<status status="PASS" starttime="20210316 17:39:52.897" endtime="20210316 17:39:52.909"></status>
</kw>
<status status="PASS" starttime="20210316 17:39:52.895" endtime="20210316 17:39:52.909" critical="yes"></status>
</test>
<test id="s1-s1-t4" name="Forloop4">
<kw name="${i} IN [ john | david | charan | kartheek | budama | avyukth | suvchay ]" type="for">
<msg timestamp="20210316 17:39:52.910" level="WARN">Error in file 'C:\Users\chara\PycharmProjects\sample\Testcases\forloop.robot' in FOR loop starting on line 17: For loop header ':FOR' is deprecated. Use 'FOR' instead.</msg>
<msg timestamp="20210316 17:39:52.911" level="WARN">Error in file 'C:\Users\chara\PycharmProjects\sample\Testcases\forloop.robot' in FOR loop starting on line 17: Marking for loop body with '\' is deprecated. Remove markers and use 'END' instead.</msg>
<kw name="${i} = john" type="foritem">
<kw name="Log To Console" library="BuiltIn">
<doc>Logs the given message to the console.</doc>
<arguments>
<arg>${i}</arg>
</arguments>
<status status="PASS" starttime="20210316 17:39:52.911" endtime="20210316 17:39:52.912"></status>
</kw>
<status status="PASS" starttime="20210316 17:39:52.911" endtime="20210316 17:39:52.912"></status>
</kw>
<kw name="${i} = david" type="foritem">
<kw name="Log To Console" library="BuiltIn">
<doc>Logs the given message to the console.</doc>
<arguments>
<arg>${i}</arg>
</arguments>
<status status="PASS" starttime="20210316 17:39:52.914" endtime="20210316 17:39:52.915"></status>
</kw>
<status status="PASS" starttime="20210316 17:39:52.912" endtime="20210316 17:39:52.915"></status>
</kw>
<kw name="${i} = charan" type="foritem">
<kw name="Log To Console" library="BuiltIn">
<doc>Logs the given message to the console.</doc>
<arguments>
<arg>${i}</arg>
</arguments>
<status status="PASS" starttime="20210316 17:39:52.915" endtime="20210316 17:39:52.916"></status>
</kw>
<status status="PASS" starttime="20210316 17:39:52.915" endtime="20210316 17:39:52.916"></status>
</kw>
<kw name="${i} = kartheek" type="foritem">
<kw name="Log To Console" library="BuiltIn">
<doc>Logs the given message to the console.</doc>
<arguments>
<arg>${i}</arg>
</arguments>
<status status="PASS" starttime="20210316 17:39:52.917" endtime="20210316 17:39:52.918"></status>
</kw>
<status status="PASS" starttime="20210316 17:39:52.916" endtime="20210316 17:39:52.918"></status>
</kw>
<kw name="${i} = budama" type="foritem">
<kw name="Log To Console" library="BuiltIn">
<doc>Logs the given message to the console.</doc>
<arguments>
<arg>${i}</arg>
</arguments>
<status status="PASS" starttime="20210316 17:39:52.918" endtime="20210316 17:39:52.919"></status>
</kw>
<status status="PASS" starttime="20210316 17:39:52.918" endtime="20210316 17:39:52.920"></status>
</kw>
<kw name="${i} = avyukth" type="foritem">
<kw name="Log To Console" library="BuiltIn">
<doc>Logs the given message to the console.</doc>
<arguments>
<arg>${i}</arg>
</arguments>
<status status="PASS" starttime="20210316 17:39:52.920" endtime="20210316 17:39:52.920"></status>
</kw>
<status status="PASS" starttime="20210316 17:39:52.920" endtime="20210316 17:39:52.920"></status>
</kw>
<kw name="${i} = suvchay" type="foritem">
<kw name="Log To Console" library="BuiltIn">
<doc>Logs the given message to the console.</doc>
<arguments>
<arg>${i}</arg>
</arguments>
<status status="PASS" starttime="20210316 17:39:52.921" endtime="20210316 17:39:52.921"></status>
</kw>
<status status="PASS" starttime="20210316 17:39:52.920" endtime="20210316 17:39:52.921"></status>
</kw>
<status status="PASS" starttime="20210316 17:39:52.910" endtime="20210316 17:39:52.921"></status>
</kw>
<status status="PASS" starttime="20210316 17:39:52.910" endtime="20210316 17:39:52.921" critical="yes"></status>
</test>
<test id="s1-s1-t5" name="Forloop5">
<kw name="Create List" library="BuiltIn">
<doc>Returns a list containing given items.</doc>
<arguments>
<arg>john</arg>
<arg>david</arg>
<arg>charan</arg>
<arg>kartheek</arg>
<arg>budama</arg>
<arg>avyukth</arg>
<arg>suvchay</arg>
</arguments>
<assign>
<var>@{namelist}</var>
</assign>
<msg timestamp="20210316 17:39:52.923" level="INFO">@{namelist} = [ john | david | charan | kartheek | budama | avyukth | suvchay ]</msg>
<status status="PASS" starttime="20210316 17:39:52.922" endtime="20210316 17:39:52.923"></status>
</kw>
<kw name="${i} IN [ @{namelist} ]" type="for">
<msg timestamp="20210316 17:39:52.923" level="WARN">Error in file 'C:\Users\chara\PycharmProjects\sample\Testcases\forloop.robot' in FOR loop starting on line 22: For loop header ':FOR' is deprecated. Use 'FOR' instead.</msg>
<msg timestamp="20210316 17:39:52.923" level="WARN">Error in file 'C:\Users\chara\PycharmProjects\sample\Testcases\forloop.robot' in FOR loop starting on line 22: Marking for loop body with '\' is deprecated. Remove markers and use 'END' instead.</msg>
<kw name="${i} = john" type="foritem">
<kw name="Log To Console" library="BuiltIn">
<doc>Logs the given message to the console.</doc>
<arguments>
<arg>${i}</arg>
</arguments>
<status status="PASS" starttime="20210316 17:39:52.924" endtime="20210316 17:39:52.924"></status>
</kw>
<status status="PASS" starttime="20210316 17:39:52.924" endtime="20210316 17:39:52.924"></status>
</kw>
<kw name="${i} = david" type="foritem">
<kw name="Log To Console" library="BuiltIn">
<doc>Logs the given message to the console.</doc>
<arguments>
<arg>${i}</arg>
</arguments>
<status status="PASS" starttime="20210316 17:39:52.925" endtime="20210316 17:39:52.925"></status>
</kw>
<status status="PASS" starttime="20210316 17:39:52.924" endtime="20210316 17:39:52.925"></status>
</kw>
<kw name="${i} = charan" type="foritem">
<kw name="Log To Console" library="BuiltIn">
<doc>Logs the given message to the console.</doc>
<arguments>
<arg>${i}</arg>
</arguments>
<status status="PASS" starttime="20210316 17:39:52.925" endtime="20210316 17:39:52.926"></status>
</kw>
<status status="PASS" starttime="20210316 17:39:52.925" endtime="20210316 17:39:52.926"></status>
</kw>
<kw name="${i} = kartheek" type="foritem">
<kw name="Log To Console" library="BuiltIn">
<doc>Logs the given message to the console.</doc>
<arguments>
<arg>${i}</arg>
</arguments>
<status status="PASS" starttime="20210316 17:39:52.926" endtime="20210316 17:39:52.927"></status>
</kw>
<status status="PASS" starttime="20210316 17:39:52.926" endtime="20210316 17:39:52.927"></status>
</kw>
<kw name="${i} = budama" type="foritem">
<kw name="Log To Console" library="BuiltIn">
<doc>Logs the given message to the console.</doc>
<arguments>
<arg>${i}</arg>
</arguments>
<status status="PASS" starttime="20210316 17:39:52.927" endtime="20210316 17:39:52.928"></status>
</kw>
<status status="PASS" starttime="20210316 17:39:52.927" endtime="20210316 17:39:52.928"></status>
</kw>
<kw name="${i} = avyukth" type="foritem">
<kw name="Log To Console" library="BuiltIn">
<doc>Logs the given message to the console.</doc>
<arguments>
<arg>${i}</arg>
</arguments>
<status status="PASS" starttime="20210316 17:39:52.928" endtime="20210316 17:39:52.929"></status>
</kw>
<status status="PASS" starttime="20210316 17:39:52.928" endtime="20210316 17:39:52.929"></status>
</kw>
<kw name="${i} = suvchay" type="foritem">
<kw name="Log To Console" library="BuiltIn">
<doc>Logs the given message to the console.</doc>
<arguments>
<arg>${i}</arg>
</arguments>
<status status="PASS" starttime="20210316 17:39:52.929" endtime="20210316 17:39:52.929"></status>
</kw>
<status status="PASS" starttime="20210316 17:39:52.929" endtime="20210316 17:39:52.929"></status>
</kw>
<status status="PASS" starttime="20210316 17:39:52.923" endtime="20210316 17:39:52.929"></status>
</kw>
<status status="PASS" starttime="20210316 17:39:52.922" endtime="20210316 17:39:52.930" critical="yes"></status>
</test>
<test id="s1-s1-t6" name="Forloop6withexit">
<kw name="Create List" library="BuiltIn">
<doc>Returns a list containing given items.</doc>
<arguments>
<arg>1</arg>
<arg>2</arg>
<arg>3</arg>
<arg>4</arg>
<arg>5</arg>
<arg>6</arg>
</arguments>
<assign>
<var>@{items}</var>
</assign>
<msg timestamp="20210316 17:39:52.931" level="INFO">@{items} = [ 1 | 2 | 3 | 4 | 5 | 6 ]</msg>
<status status="PASS" starttime="20210316 17:39:52.930" endtime="20210316 17:39:52.931"></status>
</kw>
<kw name="${i} IN [ @{items} ]" type="for">
<msg timestamp="20210316 17:39:52.931" level="WARN">Error in file 'C:\Users\chara\PycharmProjects\sample\Testcases\forloop.robot' in FOR loop starting on line 27: For loop header ':FOR' is deprecated. Use 'FOR' instead.</msg>
<msg timestamp="20210316 17:39:52.931" level="WARN">Error in file 'C:\Users\chara\PycharmProjects\sample\Testcases\forloop.robot' in FOR loop starting on line 27: Marking for loop body with '\' is deprecated. Remove markers and use 'END' instead.</msg>
<kw name="${i} = 1" type="foritem">
<kw name="Log To Console" library="BuiltIn">
<doc>Logs the given message to the console.</doc>
<arguments>
<arg>${i}</arg>
</arguments>
<status status="PASS" starttime="20210316 17:39:52.932" endtime="20210316 17:39:52.933"></status>
</kw>
<kw name="Exit For Loop If" library="BuiltIn">
<doc>Stops executing the enclosing for loop if the ``condition`` is true.</doc>
<arguments>
<arg>${i}==2</arg>
</arguments>
<status status="PASS" starttime="20210316 17:39:52.933" endtime="20210316 17:39:52.933"></status>
</kw>
<status status="PASS" starttime="20210316 17:39:52.932" endtime="20210316 17:39:52.933"></status>
</kw>
<kw name="${i} = 2" type="foritem">
<kw name="Log To Console" library="BuiltIn">
<doc>Logs the given message to the console.</doc>
<arguments>
<arg>${i}</arg>
</arguments>
<status status="PASS" starttime="20210316 17:39:52.934" endtime="20210316 17:39:52.934"></status>
</kw>
<kw name="Exit For Loop If" library="BuiltIn">
<doc>Stops executing the enclosing for loop if the ``condition`` is true.</doc>
<arguments>
<arg>${i}==2</arg>
</arguments>
<msg timestamp="20210316 17:39:52.935" level="INFO">Exiting for loop altogether.</msg>
<status status="PASS" starttime="20210316 17:39:52.935" endtime="20210316 17:39:52.936"></status>
</kw>
<status status="PASS" starttime="20210316 17:39:52.933" endtime="20210316 17:39:52.936"></status>
</kw>
<status status="PASS" starttime="20210316 17:39:52.931" endtime="20210316 17:39:52.936"></status>
</kw>
<status status="PASS" starttime="20210316 17:39:52.930" endtime="20210316 17:39:52.936" critical="yes"></status>
</test>
<status status="PASS" starttime="20210316 17:39:52.870" endtime="20210316 17:39:52.937"></status>
</suite>
<status status="PASS" starttime="20210316 17:39:52.770" endtime="20210316 17:39:52.939"></status>
</suite>
<statistics>
<total>
<stat pass="6" fail="0">Critical Tests</stat>
<stat pass="6" fail="0">All Tests</stat>
</total>
<tag>
</tag>
<suite>
<stat pass="6" fail="0" id="s1" name="Suites">Suites</stat>
<stat pass="6" fail="0" id="s1-s1" name="Forloop">Suites.Forloop</stat>
</suite>
</statistics>
<errors>
<msg timestamp="20210316 17:39:52.875" level="WARN">Error in file 'C:\Users\chara\PycharmProjects\sample\Testcases\forloop.robot' in FOR loop starting on line 4: For loop header ':FOR' is deprecated. Use 'FOR' instead.</msg>
<msg timestamp="20210316 17:39:52.876" level="WARN">Error in file 'C:\Users\chara\PycharmProjects\sample\Testcases\forloop.robot' in FOR loop starting on line 4: Marking for loop body with '\' is deprecated. Remove markers and use 'END' instead.</msg>
<msg timestamp="20210316 17:39:52.888" level="WARN">Error in file 'C:\Users\chara\PycharmProjects\sample\Testcases\forloop.robot' in FOR loop starting on line 8: For loop header ':FOR' is deprecated. Use 'FOR' instead.</msg>
<msg timestamp="20210316 17:39:52.888" level="WARN">Error in file 'C:\Users\chara\PycharmProjects\sample\Testcases\forloop.robot' in FOR loop starting on line 8: Marking for loop body with '\' is deprecated. Remove markers and use 'END' instead.</msg>
<msg timestamp="20210316 17:39:52.897" level="WARN">Error in file 'C:\Users\chara\PycharmProjects\sample\Testcases\forloop.robot' in FOR loop starting on line 13: For loop header ':FOR' is deprecated. Use 'FOR' instead.</msg>
<msg timestamp="20210316 17:39:52.897" level="WARN">Error in file 'C:\Users\chara\PycharmProjects\sample\Testcases\forloop.robot' in FOR loop starting on line 13: Marking for loop body with '\' is deprecated. Remove markers and use 'END' instead.</msg>
<msg timestamp="20210316 17:39:52.910" level="WARN">Error in file 'C:\Users\chara\PycharmProjects\sample\Testcases\forloop.robot' in FOR loop starting on line 17: For loop header ':FOR' is deprecated. Use 'FOR' instead.</msg>
<msg timestamp="20210316 17:39:52.911" level="WARN">Error in file 'C:\Users\chara\PycharmProjects\sample\Testcases\forloop.robot' in FOR loop starting on line 17: Marking for loop body with '\' is deprecated. Remove markers and use 'END' instead.</msg>
<msg timestamp="20210316 17:39:52.923" level="WARN">Error in file 'C:\Users\chara\PycharmProjects\sample\Testcases\forloop.robot' in FOR loop starting on line 22: For loop header ':FOR' is deprecated. Use 'FOR' instead.</msg>
<msg timestamp="20210316 17:39:52.923" level="WARN">Error in file 'C:\Users\chara\PycharmProjects\sample\Testcases\forloop.robot' in FOR loop starting on line 22: Marking for loop body with '\' is deprecated. Remove markers and use 'END' instead.</msg>
<msg timestamp="20210316 17:39:52.931" level="WARN">Error in file 'C:\Users\chara\PycharmProjects\sample\Testcases\forloop.robot' in FOR loop starting on line 27: For loop header ':FOR' is deprecated. Use 'FOR' instead.</msg>
<msg timestamp="20210316 17:39:52.931" level="WARN">Error in file 'C:\Users\chara\PycharmProjects\sample\Testcases\forloop.robot' in FOR loop starting on line 27: Marking for loop body with '\' is deprecated. Remove markers and use 'END' instead.</msg>
</errors>
</robot>
