<?xml version="1.0" encoding="UTF-8"?>
<robot generator="Robot 3.2.2 (Python 3.8.7 on win32)" generated="20210316 17:40:44.917" rpa="false">
<suite id="s1" name="Suites">
<suite id="s1-s1" name="Tabbedwindows" source="C:\Users\chara\PycharmProjects\sample\Testcases\tabbedwindows.robot">
<test id="s1-s1-t1" name="Handling tabbed windows">
<kw name="Open Browser" library="SeleniumLibrary">
<doc>Opens a new browser instance to the given ``url``.</doc>
<arguments>
<arg>http://demo.automationtesting.in/Windows.html</arg>
<arg>chrome</arg>
</arguments>
<msg timestamp="20210316 17:40:46.906" level="INFO">Opening browser 'chrome' to base url 'http://demo.automationtesting.in/Windows.html'.</msg>
<kw name="Capture Page Screenshot" library="SeleniumLibrary">
<doc>Takes screenshot of the current page and embeds it into log file.</doc>
<msg timestamp="20210316 17:41:02.704" level="INFO" html="yes">&lt;/td&gt;&lt;/tr&gt;&lt;tr&gt;&lt;td colspan="3"&gt;&lt;a href="selenium-screenshot-1.png"&gt;&lt;img src="selenium-screenshot-1.png" width="800px"&gt;&lt;/a&gt;</msg>
<status status="PASS" starttime="20210316 17:41:01.490" endtime="20210316 17:41:02.704"></status>
</kw>
<msg timestamp="20210316 17:41:02.707" level="FAIL">WebDriverException: Message: unknown error: net::ERR_INTERNET_DISCONNECTED
  (Session info: chrome=89.0.4389.90)
</msg>
<status status="FAIL" starttime="20210316 17:40:46.905" endtime="20210316 17:41:02.707"></status>
</kw>
<status status="FAIL" starttime="20210316 17:40:46.902" endtime="20210316 17:41:02.710" critical="yes">WebDriverException: Message: unknown error: net::ERR_INTERNET_DISCONNECTED
  (Session info: chrome=89.0.4389.90)
</status>
</test>
<status status="FAIL" starttime="20210316 17:40:45.036" endtime="20210316 17:41:02.713"></status>
</suite>
<status status="FAIL" starttime="20210316 17:40:44.920" endtime="20210316 17:41:02.716"></status>
</suite>
<statistics>
<total>
<stat pass="0" fail="1">Critical Tests</stat>
<stat pass="0" fail="1">All Tests</stat>
</total>
<tag>
</tag>
<suite>
<stat pass="0" fail="1" id="s1" name="Suites">Suites</stat>
<stat pass="0" fail="1" id="s1-s1" name="Tabbedwindows">Suites.Tabbedwindows</stat>
</suite>
</statistics>
<errors>
</errors>
</robot>
