<?xml version="1.0" encoding="UTF-8"?>
<robot generator="Robot 3.2.2 (Python 3.8.7 on win32)" generated="20210316 17:44:47.630" rpa="false">
<suite id="s1" name="Suites">
<suite id="s1-s1" name="Tc1" source="C:\Users\chara\PycharmProjects\sample\Testcases\Tc1.robot">
<test id="s1-s1-t1" name="LoginTest">
<kw name="launchBrowser">
<kw name="Open Browser" library="SeleniumLibrary">
<doc>Opens a new browser instance to the given ``url``.</doc>
<arguments>
<arg>${url}</arg>
<arg>${browser}</arg>
</arguments>
<msg timestamp="20210316 17:44:48.960" level="INFO">Opening browser 'chrome' to base url 'https://demo.nopcommerce.com/'.</msg>
<status status="PASS" starttime="20210316 17:44:48.959" endtime="20210316 17:44:58.128"></status>
</kw>
<kw name="Maximize Browser Window" library="SeleniumLibrary">
<doc>Maximizes current browser window.</doc>
<status status="PASS" starttime="20210316 17:44:58.129" endtime="20210316 17:44:58.561"></status>
</kw>
<status status="PASS" starttime="20210316 17:44:48.955" endtime="20210316 17:44:58.561"></status>
</kw>
<kw name="loginToApplication">
<kw name="Click Link" library="SeleniumLibrary">
<doc>Clicks a link identified by ``locator``.</doc>
<arguments>
<arg>xpath://a[normalize-space()='Log in']</arg>
</arguments>
<msg timestamp="20210316 17:44:58.563" level="INFO">Clicking link 'xpath://a[normalize-space()='Log in']'.</msg>
<status status="PASS" starttime="20210316 17:44:58.562" endtime="20210316 17:45:00.180"></status>
</kw>
<kw name="Sleep" library="BuiltIn">
<doc>Pauses the test executed for the given time.</doc>
<arguments>
<arg>${sleep}</arg>
</arguments>
<msg timestamp="20210316 17:45:02.190" level="INFO">Slept 2 seconds</msg>
<status status="PASS" starttime="20210316 17:45:00.180" endtime="20210316 17:45:02.191"></status>
</kw>
<kw name="Input Text" library="SeleniumLibrary">
<doc>Types the given ``text`` into text field identified by ``locator``.</doc>
<arguments>
<arg>id:Email</arg>
<arg>charankartheek.budama@gmail.com</arg>
</arguments>
<msg timestamp="20210316 17:45:02.191" level="INFO">Typing text 'charankartheek.budama@gmail.com' into text field 'id:Email'.</msg>
<status status="PASS" starttime="20210316 17:45:02.191" endtime="20210316 17:45:02.687"></status>
</kw>
<kw name="Sleep" library="BuiltIn">
<doc>Pauses the test executed for the given time.</doc>
<arguments>
<arg>${sleep}</arg>
</arguments>
<msg timestamp="20210316 17:45:04.726" level="INFO">Slept 2 seconds</msg>
<status status="PASS" starttime="20210316 17:45:02.687" endtime="20210316 17:45:04.726"></status>
</kw>
<kw name="Input Text" library="SeleniumLibrary">
<doc>Types the given ``text`` into text field identified by ``locator``.</doc>
<arguments>
<arg>id:Password</arg>
<arg>hello@123</arg>
</arguments>
<msg timestamp="20210316 17:45:04.727" level="INFO">Typing text 'hello@123' into text field 'id:Password'.</msg>
<status status="PASS" starttime="20210316 17:45:04.727" endtime="20210316 17:45:05.639"></status>
</kw>
<kw name="Sleep" library="BuiltIn">
<doc>Pauses the test executed for the given time.</doc>
<arguments>
<arg>${sleep}</arg>
</arguments>
<msg timestamp="20210316 17:45:07.647" level="INFO">Slept 2 seconds</msg>
<status status="PASS" starttime="20210316 17:45:05.640" endtime="20210316 17:45:07.648"></status>
</kw>
<kw name="Click Element" library="SeleniumLibrary">
<doc>Click element identified by ``locator``.</doc>
<arguments>
<arg>xpath://input[@value='Log in']</arg>
</arguments>
<msg timestamp="20210316 17:45:07.648" level="INFO">Clicking element 'xpath://input[@value='Log in']'.</msg>
<kw name="Capture Page Screenshot" library="SeleniumLibrary">
<doc>Takes screenshot of the current page and embeds it into log file.</doc>
<msg timestamp="20210316 17:45:10.631" level="INFO" html="yes">&lt;/td&gt;&lt;/tr&gt;&lt;tr&gt;&lt;td colspan="3"&gt;&lt;a href="selenium-screenshot-1.png"&gt;&lt;img src="selenium-screenshot-1.png" width="800px"&gt;&lt;/a&gt;</msg>
<status status="PASS" starttime="20210316 17:45:07.663" endtime="20210316 17:45:10.631"></status>
</kw>
<msg timestamp="20210316 17:45:10.642" level="FAIL">Element with locator 'xpath://input[@value='Log in']' not found.</msg>
<status status="FAIL" starttime="20210316 17:45:07.648" endtime="20210316 17:45:10.642"></status>
</kw>
<status status="FAIL" starttime="20210316 17:44:58.562" endtime="20210316 17:45:10.642"></status>
</kw>
<status status="FAIL" starttime="20210316 17:44:48.955" endtime="20210316 17:45:10.642" critical="yes">Element with locator 'xpath://input[@value='Log in']' not found.</status>
</test>
<status status="FAIL" starttime="20210316 17:44:47.778" endtime="20210316 17:45:10.644"></status>
</suite>
<status status="FAIL" starttime="20210316 17:44:47.650" endtime="20210316 17:45:10.647"></status>
</suite>
<statistics>
<total>
<stat pass="0" fail="1">Critical Tests</stat>
<stat pass="0" fail="1">All Tests</stat>
</total>
<tag>
</tag>
<suite>
<stat pass="0" fail="1" id="s1" name="Suites">Suites</stat>
<stat pass="0" fail="1" id="s1-s1" name="Tc1">Suites.Tc1</stat>
</suite>
</statistics>
<errors>
</errors>
</robot>
