<?xml version="1.0" encoding="UTF-8"?>
<robot generator="Rebot 3.2.2 (Python 3.8.7 on win32)" generated="20210316 17:45:38.309" rpa="false">
<suite id="s1" name="Suites">
<suite id="s1-s1" name="Alerts" source="C:\Users\chara\PycharmProjects\sample\Testcases\alerts.robot">
<test id="s1-s1-t1" name="Handling Alerts">
<kw name="Open Browser" library="SeleniumLibrary">
<doc>Opens a new browser instance to the given ``url``.</doc>
<arguments>
<arg>http://testautomationpractice.blogspot.com/</arg>
<arg>chrome</arg>
</arguments>
<msg timestamp="20210316 17:43:47.772" level="INFO">Opening browser 'chrome' to base url 'http://testautomationpractice.blogspot.com/'.</msg>
<status status="PASS" starttime="20210316 17:43:47.771" endtime="20210316 17:44:01.485"></status>
</kw>
<kw name="Maximize Browser Window" library="SeleniumLibrary">
<doc>Maximizes current browser window.</doc>
<status status="PASS" starttime="20210316 17:44:01.486" endtime="20210316 17:44:04.669"></status>
</kw>
<kw name="Click Element" library="SeleniumLibrary">
<doc>Click element identified by ``locator``.</doc>
<arguments>
<arg>xpath://button[normalize-space()='Click Me']</arg>
</arguments>
<msg timestamp="20210316 17:44:04.670" level="INFO">Clicking element 'xpath://button[normalize-space()='Click Me']'.</msg>
<status status="PASS" starttime="20210316 17:44:04.670" endtime="20210316 17:44:09.140"></status>
</kw>
<kw name="Sleep" library="BuiltIn">
<doc>Pauses the test executed for the given time.</doc>
<arguments>
<arg>3</arg>
</arguments>
<msg timestamp="20210316 17:44:12.148" level="INFO">Slept 3 seconds</msg>
<status status="PASS" starttime="20210316 17:44:09.140" endtime="20210316 17:44:12.148"></status>
</kw>
<kw name="Handle Alert" library="SeleniumLibrary">
<doc>Handles the current alert and returns its message.</doc>
<arguments>
<arg>accept</arg>
</arguments>
<assign>
<var>${handlealertaccept}</var>
</assign>
<msg timestamp="20210316 17:44:12.542" level="INFO">${handlealertaccept} = Press a button!</msg>
<status status="PASS" starttime="20210316 17:44:12.148" endtime="20210316 17:44:12.542"></status>
</kw>
<kw name="Log To Console" library="BuiltIn">
<doc>Logs the given message to the console.</doc>
<arguments>
<arg>clicked on accept and the alert is ${handlealertaccept}</arg>
</arguments>
<status status="PASS" starttime="20210316 17:44:12.542" endtime="20210316 17:44:12.542"></status>
</kw>
<kw name="Click Element" library="SeleniumLibrary">
<doc>Click element identified by ``locator``.</doc>
<arguments>
<arg>xpath://button[normalize-space()='Click Me']</arg>
</arguments>
<msg timestamp="20210316 17:44:12.543" level="INFO">Clicking element 'xpath://button[normalize-space()='Click Me']'.</msg>
<status status="PASS" starttime="20210316 17:44:12.543" endtime="20210316 17:44:13.887"></status>
</kw>
<kw name="Sleep" library="BuiltIn">
<doc>Pauses the test executed for the given time.</doc>
<arguments>
<arg>3</arg>
</arguments>
<msg timestamp="20210316 17:44:16.895" level="INFO">Slept 3 seconds</msg>
<status status="PASS" starttime="20210316 17:44:13.887" endtime="20210316 17:44:16.896"></status>
</kw>
<kw name="Handle Alert" library="SeleniumLibrary">
<doc>Handles the current alert and returns its message.</doc>
<arguments>
<arg>dismiss</arg>
</arguments>
<assign>
<var>${handlealertdismiss}</var>
</assign>
<msg timestamp="20210316 17:44:17.057" level="INFO">${handlealertdismiss} = Press a button!</msg>
<status status="PASS" starttime="20210316 17:44:16.896" endtime="20210316 17:44:17.057"></status>
</kw>
<kw name="Log To Console" library="BuiltIn">
<doc>Logs the given message to the console.</doc>
<arguments>
<arg>clicked on dismiss and the dismissed alert is ${handlealertdismiss}</arg>
</arguments>
<status status="PASS" starttime="20210316 17:44:17.058" endtime="20210316 17:44:17.058"></status>
</kw>
<kw name="Sleep" library="BuiltIn">
<doc>Pauses the test executed for the given time.</doc>
<arguments>
<arg>3</arg>
</arguments>
<msg timestamp="20210316 17:44:20.063" level="INFO">Slept 3 seconds</msg>
<status status="PASS" starttime="20210316 17:44:17.058" endtime="20210316 17:44:20.064"></status>
</kw>
<kw name="Click Element" library="SeleniumLibrary">
<doc>Click element identified by ``locator``.</doc>
<arguments>
<arg>xpath://button[normalize-space()='Click Me']</arg>
</arguments>
<msg timestamp="20210316 17:44:20.064" level="INFO">Clicking element 'xpath://button[normalize-space()='Click Me']'.</msg>
<status status="PASS" starttime="20210316 17:44:20.064" endtime="20210316 17:44:23.128"></status>
</kw>
<kw name="Sleep" library="BuiltIn">
<doc>Pauses the test executed for the given time.</doc>
<arguments>
<arg>3</arg>
</arguments>
<msg timestamp="20210316 17:44:26.135" level="INFO">Slept 3 seconds</msg>
<status status="PASS" starttime="20210316 17:44:23.128" endtime="20210316 17:44:26.136"></status>
</kw>
<kw name="Alert Should Be Present" library="SeleniumLibrary">
<doc>Verifies that an alert is present and, by default, accepts it.</doc>
<arguments>
<arg>Press a button!</arg>
</arguments>
<status status="PASS" starttime="20210316 17:44:26.137" endtime="20210316 17:44:26.427"></status>
</kw>
<kw name="Log To Console" library="BuiltIn">
<doc>Logs the given message to the console.</doc>
<arguments>
<arg>verified positive test</arg>
</arguments>
<status status="PASS" starttime="20210316 17:44:26.428" endtime="20210316 17:44:26.429"></status>
</kw>
<kw name="Click Element" library="SeleniumLibrary">
<doc>Click element identified by ``locator``.</doc>
<arguments>
<arg>xpath://button[normalize-space()='Click Me']</arg>
</arguments>
<msg timestamp="20210316 17:44:26.434" level="INFO">Clicking element 'xpath://button[normalize-space()='Click Me']'.</msg>
<status status="PASS" starttime="20210316 17:44:26.433" endtime="20210316 17:44:27.062"></status>
</kw>
<kw name="Sleep" library="BuiltIn">
<doc>Pauses the test executed for the given time.</doc>
<arguments>
<arg>3</arg>
</arguments>
<msg timestamp="20210316 17:44:30.073" level="INFO">Slept 3 seconds</msg>
<status status="PASS" starttime="20210316 17:44:27.062" endtime="20210316 17:44:30.073"></status>
</kw>
<kw name="Handle Alert" library="SeleniumLibrary">
<doc>Handles the current alert and returns its message.</doc>
<arguments>
<arg>leave</arg>
</arguments>
<assign>
<var>${alertleave}</var>
</assign>
<msg timestamp="20210316 17:44:30.077" level="INFO">${alertleave} = Press a button!</msg>
<status status="PASS" starttime="20210316 17:44:30.074" endtime="20210316 17:44:30.077"></status>
</kw>
<kw name="Sleep" library="BuiltIn">
<doc>Pauses the test executed for the given time.</doc>
<arguments>
<arg>3</arg>
</arguments>
<msg timestamp="20210316 17:44:33.089" level="INFO">Slept 3 seconds</msg>
<status status="PASS" starttime="20210316 17:44:30.077" endtime="20210316 17:44:33.091"></status>
</kw>
<kw name="Log To Console" library="BuiltIn">
<doc>Logs the given message to the console.</doc>
<arguments>
<arg>Verified leave and the alert is ${alertleave}</arg>
</arguments>
<status status="PASS" starttime="20210316 17:44:33.091" endtime="20210316 17:44:33.092"></status>
</kw>
<kw name="Close Browser" library="SeleniumLibrary">
<doc>Closes the current browser.</doc>
<status status="PASS" starttime="20210316 17:44:33.092" endtime="20210316 17:44:47.369"></status>
</kw>
<kw name="Log To Console" library="BuiltIn">
<doc>Logs the given message to the console.</doc>
<arguments>
<arg>closed browser</arg>
</arguments>
<status status="PASS" starttime="20210316 17:44:47.369" endtime="20210316 17:44:47.369"></status>
</kw>
<status status="PASS" starttime="20210316 17:43:47.770" endtime="20210316 17:44:47.370" critical="yes"></status>
</test>
<status status="PASS" starttime="20210316 17:43:47.198" endtime="20210316 17:44:47.371"></status>
</suite>
<suite id="s1-s2" name="Inputbox" source="C:\Users\chara\PycharmProjects\sample\Testcases\inputbox.robot">
<test id="s1-s2-t1" name="TestingInputBox">
<kw name="Open Browser" library="SeleniumLibrary">
<doc>Opens a new browser instance to the given ``url``.</doc>
<arguments>
<arg>${url}</arg>
<arg>${browser}</arg>
</arguments>
<msg timestamp="20210316 17:43:52.692" level="INFO">Opening browser 'chrome' to base url 'https://demo.nopcommerce.com/'.</msg>
<status status="PASS" starttime="20210316 17:43:52.691" endtime="20210316 17:44:12.849"></status>
</kw>
<kw name="Maximize Browser Window" library="SeleniumLibrary">
<doc>Maximizes current browser window.</doc>
<status status="PASS" starttime="20210316 17:44:12.850" endtime="20210316 17:44:13.676"></status>
</kw>
<kw name="Title Should Be" library="SeleniumLibrary">
<doc>Verifies that current page title equals ``title``.</doc>
<arguments>
<arg>nopCommerce demo store</arg>
</arguments>
<msg timestamp="20210316 17:44:13.885" level="INFO">Page title is 'nopCommerce demo store'.</msg>
<status status="PASS" starttime="20210316 17:44:13.677" endtime="20210316 17:44:13.885"></status>
</kw>
<kw name="Click Link" library="SeleniumLibrary">
<doc>Clicks a link identified by ``locator``.</doc>
<arguments>
<arg>xpath://a[normalize-space()='Log in']</arg>
</arguments>
<msg timestamp="20210316 17:44:13.885" level="INFO">Clicking link 'xpath://a[normalize-space()='Log in']'.</msg>
<status status="PASS" starttime="20210316 17:44:13.885" endtime="20210316 17:44:17.702"></status>
</kw>
<kw name="Set Variable" library="BuiltIn">
<doc>Returns the given values which can then be assigned to a variables.</doc>
<arguments>
<arg>id:Email</arg>
</arguments>
<assign>
<var>${email}</var>
</assign>
<msg timestamp="20210316 17:44:17.704" level="INFO">${email} = id:Email</msg>
<status status="PASS" starttime="20210316 17:44:17.702" endtime="20210316 17:44:17.704"></status>
</kw>
<kw name="Element Should Be Visible" library="SeleniumLibrary">
<doc>Verifies that the element identified by ``locator`` is visible.</doc>
<arguments>
<arg>${email}</arg>
</arguments>
<msg timestamp="20210316 17:44:18.024" level="INFO">Element 'id:Email' is displayed.</msg>
<status status="PASS" starttime="20210316 17:44:17.705" endtime="20210316 17:44:18.024"></status>
</kw>
<kw name="Element Should Be Enabled" library="SeleniumLibrary">
<doc>Verifies that element identified with ``locator`` is enabled.</doc>
<arguments>
<arg>${email}</arg>
</arguments>
<status status="PASS" starttime="20210316 17:44:18.024" endtime="20210316 17:44:18.117"></status>
</kw>
<kw name="Sleep" library="BuiltIn">
<doc>Pauses the test executed for the given time.</doc>
<arguments>
<arg>5</arg>
</arguments>
<msg timestamp="20210316 17:44:23.150" level="INFO">Slept 5 seconds</msg>
<status status="PASS" starttime="20210316 17:44:18.118" endtime="20210316 17:44:23.150"></status>
</kw>
<kw name="Input Text" library="SeleniumLibrary">
<doc>Types the given ``text`` into text field identified by ``locator``.</doc>
<arguments>
<arg>${email}</arg>
<arg>charankartheek.budama@gmail.com</arg>
</arguments>
<msg timestamp="20210316 17:44:23.151" level="INFO">Typing text 'charankartheek.budama@gmail.com' into text field 'id:Email'.</msg>
<status status="PASS" starttime="20210316 17:44:23.151" endtime="20210316 17:44:25.820"></status>
</kw>
<kw name="Sleep" library="BuiltIn">
<doc>Pauses the test executed for the given time.</doc>
<arguments>
<arg>5</arg>
</arguments>
<msg timestamp="20210316 17:44:30.824" level="INFO">Slept 5 seconds</msg>
<status status="PASS" starttime="20210316 17:44:25.820" endtime="20210316 17:44:30.824"></status>
</kw>
<kw name="Clear Element Text" library="SeleniumLibrary">
<doc>Clears the value of text entry element identified by ``locator``.</doc>
<arguments>
<arg>${email}</arg>
</arguments>
<status status="PASS" starttime="20210316 17:44:30.824" endtime="20210316 17:44:30.891"></status>
</kw>
<kw name="Sleep" library="BuiltIn">
<doc>Pauses the test executed for the given time.</doc>
<arguments>
<arg>5</arg>
</arguments>
<msg timestamp="20210316 17:44:35.896" level="INFO">Slept 5 seconds</msg>
<status status="PASS" starttime="20210316 17:44:30.891" endtime="20210316 17:44:35.896"></status>
</kw>
<kw name="Close Browser" library="SeleniumLibrary">
<doc>Closes the current browser.</doc>
<status status="PASS" starttime="20210316 17:44:35.897" endtime="20210316 17:44:44.672"></status>
</kw>
<status status="PASS" starttime="20210316 17:43:52.690" endtime="20210316 17:44:44.672" critical="yes"></status>
</test>
<status status="PASS" starttime="20210316 17:43:49.210" endtime="20210316 17:44:44.673"></status>
</suite>
<suite id="s1-s3" name="Links" source="C:\Users\chara\PycharmProjects\sample\Testcases\links.robot">
<test id="s1-s3-t1" name="links">
<kw name="Open Browser" library="SeleniumLibrary">
<doc>Opens a new browser instance to the given ``url``.</doc>
<arguments>
<arg>http://demo.guru99.com/test/newtours/</arg>
<arg>chrome</arg>
</arguments>
<msg timestamp="20210316 17:43:48.746" level="INFO">Opening browser 'chrome' to base url 'http://demo.guru99.com/test/newtours/'.</msg>
<status status="PASS" starttime="20210316 17:43:48.746" endtime="20210316 17:44:08.212"></status>
</kw>
<kw name="Maximize Browser Window" library="SeleniumLibrary">
<doc>Maximizes current browser window.</doc>
<status status="PASS" starttime="20210316 17:44:08.213" endtime="20210316 17:44:09.484"></status>
</kw>
<kw name="Get Element Count" library="SeleniumLibrary">
<doc>Returns number of elements matching ``locator``.</doc>
<arguments>
<arg>xpath://a</arg>
</arguments>
<assign>
<var>${alllinkscount}</var>
</assign>
<msg timestamp="20210316 17:44:09.838" level="INFO">${alllinkscount} = 53</msg>
<status status="PASS" starttime="20210316 17:44:09.484" endtime="20210316 17:44:09.838"></status>
</kw>
<kw name="Log To Console" library="BuiltIn">
<doc>Logs the given message to the console.</doc>
<arguments>
<arg>total links are ${alllinkscount}</arg>
</arguments>
<status status="PASS" starttime="20210316 17:44:09.839" endtime="20210316 17:44:09.839"></status>
</kw>
<kw name="${i} IN RANGE [ 1 | ${alllinkscount} ]" type="for">
<msg timestamp="20210316 17:44:09.839" level="WARN">Error in file 'C:\Users\chara\PycharmProjects\sample\Testcases\links.robot' in FOR loop starting on line 14: For loop header ':FOR' is deprecated. Use 'FOR' instead.</msg>
<msg timestamp="20210316 17:44:09.840" level="WARN">Error in file 'C:\Users\chara\PycharmProjects\sample\Testcases\links.robot' in FOR loop starting on line 14: Marking for loop body with '\' is deprecated. Remove markers and use 'END' instead.</msg>
<kw name="${i} = 1" type="foritem">
<kw name="Get Text" library="SeleniumLibrary">
<doc>Returns the text value of element identified by ``locator``.</doc>
<arguments>
<arg>xpath:(//a)[${i}]</arg>
</arguments>
<assign>
<var>${linktext}</var>
</assign>
<msg timestamp="20210316 17:44:11.370" level="INFO">${linktext} = </msg>
<status status="PASS" starttime="20210316 17:44:09.841" endtime="20210316 17:44:11.370"></status>
</kw>
<kw name="Log To Console" library="BuiltIn">
<doc>Logs the given message to the console.</doc>
<arguments>
<arg>${linktext}</arg>
</arguments>
<status status="PASS" starttime="20210316 17:44:11.370" endtime="20210316 17:44:11.372"></status>
</kw>
<status status="PASS" starttime="20210316 17:44:09.841" endtime="20210316 17:44:11.372"></status>
</kw>
<kw name="${i} = 2" type="foritem">
<kw name="Get Text" library="SeleniumLibrary">
<doc>Returns the text value of element identified by ``locator``.</doc>
<arguments>
<arg>xpath:(//a)[${i}]</arg>
</arguments>
<assign>
<var>${linktext}</var>
</assign>
<msg timestamp="20210316 17:44:12.856" level="INFO">${linktext} = Demo Site</msg>
<status status="PASS" starttime="20210316 17:44:11.373" endtime="20210316 17:44:12.856"></status>
</kw>
<kw name="Log To Console" library="BuiltIn">
<doc>Logs the given message to the console.</doc>
<arguments>
<arg>${linktext}</arg>
</arguments>
<status status="PASS" starttime="20210316 17:44:12.856" endtime="20210316 17:44:12.857"></status>
</kw>
<status status="PASS" starttime="20210316 17:44:11.372" endtime="20210316 17:44:12.857"></status>
</kw>
<kw name="${i} = 3" type="foritem">
<kw name="Get Text" library="SeleniumLibrary">
<doc>Returns the text value of element identified by ``locator``.</doc>
<arguments>
<arg>xpath:(//a)[${i}]</arg>
</arguments>
<assign>
<var>${linktext}</var>
</assign>
<msg timestamp="20210316 17:44:13.643" level="INFO">${linktext} = Selenium</msg>
<status status="PASS" starttime="20210316 17:44:12.857" endtime="20210316 17:44:13.643"></status>
</kw>
<kw name="Log To Console" library="BuiltIn">
<doc>Logs the given message to the console.</doc>
<arguments>
<arg>${linktext}</arg>
</arguments>
<status status="PASS" starttime="20210316 17:44:13.643" endtime="20210316 17:44:13.643"></status>
</kw>
<status status="PASS" starttime="20210316 17:44:12.857" endtime="20210316 17:44:13.644"></status>
</kw>
<kw name="${i} = 4" type="foritem">
<kw name="Get Text" library="SeleniumLibrary">
<doc>Returns the text value of element identified by ``locator``.</doc>
<arguments>
<arg>xpath:(//a)[${i}]</arg>
</arguments>
<assign>
<var>${linktext}</var>
</assign>
<msg timestamp="20210316 17:44:13.970" level="INFO">${linktext} = </msg>
<status status="PASS" starttime="20210316 17:44:13.644" endtime="20210316 17:44:13.970"></status>
</kw>
<kw name="Log To Console" library="BuiltIn">
<doc>Logs the given message to the console.</doc>
<arguments>
<arg>${linktext}</arg>
</arguments>
<status status="PASS" starttime="20210316 17:44:13.970" endtime="20210316 17:44:13.970"></status>
</kw>
<status status="PASS" starttime="20210316 17:44:13.644" endtime="20210316 17:44:13.971"></status>
</kw>
<kw name="${i} = 5" type="foritem">
<kw name="Get Text" library="SeleniumLibrary">
<doc>Returns the text value of element identified by ``locator``.</doc>
<arguments>
<arg>xpath:(//a)[${i}]</arg>
</arguments>
<assign>
<var>${linktext}</var>
</assign>
<msg timestamp="20210316 17:44:14.037" level="INFO">${linktext} = </msg>
<status status="PASS" starttime="20210316 17:44:13.971" endtime="20210316 17:44:14.037"></status>
</kw>
<kw name="Log To Console" library="BuiltIn">
<doc>Logs the given message to the console.</doc>
<arguments>
<arg>${linktext}</arg>
</arguments>
<status status="PASS" starttime="20210316 17:44:14.037" endtime="20210316 17:44:14.038"></status>
</kw>
<status status="PASS" starttime="20210316 17:44:13.971" endtime="20210316 17:44:14.038"></status>
</kw>
<kw name="${i} = 6" type="foritem">
<kw name="Get Text" library="SeleniumLibrary">
<doc>Returns the text value of element identified by ``locator``.</doc>
<arguments>
<arg>xpath:(//a)[${i}]</arg>
</arguments>
<assign>
<var>${linktext}</var>
</assign>
<msg timestamp="20210316 17:44:14.171" level="INFO">${linktext} = </msg>
<status status="PASS" starttime="20210316 17:44:14.039" endtime="20210316 17:44:14.171"></status>
</kw>
<kw name="Log To Console" library="BuiltIn">
<doc>Logs the given message to the console.</doc>
<arguments>
<arg>${linktext}</arg>
</arguments>
<status status="PASS" starttime="20210316 17:44:14.171" endtime="20210316 17:44:14.172"></status>
</kw>
<status status="PASS" starttime="20210316 17:44:14.038" endtime="20210316 17:44:14.172"></status>
</kw>
<kw name="${i} = 7" type="foritem">
<kw name="Get Text" library="SeleniumLibrary">
<doc>Returns the text value of element identified by ``locator``.</doc>
<arguments>
<arg>xpath:(//a)[${i}]</arg>
</arguments>
<assign>
<var>${linktext}</var>
</assign>
<msg timestamp="20210316 17:44:14.271" level="INFO">${linktext} = </msg>
<status status="PASS" starttime="20210316 17:44:14.173" endtime="20210316 17:44:14.271"></status>
</kw>
<kw name="Log To Console" library="BuiltIn">
<doc>Logs the given message to the console.</doc>
<arguments>
<arg>${linktext}</arg>
</arguments>
<status status="PASS" starttime="20210316 17:44:14.271" endtime="20210316 17:44:14.272"></status>
</kw>
<status status="PASS" starttime="20210316 17:44:14.173" endtime="20210316 17:44:14.272"></status>
</kw>
<kw name="${i} = 8" type="foritem">
<kw name="Get Text" library="SeleniumLibrary">
<doc>Returns the text value of element identified by ``locator``.</doc>
<arguments>
<arg>xpath:(//a)[${i}]</arg>
</arguments>
<assign>
<var>${linktext}</var>
</assign>
<msg timestamp="20210316 17:44:14.436" level="INFO">${linktext} = </msg>
<status status="PASS" starttime="20210316 17:44:14.273" endtime="20210316 17:44:14.436"></status>
</kw>
<kw name="Log To Console" library="BuiltIn">
<doc>Logs the given message to the console.</doc>
<arguments>
<arg>${linktext}</arg>
</arguments>
<status status="PASS" starttime="20210316 17:44:14.436" endtime="20210316 17:44:14.437"></status>
</kw>
<status status="PASS" starttime="20210316 17:44:14.273" endtime="20210316 17:44:14.437"></status>
</kw>
<kw name="${i} = 9" type="foritem">
<kw name="Get Text" library="SeleniumLibrary">
<doc>Returns the text value of element identified by ``locator``.</doc>
<arguments>
<arg>xpath:(//a)[${i}]</arg>
</arguments>
<assign>
<var>${linktext}</var>
</assign>
<msg timestamp="20210316 17:44:14.557" level="INFO">${linktext} = </msg>
<status status="PASS" starttime="20210316 17:44:14.438" endtime="20210316 17:44:14.557"></status>
</kw>
<kw name="Log To Console" library="BuiltIn">
<doc>Logs the given message to the console.</doc>
<arguments>
<arg>${linktext}</arg>
</arguments>
<status status="PASS" starttime="20210316 17:44:14.557" endtime="20210316 17:44:14.558"></status>
</kw>
<status status="PASS" starttime="20210316 17:44:14.437" endtime="20210316 17:44:14.558"></status>
</kw>
<kw name="${i} = 10" type="foritem">
<kw name="Get Text" library="SeleniumLibrary">
<doc>Returns the text value of element identified by ``locator``.</doc>
<arguments>
<arg>xpath:(//a)[${i}]</arg>
</arguments>
<assign>
<var>${linktext}</var>
</assign>
<msg timestamp="20210316 17:44:14.846" level="INFO">${linktext} = </msg>
<status status="PASS" starttime="20210316 17:44:14.558" endtime="20210316 17:44:14.846"></status>
</kw>
<kw name="Log To Console" library="BuiltIn">
<doc>Logs the given message to the console.</doc>
<arguments>
<arg>${linktext}</arg>
</arguments>
<status status="PASS" starttime="20210316 17:44:14.846" endtime="20210316 17:44:14.847"></status>
</kw>
<status status="PASS" starttime="20210316 17:44:14.558" endtime="20210316 17:44:14.847"></status>
</kw>
<kw name="${i} = 11" type="foritem">
<kw name="Get Text" library="SeleniumLibrary">
<doc>Returns the text value of element identified by ``locator``.</doc>
<arguments>
<arg>xpath:(//a)[${i}]</arg>
</arguments>
<assign>
<var>${linktext}</var>
</assign>
<msg timestamp="20210316 17:44:15.176" level="INFO">${linktext} = </msg>
<status status="PASS" starttime="20210316 17:44:14.847" endtime="20210316 17:44:15.176"></status>
</kw>
<kw name="Log To Console" library="BuiltIn">
<doc>Logs the given message to the console.</doc>
<arguments>
<arg>${linktext}</arg>
</arguments>
<status status="PASS" starttime="20210316 17:44:15.177" endtime="20210316 17:44:15.177"></status>
</kw>
<status status="PASS" starttime="20210316 17:44:14.847" endtime="20210316 17:44:15.177"></status>
</kw>
<kw name="${i} = 12" type="foritem">
<kw name="Get Text" library="SeleniumLibrary">
<doc>Returns the text value of element identified by ``locator``.</doc>
<arguments>
<arg>xpath:(//a)[${i}]</arg>
</arguments>
<assign>
<var>${linktext}</var>
</assign>
<msg timestamp="20210316 17:44:15.550" level="INFO">${linktext} = </msg>
<status status="PASS" starttime="20210316 17:44:15.178" endtime="20210316 17:44:15.550"></status>
</kw>
<kw name="Log To Console" library="BuiltIn">
<doc>Logs the given message to the console.</doc>
<arguments>
<arg>${linktext}</arg>
</arguments>
<status status="PASS" starttime="20210316 17:44:15.551" endtime="20210316 17:44:15.551"></status>
</kw>
<status status="PASS" starttime="20210316 17:44:15.178" endtime="20210316 17:44:15.551"></status>
</kw>
<kw name="${i} = 13" type="foritem">
<kw name="Get Text" library="SeleniumLibrary">
<doc>Returns the text value of element identified by ``locator``.</doc>
<arguments>
<arg>xpath:(//a)[${i}]</arg>
</arguments>
<assign>
<var>${linktext}</var>
</assign>
<msg timestamp="20210316 17:44:15.660" level="INFO">${linktext} = </msg>
<status status="PASS" starttime="20210316 17:44:15.551" endtime="20210316 17:44:15.660"></status>
</kw>
<kw name="Log To Console" library="BuiltIn">
<doc>Logs the given message to the console.</doc>
<arguments>
<arg>${linktext}</arg>
</arguments>
<status status="PASS" starttime="20210316 17:44:15.660" endtime="20210316 17:44:15.660"></status>
</kw>
<status status="PASS" starttime="20210316 17:44:15.551" endtime="20210316 17:44:15.660"></status>
</kw>
<kw name="${i} = 14" type="foritem">
<kw name="Get Text" library="SeleniumLibrary">
<doc>Returns the text value of element identified by ``locator``.</doc>
<arguments>
<arg>xpath:(//a)[${i}]</arg>
</arguments>
<assign>
<var>${linktext}</var>
</assign>
<msg timestamp="20210316 17:44:15.885" level="INFO">${linktext} = </msg>
<status status="PASS" starttime="20210316 17:44:15.661" endtime="20210316 17:44:15.885"></status>
</kw>
<kw name="Log To Console" library="BuiltIn">
<doc>Logs the given message to the console.</doc>
<arguments>
<arg>${linktext}</arg>
</arguments>
<status status="PASS" starttime="20210316 17:44:15.885" endtime="20210316 17:44:15.887"></status>
</kw>
<status status="PASS" starttime="20210316 17:44:15.661" endtime="20210316 17:44:15.887"></status>
</kw>
<kw name="${i} = 15" type="foritem">
<kw name="Get Text" library="SeleniumLibrary">
<doc>Returns the text value of element identified by ``locator``.</doc>
<arguments>
<arg>xpath:(//a)[${i}]</arg>
</arguments>
<assign>
<var>${linktext}</var>
</assign>
<msg timestamp="20210316 17:44:16.200" level="INFO">${linktext} = </msg>
<status status="PASS" starttime="20210316 17:44:15.887" endtime="20210316 17:44:16.201"></status>
</kw>
<kw name="Log To Console" library="BuiltIn">
<doc>Logs the given message to the console.</doc>
<arguments>
<arg>${linktext}</arg>
</arguments>
<status status="PASS" starttime="20210316 17:44:16.201" endtime="20210316 17:44:16.202"></status>
</kw>
<status status="PASS" starttime="20210316 17:44:15.887" endtime="20210316 17:44:16.202"></status>
</kw>
<kw name="${i} = 16" type="foritem">
<kw name="Get Text" library="SeleniumLibrary">
<doc>Returns the text value of element identified by ``locator``.</doc>
<arguments>
<arg>xpath:(//a)[${i}]</arg>
</arguments>
<assign>
<var>${linktext}</var>
</assign>
<msg timestamp="20210316 17:44:16.572" level="INFO">${linktext} = </msg>
<status status="PASS" starttime="20210316 17:44:16.202" endtime="20210316 17:44:16.572"></status>
</kw>
<kw name="Log To Console" library="BuiltIn">
<doc>Logs the given message to the console.</doc>
<arguments>
<arg>${linktext}</arg>
</arguments>
<status status="PASS" starttime="20210316 17:44:16.572" endtime="20210316 17:44:16.573"></status>
</kw>
<status status="PASS" starttime="20210316 17:44:16.202" endtime="20210316 17:44:16.573"></status>
</kw>
<kw name="${i} = 17" type="foritem">
<kw name="Get Text" library="SeleniumLibrary">
<doc>Returns the text value of element identified by ``locator``.</doc>
<arguments>
<arg>xpath:(//a)[${i}]</arg>
</arguments>
<assign>
<var>${linktext}</var>
</assign>
<msg timestamp="20210316 17:44:16.845" level="INFO">${linktext} = </msg>
<status status="PASS" starttime="20210316 17:44:16.573" endtime="20210316 17:44:16.845"></status>
</kw>
<kw name="Log To Console" library="BuiltIn">
<doc>Logs the given message to the console.</doc>
<arguments>
<arg>${linktext}</arg>
</arguments>
<status status="PASS" starttime="20210316 17:44:16.846" endtime="20210316 17:44:16.846"></status>
</kw>
<status status="PASS" starttime="20210316 17:44:16.573" endtime="20210316 17:44:16.847"></status>
</kw>
<kw name="${i} = 18" type="foritem">
<kw name="Get Text" library="SeleniumLibrary">
<doc>Returns the text value of element identified by ``locator``.</doc>
<arguments>
<arg>xpath:(//a)[${i}]</arg>
</arguments>
<assign>
<var>${linktext}</var>
</assign>
<msg timestamp="20210316 17:44:17.475" level="INFO">${linktext} = </msg>
<status status="PASS" starttime="20210316 17:44:16.847" endtime="20210316 17:44:17.475"></status>
</kw>
<kw name="Log To Console" library="BuiltIn">
<doc>Logs the given message to the console.</doc>
<arguments>
<arg>${linktext}</arg>
</arguments>
<status status="PASS" starttime="20210316 17:44:17.476" endtime="20210316 17:44:17.476"></status>
</kw>
<status status="PASS" starttime="20210316 17:44:16.847" endtime="20210316 17:44:17.476"></status>
</kw>
<kw name="${i} = 19" type="foritem">
<kw name="Get Text" library="SeleniumLibrary">
<doc>Returns the text value of element identified by ``locator``.</doc>
<arguments>
<arg>xpath:(//a)[${i}]</arg>
</arguments>
<assign>
<var>${linktext}</var>
</assign>
<msg timestamp="20210316 17:44:17.864" level="INFO">${linktext} = </msg>
<status status="PASS" starttime="20210316 17:44:17.477" endtime="20210316 17:44:17.864"></status>
</kw>
<kw name="Log To Console" library="BuiltIn">
<doc>Logs the given message to the console.</doc>
<arguments>
<arg>${linktext}</arg>
</arguments>
<status status="PASS" starttime="20210316 17:44:17.864" endtime="20210316 17:44:17.865"></status>
</kw>
<status status="PASS" starttime="20210316 17:44:17.477" endtime="20210316 17:44:17.865"></status>
</kw>
<kw name="${i} = 20" type="foritem">
<kw name="Get Text" library="SeleniumLibrary">
<doc>Returns the text value of element identified by ``locator``.</doc>
<arguments>
<arg>xpath:(//a)[${i}]</arg>
</arguments>
<assign>
<var>${linktext}</var>
</assign>
<msg timestamp="20210316 17:44:18.071" level="INFO">${linktext} = </msg>
<status status="PASS" starttime="20210316 17:44:17.865" endtime="20210316 17:44:18.071"></status>
</kw>
<kw name="Log To Console" library="BuiltIn">
<doc>Logs the given message to the console.</doc>
<arguments>
<arg>${linktext}</arg>
</arguments>
<status status="PASS" starttime="20210316 17:44:18.071" endtime="20210316 17:44:18.072"></status>
</kw>
<status status="PASS" starttime="20210316 17:44:17.865" endtime="20210316 17:44:18.072"></status>
</kw>
<kw name="${i} = 21" type="foritem">
<kw name="Get Text" library="SeleniumLibrary">
<doc>Returns the text value of element identified by ``locator``.</doc>
<arguments>
<arg>xpath:(//a)[${i}]</arg>
</arguments>
<assign>
<var>${linktext}</var>
</assign>
<msg timestamp="20210316 17:44:18.131" level="INFO">${linktext} = </msg>
<status status="PASS" starttime="20210316 17:44:18.072" endtime="20210316 17:44:18.131"></status>
</kw>
<kw name="Log To Console" library="BuiltIn">
<doc>Logs the given message to the console.</doc>
<arguments>
<arg>${linktext}</arg>
</arguments>
<status status="PASS" starttime="20210316 17:44:18.131" endtime="20210316 17:44:18.132"></status>
</kw>
<status status="PASS" starttime="20210316 17:44:18.072" endtime="20210316 17:44:18.132"></status>
</kw>
<kw name="${i} = 22" type="foritem">
<kw name="Get Text" library="SeleniumLibrary">
<doc>Returns the text value of element identified by ``locator``.</doc>
<arguments>
<arg>xpath:(//a)[${i}]</arg>
</arguments>
<assign>
<var>${linktext}</var>
</assign>
<msg timestamp="20210316 17:44:18.196" level="INFO">${linktext} = </msg>
<status status="PASS" starttime="20210316 17:44:18.133" endtime="20210316 17:44:18.196"></status>
</kw>
<kw name="Log To Console" library="BuiltIn">
<doc>Logs the given message to the console.</doc>
<arguments>
<arg>${linktext}</arg>
</arguments>
<status status="PASS" starttime="20210316 17:44:18.196" endtime="20210316 17:44:18.196"></status>
</kw>
<status status="PASS" starttime="20210316 17:44:18.132" endtime="20210316 17:44:18.196"></status>
</kw>
<kw name="${i} = 23" type="foritem">
<kw name="Get Text" library="SeleniumLibrary">
<doc>Returns the text value of element identified by ``locator``.</doc>
<arguments>
<arg>xpath:(//a)[${i}]</arg>
</arguments>
<assign>
<var>${linktext}</var>
</assign>
<msg timestamp="20210316 17:44:18.289" level="INFO">${linktext} = </msg>
<status status="PASS" starttime="20210316 17:44:18.197" endtime="20210316 17:44:18.289"></status>
</kw>
<kw name="Log To Console" library="BuiltIn">
<doc>Logs the given message to the console.</doc>
<arguments>
<arg>${linktext}</arg>
</arguments>
<status status="PASS" starttime="20210316 17:44:18.290" endtime="20210316 17:44:18.291"></status>
</kw>
<status status="PASS" starttime="20210316 17:44:18.197" endtime="20210316 17:44:18.291"></status>
</kw>
<kw name="${i} = 24" type="foritem">
<kw name="Get Text" library="SeleniumLibrary">
<doc>Returns the text value of element identified by ``locator``.</doc>
<arguments>
<arg>xpath:(//a)[${i}]</arg>
</arguments>
<assign>
<var>${linktext}</var>
</assign>
<msg timestamp="20210316 17:44:18.335" level="INFO">${linktext} = Insurance Project</msg>
<status status="PASS" starttime="20210316 17:44:18.291" endtime="20210316 17:44:18.336"></status>
</kw>
<kw name="Log To Console" library="BuiltIn">
<doc>Logs the given message to the console.</doc>
<arguments>
<arg>${linktext}</arg>
</arguments>
<status status="PASS" starttime="20210316 17:44:18.336" endtime="20210316 17:44:18.336"></status>
</kw>
<status status="PASS" starttime="20210316 17:44:18.291" endtime="20210316 17:44:18.336"></status>
</kw>
<kw name="${i} = 25" type="foritem">
<kw name="Get Text" library="SeleniumLibrary">
<doc>Returns the text value of element identified by ``locator``.</doc>
<arguments>
<arg>xpath:(//a)[${i}]</arg>
</arguments>
<assign>
<var>${linktext}</var>
</assign>
<msg timestamp="20210316 17:44:18.582" level="INFO">${linktext} = Agile Project</msg>
<status status="PASS" starttime="20210316 17:44:18.336" endtime="20210316 17:44:18.582"></status>
</kw>
<kw name="Log To Console" library="BuiltIn">
<doc>Logs the given message to the console.</doc>
<arguments>
<arg>${linktext}</arg>
</arguments>
<status status="PASS" starttime="20210316 17:44:18.582" endtime="20210316 17:44:18.583"></status>
</kw>
<status status="PASS" starttime="20210316 17:44:18.336" endtime="20210316 17:44:18.583"></status>
</kw>
<kw name="${i} = 26" type="foritem">
<kw name="Get Text" library="SeleniumLibrary">
<doc>Returns the text value of element identified by ``locator``.</doc>
<arguments>
<arg>xpath:(//a)[${i}]</arg>
</arguments>
<assign>
<var>${linktext}</var>
</assign>
<msg timestamp="20210316 17:44:18.629" level="INFO">${linktext} = Bank Project</msg>
<status status="PASS" starttime="20210316 17:44:18.583" endtime="20210316 17:44:18.629"></status>
</kw>
<kw name="Log To Console" library="BuiltIn">
<doc>Logs the given message to the console.</doc>
<arguments>
<arg>${linktext}</arg>
</arguments>
<status status="PASS" starttime="20210316 17:44:18.629" endtime="20210316 17:44:18.639"></status>
</kw>
<status status="PASS" starttime="20210316 17:44:18.583" endtime="20210316 17:44:18.639"></status>
</kw>
<kw name="${i} = 27" type="foritem">
<kw name="Get Text" library="SeleniumLibrary">
<doc>Returns the text value of element identified by ``locator``.</doc>
<arguments>
<arg>xpath:(//a)[${i}]</arg>
</arguments>
<assign>
<var>${linktext}</var>
</assign>
<msg timestamp="20210316 17:44:18.759" level="INFO">${linktext} = Security Project</msg>
<status status="PASS" starttime="20210316 17:44:18.639" endtime="20210316 17:44:18.759"></status>
</kw>
<kw name="Log To Console" library="BuiltIn">
<doc>Logs the given message to the console.</doc>
<arguments>
<arg>${linktext}</arg>
</arguments>
<status status="PASS" starttime="20210316 17:44:18.759" endtime="20210316 17:44:18.759"></status>
</kw>
<status status="PASS" starttime="20210316 17:44:18.639" endtime="20210316 17:44:18.760"></status>
</kw>
<kw name="${i} = 28" type="foritem">
<kw name="Get Text" library="SeleniumLibrary">
<doc>Returns the text value of element identified by ``locator``.</doc>
<arguments>
<arg>xpath:(//a)[${i}]</arg>
</arguments>
<assign>
<var>${linktext}</var>
</assign>
<msg timestamp="20210316 17:44:20.741" level="INFO">${linktext} = Telecom Project</msg>
<status status="PASS" starttime="20210316 17:44:18.760" endtime="20210316 17:44:20.741"></status>
</kw>
<kw name="Log To Console" library="BuiltIn">
<doc>Logs the given message to the console.</doc>
<arguments>
<arg>${linktext}</arg>
</arguments>
<status status="PASS" starttime="20210316 17:44:20.741" endtime="20210316 17:44:20.742"></status>
</kw>
<status status="PASS" starttime="20210316 17:44:18.760" endtime="20210316 17:44:20.742"></status>
</kw>
<kw name="${i} = 29" type="foritem">
<kw name="Get Text" library="SeleniumLibrary">
<doc>Returns the text value of element identified by ``locator``.</doc>
<arguments>
<arg>xpath:(//a)[${i}]</arg>
</arguments>
<assign>
<var>${linktext}</var>
</assign>
<msg timestamp="20210316 17:44:22.391" level="INFO">${linktext} = Payment Gateway Project</msg>
<status status="PASS" starttime="20210316 17:44:20.742" endtime="20210316 17:44:22.391"></status>
</kw>
<kw name="Log To Console" library="BuiltIn">
<doc>Logs the given message to the console.</doc>
<arguments>
<arg>${linktext}</arg>
</arguments>
<status status="PASS" starttime="20210316 17:44:22.391" endtime="20210316 17:44:22.391"></status>
</kw>
<status status="PASS" starttime="20210316 17:44:20.742" endtime="20210316 17:44:22.392"></status>
</kw>
<kw name="${i} = 30" type="foritem">
<kw name="Get Text" library="SeleniumLibrary">
<doc>Returns the text value of element identified by ``locator``.</doc>
<arguments>
<arg>xpath:(//a)[${i}]</arg>
</arguments>
<assign>
<var>${linktext}</var>
</assign>
<msg timestamp="20210316 17:44:23.262" level="INFO">${linktext} = New Tours</msg>
<status status="PASS" starttime="20210316 17:44:22.392" endtime="20210316 17:44:23.262"></status>
</kw>
<kw name="Log To Console" library="BuiltIn">
<doc>Logs the given message to the console.</doc>
<arguments>
<arg>${linktext}</arg>
</arguments>
<status status="PASS" starttime="20210316 17:44:23.263" endtime="20210316 17:44:23.263"></status>
</kw>
<status status="PASS" starttime="20210316 17:44:22.392" endtime="20210316 17:44:23.263"></status>
</kw>
<kw name="${i} = 31" type="foritem">
<kw name="Get Text" library="SeleniumLibrary">
<doc>Returns the text value of element identified by ``locator``.</doc>
<arguments>
<arg>xpath:(//a)[${i}]</arg>
</arguments>
<assign>
<var>${linktext}</var>
</assign>
<msg timestamp="20210316 17:44:24.458" level="INFO">${linktext} = SEO</msg>
<status status="PASS" starttime="20210316 17:44:23.263" endtime="20210316 17:44:24.458"></status>
</kw>
<kw name="Log To Console" library="BuiltIn">
<doc>Logs the given message to the console.</doc>
<arguments>
<arg>${linktext}</arg>
</arguments>
<status status="PASS" starttime="20210316 17:44:24.458" endtime="20210316 17:44:24.458"></status>
</kw>
<status status="PASS" starttime="20210316 17:44:23.263" endtime="20210316 17:44:24.458"></status>
</kw>
<kw name="${i} = 32" type="foritem">
<kw name="Get Text" library="SeleniumLibrary">
<doc>Returns the text value of element identified by ``locator``.</doc>
<arguments>
<arg>xpath:(//a)[${i}]</arg>
</arguments>
<assign>
<var>${linktext}</var>
</assign>
<msg timestamp="20210316 17:44:25.351" level="INFO">${linktext} = </msg>
<status status="PASS" starttime="20210316 17:44:24.459" endtime="20210316 17:44:25.352"></status>
</kw>
<kw name="Log To Console" library="BuiltIn">
<doc>Logs the given message to the console.</doc>
<arguments>
<arg>${linktext}</arg>
</arguments>
<status status="PASS" starttime="20210316 17:44:25.352" endtime="20210316 17:44:25.353"></status>
</kw>
<status status="PASS" starttime="20210316 17:44:24.458" endtime="20210316 17:44:25.353"></status>
</kw>
<kw name="${i} = 33" type="foritem">
<kw name="Get Text" library="SeleniumLibrary">
<doc>Returns the text value of element identified by ``locator``.</doc>
<arguments>
<arg>xpath:(//a)[${i}]</arg>
</arguments>
<assign>
<var>${linktext}</var>
</assign>
<msg timestamp="20210316 17:44:25.620" level="INFO">${linktext} = </msg>
<status status="PASS" starttime="20210316 17:44:25.353" endtime="20210316 17:44:25.620"></status>
</kw>
<kw name="Log To Console" library="BuiltIn">
<doc>Logs the given message to the console.</doc>
<arguments>
<arg>${linktext}</arg>
</arguments>
<status status="PASS" starttime="20210316 17:44:25.620" endtime="20210316 17:44:25.620"></status>
</kw>
<status status="PASS" starttime="20210316 17:44:25.353" endtime="20210316 17:44:25.620"></status>
</kw>
<kw name="${i} = 34" type="foritem">
<kw name="Get Text" library="SeleniumLibrary">
<doc>Returns the text value of element identified by ``locator``.</doc>
<arguments>
<arg>xpath:(//a)[${i}]</arg>
</arguments>
<assign>
<var>${linktext}</var>
</assign>
<msg timestamp="20210316 17:44:25.821" level="INFO">${linktext} = </msg>
<status status="PASS" starttime="20210316 17:44:25.621" endtime="20210316 17:44:25.821"></status>
</kw>
<kw name="Log To Console" library="BuiltIn">
<doc>Logs the given message to the console.</doc>
<arguments>
<arg>${linktext}</arg>
</arguments>
<status status="PASS" starttime="20210316 17:44:25.821" endtime="20210316 17:44:25.823"></status>
</kw>
<status status="PASS" starttime="20210316 17:44:25.620" endtime="20210316 17:44:25.823"></status>
</kw>
<kw name="${i} = 35" type="foritem">
<kw name="Get Text" library="SeleniumLibrary">
<doc>Returns the text value of element identified by ``locator``.</doc>
<arguments>
<arg>xpath:(//a)[${i}]</arg>
</arguments>
<assign>
<var>${linktext}</var>
</assign>
<msg timestamp="20210316 17:44:25.894" level="INFO">${linktext} = </msg>
<status status="PASS" starttime="20210316 17:44:25.823" endtime="20210316 17:44:25.894"></status>
</kw>
<kw name="Log To Console" library="BuiltIn">
<doc>Logs the given message to the console.</doc>
<arguments>
<arg>${linktext}</arg>
</arguments>
<status status="PASS" starttime="20210316 17:44:25.894" endtime="20210316 17:44:25.895"></status>
</kw>
<status status="PASS" starttime="20210316 17:44:25.823" endtime="20210316 17:44:25.895"></status>
</kw>
<kw name="${i} = 36" type="foritem">
<kw name="Get Text" library="SeleniumLibrary">
<doc>Returns the text value of element identified by ``locator``.</doc>
<arguments>
<arg>xpath:(//a)[${i}]</arg>
</arguments>
<assign>
<var>${linktext}</var>
</assign>
<msg timestamp="20210316 17:44:26.336" level="INFO">${linktext} = </msg>
<status status="PASS" starttime="20210316 17:44:25.896" endtime="20210316 17:44:26.337"></status>
</kw>
<kw name="Log To Console" library="BuiltIn">
<doc>Logs the given message to the console.</doc>
<arguments>
<arg>${linktext}</arg>
</arguments>
<status status="PASS" starttime="20210316 17:44:26.337" endtime="20210316 17:44:26.338"></status>
</kw>
<status status="PASS" starttime="20210316 17:44:25.895" endtime="20210316 17:44:26.338"></status>
</kw>
<kw name="${i} = 37" type="foritem">
<kw name="Get Text" library="SeleniumLibrary">
<doc>Returns the text value of element identified by ``locator``.</doc>
<arguments>
<arg>xpath:(//a)[${i}]</arg>
</arguments>
<assign>
<var>${linktext}</var>
</assign>
<msg timestamp="20210316 17:44:26.739" level="INFO">${linktext} = </msg>
<status status="PASS" starttime="20210316 17:44:26.338" endtime="20210316 17:44:26.739"></status>
</kw>
<kw name="Log To Console" library="BuiltIn">
<doc>Logs the given message to the console.</doc>
<arguments>
<arg>${linktext}</arg>
</arguments>
<status status="PASS" starttime="20210316 17:44:26.739" endtime="20210316 17:44:26.741"></status>
</kw>
<status status="PASS" starttime="20210316 17:44:26.338" endtime="20210316 17:44:26.741"></status>
</kw>
<kw name="${i} = 38" type="foritem">
<kw name="Get Text" library="SeleniumLibrary">
<doc>Returns the text value of element identified by ``locator``.</doc>
<arguments>
<arg>xpath:(//a)[${i}]</arg>
</arguments>
<assign>
<var>${linktext}</var>
</assign>
<msg timestamp="20210316 17:44:27.047" level="INFO">${linktext} = Home</msg>
<status status="PASS" starttime="20210316 17:44:26.741" endtime="20210316 17:44:27.047"></status>
</kw>
<kw name="Log To Console" library="BuiltIn">
<doc>Logs the given message to the console.</doc>
<arguments>
<arg>${linktext}</arg>
</arguments>
<status status="PASS" starttime="20210316 17:44:27.047" endtime="20210316 17:44:27.048"></status>
</kw>
<status status="PASS" starttime="20210316 17:44:26.741" endtime="20210316 17:44:27.048"></status>
</kw>
<kw name="${i} = 39" type="foritem">
<kw name="Get Text" library="SeleniumLibrary">
<doc>Returns the text value of element identified by ``locator``.</doc>
<arguments>
<arg>xpath:(//a)[${i}]</arg>
</arguments>
<assign>
<var>${linktext}</var>
</assign>
<msg timestamp="20210316 17:44:27.252" level="INFO">${linktext} = Flights</msg>
<status status="PASS" starttime="20210316 17:44:27.049" endtime="20210316 17:44:27.252"></status>
</kw>
<kw name="Log To Console" library="BuiltIn">
<doc>Logs the given message to the console.</doc>
<arguments>
<arg>${linktext}</arg>
</arguments>
<status status="PASS" starttime="20210316 17:44:27.252" endtime="20210316 17:44:27.252"></status>
</kw>
<status status="PASS" starttime="20210316 17:44:27.048" endtime="20210316 17:44:27.252"></status>
</kw>
<kw name="${i} = 40" type="foritem">
<kw name="Get Text" library="SeleniumLibrary">
<doc>Returns the text value of element identified by ``locator``.</doc>
<arguments>
<arg>xpath:(//a)[${i}]</arg>
</arguments>
<assign>
<var>${linktext}</var>
</assign>
<msg timestamp="20210316 17:44:27.326" level="INFO">${linktext} = Hotels</msg>
<status status="PASS" starttime="20210316 17:44:27.252" endtime="20210316 17:44:27.326"></status>
</kw>
<kw name="Log To Console" library="BuiltIn">
<doc>Logs the given message to the console.</doc>
<arguments>
<arg>${linktext}</arg>
</arguments>
<status status="PASS" starttime="20210316 17:44:27.327" endtime="20210316 17:44:27.328"></status>
</kw>
<status status="PASS" starttime="20210316 17:44:27.252" endtime="20210316 17:44:27.328"></status>
</kw>
<kw name="${i} = 41" type="foritem">
<kw name="Get Text" library="SeleniumLibrary">
<doc>Returns the text value of element identified by ``locator``.</doc>
<arguments>
<arg>xpath:(//a)[${i}]</arg>
</arguments>
<assign>
<var>${linktext}</var>
</assign>
<msg timestamp="20210316 17:44:27.416" level="INFO">${linktext} = Car Rentals</msg>
<status status="PASS" starttime="20210316 17:44:27.328" endtime="20210316 17:44:27.416"></status>
</kw>
<kw name="Log To Console" library="BuiltIn">
<doc>Logs the given message to the console.</doc>
<arguments>
<arg>${linktext}</arg>
</arguments>
<status status="PASS" starttime="20210316 17:44:27.416" endtime="20210316 17:44:27.417"></status>
</kw>
<status status="PASS" starttime="20210316 17:44:27.328" endtime="20210316 17:44:27.417"></status>
</kw>
<kw name="${i} = 42" type="foritem">
<kw name="Get Text" library="SeleniumLibrary">
<doc>Returns the text value of element identified by ``locator``.</doc>
<arguments>
<arg>xpath:(//a)[${i}]</arg>
</arguments>
<assign>
<var>${linktext}</var>
</assign>
<msg timestamp="20210316 17:44:27.466" level="INFO">${linktext} = Cruises</msg>
<status status="PASS" starttime="20210316 17:44:27.417" endtime="20210316 17:44:27.467"></status>
</kw>
<kw name="Log To Console" library="BuiltIn">
<doc>Logs the given message to the console.</doc>
<arguments>
<arg>${linktext}</arg>
</arguments>
<status status="PASS" starttime="20210316 17:44:27.467" endtime="20210316 17:44:27.467"></status>
</kw>
<status status="PASS" starttime="20210316 17:44:27.417" endtime="20210316 17:44:27.467"></status>
</kw>
<kw name="${i} = 43" type="foritem">
<kw name="Get Text" library="SeleniumLibrary">
<doc>Returns the text value of element identified by ``locator``.</doc>
<arguments>
<arg>xpath:(//a)[${i}]</arg>
</arguments>
<assign>
<var>${linktext}</var>
</assign>
<msg timestamp="20210316 17:44:27.538" level="INFO">${linktext} = Destinations</msg>
<status status="PASS" starttime="20210316 17:44:27.468" endtime="20210316 17:44:27.539"></status>
</kw>
<kw name="Log To Console" library="BuiltIn">
<doc>Logs the given message to the console.</doc>
<arguments>
<arg>${linktext}</arg>
</arguments>
<status status="PASS" starttime="20210316 17:44:27.539" endtime="20210316 17:44:27.539"></status>
</kw>
<status status="PASS" starttime="20210316 17:44:27.468" endtime="20210316 17:44:27.539"></status>
</kw>
<kw name="${i} = 44" type="foritem">
<kw name="Get Text" library="SeleniumLibrary">
<doc>Returns the text value of element identified by ``locator``.</doc>
<arguments>
<arg>xpath:(//a)[${i}]</arg>
</arguments>
<assign>
<var>${linktext}</var>
</assign>
<msg timestamp="20210316 17:44:27.803" level="INFO">${linktext} = Vacations</msg>
<status status="PASS" starttime="20210316 17:44:27.540" endtime="20210316 17:44:27.803"></status>
</kw>
<kw name="Log To Console" library="BuiltIn">
<doc>Logs the given message to the console.</doc>
<arguments>
<arg>${linktext}</arg>
</arguments>
<status status="PASS" starttime="20210316 17:44:27.804" endtime="20210316 17:44:27.804"></status>
</kw>
<status status="PASS" starttime="20210316 17:44:27.539" endtime="20210316 17:44:27.804"></status>
</kw>
<kw name="${i} = 45" type="foritem">
<kw name="Get Text" library="SeleniumLibrary">
<doc>Returns the text value of element identified by ``locator``.</doc>
<arguments>
<arg>xpath:(//a)[${i}]</arg>
</arguments>
<assign>
<var>${linktext}</var>
</assign>
<msg timestamp="20210316 17:44:27.927" level="INFO">${linktext} = SIGN-ON</msg>
<status status="PASS" starttime="20210316 17:44:27.805" endtime="20210316 17:44:27.928"></status>
</kw>
<kw name="Log To Console" library="BuiltIn">
<doc>Logs the given message to the console.</doc>
<arguments>
<arg>${linktext}</arg>
</arguments>
<status status="PASS" starttime="20210316 17:44:27.928" endtime="20210316 17:44:27.928"></status>
</kw>
<status status="PASS" starttime="20210316 17:44:27.804" endtime="20210316 17:44:27.928"></status>
</kw>
<kw name="${i} = 46" type="foritem">
<kw name="Get Text" library="SeleniumLibrary">
<doc>Returns the text value of element identified by ``locator``.</doc>
<arguments>
<arg>xpath:(//a)[${i}]</arg>
</arguments>
<assign>
<var>${linktext}</var>
</assign>
<msg timestamp="20210316 17:44:28.624" level="INFO">${linktext} = REGISTER</msg>
<status status="PASS" starttime="20210316 17:44:27.929" endtime="20210316 17:44:28.624"></status>
</kw>
<kw name="Log To Console" library="BuiltIn">
<doc>Logs the given message to the console.</doc>
<arguments>
<arg>${linktext}</arg>
</arguments>
<status status="PASS" starttime="20210316 17:44:28.624" endtime="20210316 17:44:28.625"></status>
</kw>
<status status="PASS" starttime="20210316 17:44:27.928" endtime="20210316 17:44:28.625"></status>
</kw>
<kw name="${i} = 47" type="foritem">
<kw name="Get Text" library="SeleniumLibrary">
<doc>Returns the text value of element identified by ``locator``.</doc>
<arguments>
<arg>xpath:(//a)[${i}]</arg>
</arguments>
<assign>
<var>${linktext}</var>
</assign>
<msg timestamp="20210316 17:44:29.045" level="INFO">${linktext} = SUPPORT</msg>
<status status="PASS" starttime="20210316 17:44:28.625" endtime="20210316 17:44:29.045"></status>
</kw>
<kw name="Log To Console" library="BuiltIn">
<doc>Logs the given message to the console.</doc>
<arguments>
<arg>${linktext}</arg>
</arguments>
<status status="PASS" starttime="20210316 17:44:29.045" endtime="20210316 17:44:29.046"></status>
</kw>
<status status="PASS" starttime="20210316 17:44:28.625" endtime="20210316 17:44:29.046"></status>
</kw>
<kw name="${i} = 48" type="foritem">
<kw name="Get Text" library="SeleniumLibrary">
<doc>Returns the text value of element identified by ``locator``.</doc>
<arguments>
<arg>xpath:(//a)[${i}]</arg>
</arguments>
<assign>
<var>${linktext}</var>
</assign>
<msg timestamp="20210316 17:44:29.659" level="INFO">${linktext} = CONTACT</msg>
<status status="PASS" starttime="20210316 17:44:29.047" endtime="20210316 17:44:29.659"></status>
</kw>
<kw name="Log To Console" library="BuiltIn">
<doc>Logs the given message to the console.</doc>
<arguments>
<arg>${linktext}</arg>
</arguments>
<status status="PASS" starttime="20210316 17:44:29.660" endtime="20210316 17:44:29.660"></status>
</kw>
<status status="PASS" starttime="20210316 17:44:29.047" endtime="20210316 17:44:29.660"></status>
</kw>
<kw name="${i} = 49" type="foritem">
<kw name="Get Text" library="SeleniumLibrary">
<doc>Returns the text value of element identified by ``locator``.</doc>
<arguments>
<arg>xpath:(//a)[${i}]</arg>
</arguments>
<assign>
<var>${linktext}</var>
</assign>
<msg timestamp="20210316 17:44:29.794" level="INFO">${linktext} = your destination</msg>
<status status="PASS" starttime="20210316 17:44:29.661" endtime="20210316 17:44:29.794"></status>
</kw>
<kw name="Log To Console" library="BuiltIn">
<doc>Logs the given message to the console.</doc>
<arguments>
<arg>${linktext}</arg>
</arguments>
<status status="PASS" starttime="20210316 17:44:29.794" endtime="20210316 17:44:29.794"></status>
</kw>
<status status="PASS" starttime="20210316 17:44:29.660" endtime="20210316 17:44:29.794"></status>
</kw>
<kw name="${i} = 50" type="foritem">
<kw name="Get Text" library="SeleniumLibrary">
<doc>Returns the text value of element identified by ``locator``.</doc>
<arguments>
<arg>xpath:(//a)[${i}]</arg>
</arguments>
<assign>
<var>${linktext}</var>
</assign>
<msg timestamp="20210316 17:44:29.962" level="INFO">${linktext} = featured vacation destinations</msg>
<status status="PASS" starttime="20210316 17:44:29.795" endtime="20210316 17:44:29.962"></status>
</kw>
<kw name="Log To Console" library="BuiltIn">
<doc>Logs the given message to the console.</doc>
<arguments>
<arg>${linktext}</arg>
</arguments>
<status status="PASS" starttime="20210316 17:44:29.962" endtime="20210316 17:44:29.964"></status>
</kw>
<status status="PASS" starttime="20210316 17:44:29.794" endtime="20210316 17:44:29.964"></status>
</kw>
<kw name="${i} = 51" type="foritem">
<kw name="Get Text" library="SeleniumLibrary">
<doc>Returns the text value of element identified by ``locator``.</doc>
<arguments>
<arg>xpath:(//a)[${i}]</arg>
</arguments>
<assign>
<var>${linktext}</var>
</assign>
<msg timestamp="20210316 17:44:30.045" level="INFO">${linktext} = Register here</msg>
<status status="PASS" starttime="20210316 17:44:29.964" endtime="20210316 17:44:30.046"></status>
</kw>
<kw name="Log To Console" library="BuiltIn">
<doc>Logs the given message to the console.</doc>
<arguments>
<arg>${linktext}</arg>
</arguments>
<status status="PASS" starttime="20210316 17:44:30.046" endtime="20210316 17:44:30.047"></status>
</kw>
<status status="PASS" starttime="20210316 17:44:29.964" endtime="20210316 17:44:30.047"></status>
</kw>
<kw name="${i} = 52" type="foritem">
<kw name="Get Text" library="SeleniumLibrary">
<doc>Returns the text value of element identified by ``locator``.</doc>
<arguments>
<arg>xpath:(//a)[${i}]</arg>
</arguments>
<assign>
<var>${linktext}</var>
</assign>
<msg timestamp="20210316 17:44:30.112" level="INFO">${linktext} = Business Travel @ About.com</msg>
<status status="PASS" starttime="20210316 17:44:30.048" endtime="20210316 17:44:30.112"></status>
</kw>
<kw name="Log To Console" library="BuiltIn">
<doc>Logs the given message to the console.</doc>
<arguments>
<arg>${linktext}</arg>
</arguments>
<status status="PASS" starttime="20210316 17:44:30.112" endtime="20210316 17:44:30.114"></status>
</kw>
<status status="PASS" starttime="20210316 17:44:30.047" endtime="20210316 17:44:30.114"></status>
</kw>
<status status="PASS" starttime="20210316 17:44:09.839" endtime="20210316 17:44:30.114"></status>
</kw>
<kw name="Close Browser" library="SeleniumLibrary">
<doc>Closes the current browser.</doc>
<status status="PASS" starttime="20210316 17:44:30.115" endtime="20210316 17:44:44.625"></status>
</kw>
<status status="PASS" starttime="20210316 17:43:48.745" endtime="20210316 17:44:44.626" critical="yes"></status>
</test>
<status status="PASS" starttime="20210316 17:43:47.693" endtime="20210316 17:44:44.627"></status>
</suite>
<suite id="s1-s4" name="Mouseactions" source="C:\Users\chara\PycharmProjects\sample\Testcases\mouseactions.robot">
<test id="s1-s4-t1" name="Mouse Actions">
<kw name="Open Browser" library="SeleniumLibrary">
<doc>Opens a new browser instance to the given ``url``.</doc>
<arguments>
<arg>https://swisnl.github.io/jQuery-contextMenu/demo.html</arg>
<arg>chrome</arg>
</arguments>
<msg timestamp="20210316 17:43:50.368" level="INFO">Opening browser 'chrome' to base url 'https://swisnl.github.io/jQuery-contextMenu/demo.html'.</msg>
<status status="PASS" starttime="20210316 17:43:50.367" endtime="20210316 17:44:07.942"></status>
</kw>
<kw name="Maximize Browser Window" library="SeleniumLibrary">
<doc>Maximizes current browser window.</doc>
<status status="PASS" starttime="20210316 17:44:07.942" endtime="20210316 17:44:09.190"></status>
</kw>
<kw name="Open Context Menu" library="SeleniumLibrary">
<doc>Opens context menu on element identified by ``locator``.</doc>
<arguments>
<arg>xpath://span[@class='context-menu-one btn btn-neutral']</arg>
</arguments>
<status status="PASS" starttime="20210316 17:44:09.190" endtime="20210316 17:44:11.306"></status>
</kw>
<kw name="Sleep" library="BuiltIn">
<doc>Pauses the test executed for the given time.</doc>
<arguments>
<arg>3</arg>
</arguments>
<msg timestamp="20210316 17:44:14.325" level="INFO">Slept 3 seconds</msg>
<status status="PASS" starttime="20210316 17:44:11.306" endtime="20210316 17:44:14.325"></status>
</kw>
<kw name="Click Element" library="SeleniumLibrary">
<doc>Click element identified by ``locator``.</doc>
<arguments>
<arg>//li[@class='context-menu-item context-menu-icon context-menu-icon-edit']</arg>
</arguments>
<msg timestamp="20210316 17:44:14.327" level="INFO">Clicking element '//li[@class='context-menu-item context-menu-icon context-menu-icon-edit']'.</msg>
<status status="PASS" starttime="20210316 17:44:14.325" endtime="20210316 17:44:14.587"></status>
</kw>
<kw name="Sleep" library="BuiltIn">
<doc>Pauses the test executed for the given time.</doc>
<arguments>
<arg>3</arg>
</arguments>
<msg timestamp="20210316 17:44:17.600" level="INFO">Slept 3 seconds</msg>
<status status="PASS" starttime="20210316 17:44:14.588" endtime="20210316 17:44:17.600"></status>
</kw>
<kw name="Get Alert Message" library="SeleniumLibrary">
<doc>Deprecated. Use `Handle Alert` instead.</doc>
<assign>
<var>${alertmessage}</var>
</assign>
<msg timestamp="20210316 17:44:17.687" level="INFO">${alertmessage} = clicked: edit</msg>
<status status="PASS" starttime="20210316 17:44:17.600" endtime="20210316 17:44:17.687"></status>
</kw>
<kw name="Log To Console" library="BuiltIn">
<doc>Logs the given message to the console.</doc>
<arguments>
<arg>alert message displayed is ${alertmessage}</arg>
</arguments>
<status status="PASS" starttime="20210316 17:44:17.687" endtime="20210316 17:44:17.688"></status>
</kw>
<kw name="Go To" library="SeleniumLibrary">
<doc>Navigates the active browser instance to the provided ``url``.</doc>
<arguments>
<arg>http://testautomationpractice.blogspot.com/</arg>
</arguments>
<msg timestamp="20210316 17:44:17.688" level="INFO">Opening url 'http://testautomationpractice.blogspot.com/'</msg>
<status status="PASS" starttime="20210316 17:44:17.688" endtime="20210316 17:44:27.389"></status>
</kw>
<kw name="Maximize Browser Window" library="SeleniumLibrary">
<doc>Maximizes current browser window.</doc>
<status status="PASS" starttime="20210316 17:44:27.389" endtime="20210316 17:44:27.393"></status>
</kw>
<kw name="Double Click Element" library="SeleniumLibrary">
<doc>Double click element identified by ``locator``.</doc>
<arguments>
<arg>xpath://button[normalize-space()='Copy Text']</arg>
</arguments>
<msg timestamp="20210316 17:44:27.394" level="INFO">Double clicking element 'xpath://button[normalize-space()='Copy Text']'.</msg>
<status status="PASS" starttime="20210316 17:44:27.394" endtime="20210316 17:44:27.845"></status>
</kw>
<kw name="Sleep" library="BuiltIn">
<doc>Pauses the test executed for the given time.</doc>
<arguments>
<arg>3</arg>
</arguments>
<msg timestamp="20210316 17:44:30.853" level="INFO">Slept 3 seconds</msg>
<status status="PASS" starttime="20210316 17:44:27.845" endtime="20210316 17:44:30.853"></status>
</kw>
<kw name="Get Value" library="SeleniumLibrary">
<doc>Returns the value attribute of element identified by ``locator``.</doc>
<arguments>
<arg>xpath://input[@id='field2']</arg>
</arguments>
<assign>
<var>${text}</var>
</assign>
<msg timestamp="20210316 17:44:30.905" level="INFO">${text} = Hello World!</msg>
<status status="PASS" starttime="20210316 17:44:30.854" endtime="20210316 17:44:30.905"></status>
</kw>
<kw name="Log To Console" library="BuiltIn">
<doc>Logs the given message to the console.</doc>
<arguments>
<arg>text from field 2 is ${text}</arg>
</arguments>
<status status="PASS" starttime="20210316 17:44:30.905" endtime="20210316 17:44:30.906"></status>
</kw>
<kw name="Should Be Equal" library="BuiltIn">
<doc>Fails if the given objects are unequal.</doc>
<arguments>
<arg>${text}</arg>
<arg>Hello World!</arg>
</arguments>
<status status="PASS" starttime="20210316 17:44:30.906" endtime="20210316 17:44:30.906"></status>
</kw>
<kw name="Go To" library="SeleniumLibrary">
<doc>Navigates the active browser instance to the provided ``url``.</doc>
<arguments>
<arg>http://www.dhtmlgoodies.com/scripts/drag-drop-custom/demo-drag-drop-3.html</arg>
</arguments>
<msg timestamp="20210316 17:44:30.906" level="INFO">Opening url 'http://www.dhtmlgoodies.com/scripts/drag-drop-custom/demo-drag-drop-3.html'</msg>
<status status="PASS" starttime="20210316 17:44:30.906" endtime="20210316 17:44:45.092"></status>
</kw>
<kw name="Maximize Browser Window" library="SeleniumLibrary">
<doc>Maximizes current browser window.</doc>
<status status="PASS" starttime="20210316 17:44:45.092" endtime="20210316 17:44:45.542"></status>
</kw>
<kw name="Drag And Drop" library="SeleniumLibrary">
<doc>Drags element identified by ``locator`` into ``target`` element.</doc>
<arguments>
<arg>xpath://div[@id='box6']</arg>
<arg>//div[@id='box106']</arg>
</arguments>
<status status="PASS" starttime="20210316 17:44:45.543" endtime="20210316 17:44:52.642"></status>
</kw>
<kw name="Sleep" library="BuiltIn">
<doc>Pauses the test executed for the given time.</doc>
<arguments>
<arg>3</arg>
</arguments>
<msg timestamp="20210316 17:44:55.644" level="INFO">Slept 3 seconds</msg>
<status status="PASS" starttime="20210316 17:44:52.642" endtime="20210316 17:44:55.644"></status>
</kw>
<kw name="Close Browser" library="SeleniumLibrary">
<doc>Closes the current browser.</doc>
<status status="PASS" starttime="20210316 17:44:55.644" endtime="20210316 17:45:19.021"></status>
</kw>
<status status="PASS" starttime="20210316 17:43:50.366" endtime="20210316 17:45:19.021" critical="yes"></status>
</test>
<status status="PASS" starttime="20210316 17:43:48.332" endtime="20210316 17:45:19.023"></status>
</suite>
<suite id="s1-s5" name="Navigationalcommands" source="C:\Users\chara\PycharmProjects\sample\Testcases\navigationalcommands.robot">
<test id="s1-s5-t1" name="Navigation tests">
<kw name="Open Browser" library="SeleniumLibrary">
<doc>Opens a new browser instance to the given ``url``.</doc>
<arguments>
<arg>https://www.google.com/</arg>
<arg>chrome</arg>
</arguments>
<msg timestamp="20210316 17:43:52.823" level="INFO">Opening browser 'chrome' to base url 'https://www.google.com/'.</msg>
<status status="PASS" starttime="20210316 17:43:52.821" endtime="20210316 17:44:12.101"></status>
</kw>
<kw name="Maximize Browser Window" library="SeleniumLibrary">
<doc>Maximizes current browser window.</doc>
<status status="PASS" starttime="20210316 17:44:12.102" endtime="20210316 17:44:13.443"></status>
</kw>
<kw name="Get Location" library="SeleniumLibrary">
<doc>Returns the current browser URL.</doc>
<assign>
<var>${loc}</var>
</assign>
<msg timestamp="20210316 17:44:13.686" level="INFO">${loc} = https://www.google.com/</msg>
<status status="PASS" starttime="20210316 17:44:13.444" endtime="20210316 17:44:13.686"></status>
</kw>
<kw name="Log To Console" library="BuiltIn">
<doc>Logs the given message to the console.</doc>
<arguments>
<arg>original location is ${loc}</arg>
</arguments>
<status status="PASS" starttime="20210316 17:44:13.687" endtime="20210316 17:44:13.687"></status>
</kw>
<kw name="Sleep" library="BuiltIn">
<doc>Pauses the test executed for the given time.</doc>
<arguments>
<arg>3</arg>
</arguments>
<msg timestamp="20210316 17:44:16.697" level="INFO">Slept 3 seconds</msg>
<status status="PASS" starttime="20210316 17:44:13.688" endtime="20210316 17:44:16.697"></status>
</kw>
<kw name="Go To" library="SeleniumLibrary">
<doc>Navigates the active browser instance to the provided ``url``.</doc>
<arguments>
<arg>https://www.bing.com/</arg>
</arguments>
<msg timestamp="20210316 17:44:16.698" level="INFO">Opening url 'https://www.bing.com/'</msg>
<status status="PASS" starttime="20210316 17:44:16.698" endtime="20210316 17:44:17.559"></status>
</kw>
<kw name="Get Location" library="SeleniumLibrary">
<doc>Returns the current browser URL.</doc>
<assign>
<var>${loc}</var>
</assign>
<msg timestamp="20210316 17:44:17.751" level="INFO">${loc} = https://www.bing.com/</msg>
<status status="PASS" starttime="20210316 17:44:17.560" endtime="20210316 17:44:17.751"></status>
</kw>
<kw name="Log To Console" library="BuiltIn">
<doc>Logs the given message to the console.</doc>
<arguments>
<arg>go to location is ${loc}</arg>
</arguments>
<status status="PASS" starttime="20210316 17:44:17.751" endtime="20210316 17:44:17.751"></status>
</kw>
<kw name="Sleep" library="BuiltIn">
<doc>Pauses the test executed for the given time.</doc>
<arguments>
<arg>3</arg>
</arguments>
<msg timestamp="20210316 17:44:20.821" level="INFO">Slept 3 seconds</msg>
<status status="PASS" starttime="20210316 17:44:17.752" endtime="20210316 17:44:20.821"></status>
</kw>
<kw name="Go Back" library="SeleniumLibrary">
<doc>Simulates the user clicking the back button on their browser.</doc>
<status status="PASS" starttime="20210316 17:44:20.821" endtime="20210316 17:44:24.991"></status>
</kw>
<kw name="Get Location" library="SeleniumLibrary">
<doc>Returns the current browser URL.</doc>
<assign>
<var>${loc}</var>
</assign>
<msg timestamp="20210316 17:44:25.257" level="INFO">${loc} = https://www.google.com/</msg>
<status status="PASS" starttime="20210316 17:44:24.991" endtime="20210316 17:44:25.257"></status>
</kw>
<kw name="Log To Console" library="BuiltIn">
<doc>Logs the given message to the console.</doc>
<arguments>
<arg>after going back to orginal location is ${loc}</arg>
</arguments>
<status status="PASS" starttime="20210316 17:44:25.258" endtime="20210316 17:44:25.279"></status>
</kw>
<kw name="Sleep" library="BuiltIn">
<doc>Pauses the test executed for the given time.</doc>
<arguments>
<arg>3</arg>
</arguments>
<msg timestamp="20210316 17:44:28.295" level="INFO">Slept 3 seconds</msg>
<status status="PASS" starttime="20210316 17:44:25.279" endtime="20210316 17:44:28.295"></status>
</kw>
<kw name="Close Browser" library="SeleniumLibrary">
<doc>Closes the current browser.</doc>
<status status="PASS" starttime="20210316 17:44:28.296" endtime="20210316 17:44:44.933"></status>
</kw>
<status status="PASS" starttime="20210316 17:43:52.819" endtime="20210316 17:44:44.934" critical="yes"></status>
</test>
<status status="PASS" starttime="20210316 17:43:48.587" endtime="20210316 17:44:44.935"></status>
</suite>
<suite id="s1-s6" name="Radiobuttons" source="C:\Users\chara\PycharmProjects\sample\Testcases\radiobuttons.robot">
<test id="s1-s6-t1" name="Testing Radio buttons">
<kw name="Open Browser" library="SeleniumLibrary">
<doc>Opens a new browser instance to the given ``url``.</doc>
<arguments>
<arg>${url}</arg>
<arg>${browser}</arg>
</arguments>
<msg timestamp="20210316 17:44:05.054" level="INFO">Opening browser 'chrome' to base url 'http://www.practiceselenium.com/practice-form.html'.</msg>
<status status="PASS" starttime="20210316 17:44:05.053" endtime="20210316 17:44:26.588"></status>
</kw>
<kw name="Maximize Browser Window" library="SeleniumLibrary">
<doc>Maximizes current browser window.</doc>
<status status="PASS" starttime="20210316 17:44:26.589" endtime="20210316 17:44:27.040"></status>
</kw>
<kw name="Set Selenium Speed" library="SeleniumLibrary">
<doc>Sets the delay that is waited after each Selenium command.</doc>
<arguments>
<arg>2seconds</arg>
</arguments>
<status status="PASS" starttime="20210316 17:44:27.040" endtime="20210316 17:44:27.040"></status>
</kw>
<kw name="Select Radio Button" library="SeleniumLibrary">
<doc>Sets radio button group ``group_name`` to ``value``.</doc>
<arguments>
<arg>sex</arg>
<arg>sex-1</arg>
</arguments>
<msg timestamp="20210316 17:44:27.041" level="INFO">Selecting 'sex-1' from radio button 'sex'.</msg>
<status status="PASS" starttime="20210316 17:44:27.041" endtime="20210316 17:44:34.335"></status>
</kw>
<kw name="Select Radio Button" library="SeleniumLibrary">
<doc>Sets radio button group ``group_name`` to ``value``.</doc>
<arguments>
<arg>exp</arg>
<arg>exp-6</arg>
</arguments>
<msg timestamp="20210316 17:44:34.336" level="INFO">Selecting 'exp-6' from radio button 'exp'.</msg>
<status status="PASS" starttime="20210316 17:44:34.335" endtime="20210316 17:44:41.424"></status>
</kw>
<kw name="Select Checkbox" library="SeleniumLibrary">
<doc>Selects checkbox identified by ``locator``.</doc>
<arguments>
<arg>//input[@id='tea1']</arg>
</arguments>
<msg timestamp="20210316 17:44:41.425" level="INFO">Selecting checkbox '//input[@id='tea1']'.</msg>
<status status="PASS" starttime="20210316 17:44:41.425" endtime="20210316 17:44:52.339"></status>
</kw>
<kw name="Select Checkbox" library="SeleniumLibrary">
<doc>Selects checkbox identified by ``locator``.</doc>
<arguments>
<arg>//input[@id='tea2']</arg>
</arguments>
<msg timestamp="20210316 17:44:52.340" level="INFO">Selecting checkbox '//input[@id='tea2']'.</msg>
<status status="PASS" starttime="20210316 17:44:52.339" endtime="20210316 17:45:03.793"></status>
</kw>
<kw name="Unselect Checkbox" library="SeleniumLibrary">
<doc>Removes selection of checkbox identified by ``locator``.</doc>
<arguments>
<arg>//input[@id='tea1']</arg>
</arguments>
<msg timestamp="20210316 17:45:03.793" level="INFO">Unselecting checkbox '//input[@id='tea1']'.</msg>
<status status="PASS" starttime="20210316 17:45:03.793" endtime="20210316 17:45:14.254"></status>
</kw>
<kw name="Close Browser" library="SeleniumLibrary">
<doc>Closes the current browser.</doc>
<status status="PASS" starttime="20210316 17:45:14.254" endtime="20210316 17:45:26.907"></status>
</kw>
<status status="PASS" starttime="20210316 17:44:05.052" endtime="20210316 17:45:26.907" critical="yes"></status>
</test>
<status status="PASS" starttime="20210316 17:43:53.206" endtime="20210316 17:45:26.908"></status>
</suite>
<suite id="s1-s7" name="Scrollbar" source="C:\Users\chara\PycharmProjects\sample\Testcases\scrollbar.robot">
<test id="s1-s7-t1" name="ScrollTest">
<kw name="Open Browser" library="SeleniumLibrary">
<doc>Opens a new browser instance to the given ``url``.</doc>
<arguments>
<arg>https://www.countries-ofthe-world.com/all-countries.html</arg>
<arg>chrome</arg>
</arguments>
<msg timestamp="20210316 17:44:30.989" level="INFO">Opening browser 'chrome' to base url 'https://www.countries-ofthe-world.com/all-countries.html'.</msg>
<status status="PASS" starttime="20210316 17:44:30.989" endtime="20210316 17:44:36.389"></status>
</kw>
<kw name="Maximize Browser Window" library="SeleniumLibrary">
<doc>Maximizes current browser window.</doc>
<status status="PASS" starttime="20210316 17:44:36.389" endtime="20210316 17:44:36.712"></status>
</kw>
<kw name="Execute Javascript" library="SeleniumLibrary">
<doc>Executes the given JavaScript code.</doc>
<arguments>
<arg>window.scrollTo(0,2000)</arg>
</arguments>
<msg timestamp="20210316 17:44:36.713" level="INFO">Executing JavaScript:
window.scrollTo(0,2000)</msg>
<status status="PASS" starttime="20210316 17:44:36.713" endtime="20210316 17:44:36.727"></status>
</kw>
<kw name="Sleep" library="BuiltIn">
<doc>Pauses the test executed for the given time.</doc>
<arguments>
<arg>3</arg>
</arguments>
<msg timestamp="20210316 17:44:39.729" level="INFO">Slept 3 seconds</msg>
<status status="PASS" starttime="20210316 17:44:36.727" endtime="20210316 17:44:39.730"></status>
</kw>
<kw name="Execute Javascript" library="SeleniumLibrary">
<doc>Executes the given JavaScript code.</doc>
<arguments>
<arg>window.scrollTo(0,-2000)</arg>
</arguments>
<msg timestamp="20210316 17:44:39.730" level="INFO">Executing JavaScript:
window.scrollTo(0,-2000)</msg>
<status status="PASS" starttime="20210316 17:44:39.730" endtime="20210316 17:44:39.738"></status>
</kw>
<kw name="Sleep" library="BuiltIn">
<doc>Pauses the test executed for the given time.</doc>
<arguments>
<arg>3</arg>
</arguments>
<msg timestamp="20210316 17:44:42.744" level="INFO">Slept 3 seconds</msg>
<status status="PASS" starttime="20210316 17:44:39.738" endtime="20210316 17:44:42.745"></status>
</kw>
<kw name="Close Browser" library="SeleniumLibrary">
<doc>Closes the current browser.</doc>
<status status="PASS" starttime="20210316 17:44:42.745" endtime="20210316 17:44:48.279"></status>
</kw>
<status status="PASS" starttime="20210316 17:44:30.988" endtime="20210316 17:44:48.279" critical="yes"></status>
</test>
<status status="PASS" starttime="20210316 17:44:30.523" endtime="20210316 17:44:48.280"></status>
</suite>
<suite id="s1-s8" name="Speedtest" source="C:\Users\chara\PycharmProjects\sample\Testcases\speedtest.robot">
<test id="s1-s8-t1" name="RegTest">
<kw name="Open Browser" library="SeleniumLibrary">
<doc>Opens a new browser instance to the given ``url``.</doc>
<arguments>
<arg>http://demowebshop.tricentis.com/register</arg>
<arg>chrome</arg>
</arguments>
<msg timestamp="20210316 17:44:36.646" level="INFO">Opening browser 'chrome' to base url 'http://demowebshop.tricentis.com/register'.</msg>
<status status="PASS" starttime="20210316 17:44:36.645" endtime="20210316 17:44:44.973"></status>
</kw>
<kw name="Maximize Browser Window" library="SeleniumLibrary">
<doc>Maximizes current browser window.</doc>
<status status="PASS" starttime="20210316 17:44:44.973" endtime="20210316 17:44:45.557"></status>
</kw>
<kw name="Get Selenium Speed" library="SeleniumLibrary">
<doc>Gets the delay that is waited after each Selenium command.</doc>
<assign>
<var>${speed}</var>
</assign>
<msg timestamp="20210316 17:44:45.557" level="INFO">${speed} = 0 seconds</msg>
<status status="PASS" starttime="20210316 17:44:45.557" endtime="20210316 17:44:45.557"></status>
</kw>
<kw name="Log To Console" library="BuiltIn">
<doc>Logs the given message to the console.</doc>
<arguments>
<arg>default speed is ${speed}</arg>
</arguments>
<status status="PASS" starttime="20210316 17:44:45.557" endtime="20210316 17:44:45.558"></status>
</kw>
<kw name="Set Selenium Speed" library="SeleniumLibrary">
<doc>Sets the delay that is waited after each Selenium command.</doc>
<arguments>
<arg>2</arg>
</arguments>
<status status="PASS" starttime="20210316 17:44:45.558" endtime="20210316 17:44:45.558"></status>
</kw>
<kw name="Select Radio Button" library="SeleniumLibrary">
<doc>Sets radio button group ``group_name`` to ``value``.</doc>
<arguments>
<arg>Gender</arg>
<arg>gender-male</arg>
</arguments>
<msg timestamp="20210316 17:44:45.559" level="INFO">Selecting 'gender-male' from radio button 'Gender'.</msg>
<status status="PASS" starttime="20210316 17:44:45.558" endtime="20210316 17:44:52.093"></status>
</kw>
<kw name="Input Text" library="SeleniumLibrary">
<doc>Types the given ``text`` into text field identified by ``locator``.</doc>
<arguments>
<arg>xpath://input[@id='FirstName']</arg>
<arg>charan</arg>
</arguments>
<msg timestamp="20210316 17:44:52.093" level="INFO">Typing text 'charan' into text field 'xpath://input[@id='FirstName']'.</msg>
<status status="PASS" starttime="20210316 17:44:52.093" endtime="20210316 17:44:59.654"></status>
</kw>
<kw name="Input Text" library="SeleniumLibrary">
<doc>Types the given ``text`` into text field identified by ``locator``.</doc>
<arguments>
<arg>xpath://input[@id='LastName']</arg>
<arg>budama</arg>
</arguments>
<msg timestamp="20210316 17:44:59.655" level="INFO">Typing text 'budama' into text field 'xpath://input[@id='LastName']'.</msg>
<status status="PASS" starttime="20210316 17:44:59.654" endtime="20210316 17:45:06.272"></status>
</kw>
<kw name="Input Text" library="SeleniumLibrary">
<doc>Types the given ``text`` into text field identified by ``locator``.</doc>
<arguments>
<arg>xpath://input[@id='Email']</arg>
<arg>charan@budama.com</arg>
</arguments>
<msg timestamp="20210316 17:45:06.272" level="INFO">Typing text 'charan@budama.com' into text field 'xpath://input[@id='Email']'.</msg>
<status status="PASS" starttime="20210316 17:45:06.272" endtime="20210316 17:45:12.788"></status>
</kw>
<kw name="Input Text" library="SeleniumLibrary">
<doc>Types the given ``text`` into text field identified by ``locator``.</doc>
<arguments>
<arg>xpath://input[@id='Password']</arg>
<arg>hello@123</arg>
</arguments>
<msg timestamp="20210316 17:45:12.788" level="INFO">Typing text 'hello@123' into text field 'xpath://input[@id='Password']'.</msg>
<status status="PASS" starttime="20210316 17:45:12.788" endtime="20210316 17:45:19.267"></status>
</kw>
<kw name="Input Text" library="SeleniumLibrary">
<doc>Types the given ``text`` into text field identified by ``locator``.</doc>
<arguments>
<arg>xpath://input[@id='ConfirmPassword']</arg>
<arg>hello@123</arg>
</arguments>
<msg timestamp="20210316 17:45:19.268" level="INFO">Typing text 'hello@123' into text field 'xpath://input[@id='ConfirmPassword']'.</msg>
<status status="PASS" starttime="20210316 17:45:19.268" endtime="20210316 17:45:26.310"></status>
</kw>
<kw name="Get Selenium Speed" library="SeleniumLibrary">
<doc>Gets the delay that is waited after each Selenium command.</doc>
<assign>
<var>${speed}</var>
</assign>
<msg timestamp="20210316 17:45:26.310" level="INFO">${speed} = 2 seconds</msg>
<status status="PASS" starttime="20210316 17:45:26.310" endtime="20210316 17:45:26.310"></status>
</kw>
<kw name="Log To Console" library="BuiltIn">
<doc>Logs the given message to the console.</doc>
<arguments>
<arg>now the speed is ${speed}</arg>
</arguments>
<status status="PASS" starttime="20210316 17:45:26.310" endtime="20210316 17:45:26.311"></status>
</kw>
<kw name="Close Browser" library="SeleniumLibrary">
<doc>Closes the current browser.</doc>
<status status="PASS" starttime="20210316 17:45:26.311" endtime="20210316 17:45:35.943"></status>
</kw>
<status status="PASS" starttime="20210316 17:44:36.645" endtime="20210316 17:45:35.944" critical="yes"></status>
</test>
<status status="PASS" starttime="20210316 17:44:35.525" endtime="20210316 17:45:35.945"></status>
</suite>
<suite id="s1-s9" name="Tabbedbrowser" source="C:\Users\chara\PycharmProjects\sample\Testcases\tabbedbrowser.robot">
<test id="s1-s9-t1" name="Handling tabbed browsers">
<kw name="Open Browser" library="SeleniumLibrary">
<doc>Opens a new browser instance to the given ``url``.</doc>
<arguments>
<arg>https://www.google.com/</arg>
<arg>chrome</arg>
</arguments>
<msg timestamp="20210316 17:44:48.642" level="INFO">Opening browser 'chrome' to base url 'https://www.google.com/'.</msg>
<status status="PASS" starttime="20210316 17:44:48.642" endtime="20210316 17:45:01.041"></status>
</kw>
<kw name="Maximize Browser Window" library="SeleniumLibrary">
<doc>Maximizes current browser window.</doc>
<status status="PASS" starttime="20210316 17:45:01.041" endtime="20210316 17:45:01.208"></status>
</kw>
<kw name="Sleep" library="BuiltIn">
<doc>Pauses the test executed for the given time.</doc>
<arguments>
<arg>2</arg>
</arguments>
<msg timestamp="20210316 17:45:03.294" level="INFO">Slept 2 seconds</msg>
<status status="PASS" starttime="20210316 17:45:01.209" endtime="20210316 17:45:03.296"></status>
</kw>
<kw name="Open Browser" library="SeleniumLibrary">
<doc>Opens a new browser instance to the given ``url``.</doc>
<arguments>
<arg>https://www.bing.com/</arg>
<arg>chrome</arg>
[...]
</kw>
<kw name="${i} = kartheek" type="foritem">
<kw name="Log To Console" library="BuiltIn">
<doc>Logs the given message to the console.</doc>
<arguments>
<arg>${i}</arg>
</arguments>
<status status="PASS" starttime="20210316 17:43:47.371" endtime="20210316 17:43:47.371"></status>
</kw>
<status status="PASS" starttime="20210316 17:43:47.371" endtime="20210316 17:43:47.371"></status>
</kw>
<kw name="${i} = budama" type="foritem">
<kw name="Log To Console" library="BuiltIn">
<doc>Logs the given message to the console.</doc>
<arguments>
<arg>${i}</arg>
</arguments>
<status status="PASS" starttime="20210316 17:43:47.372" endtime="20210316 17:43:47.372"></status>
</kw>
<status status="PASS" starttime="20210316 17:43:47.371" endtime="20210316 17:43:47.372"></status>
</kw>
<kw name="${i} = avyukth" type="foritem">
<kw name="Log To Console" library="BuiltIn">
<doc>Logs the given message to the console.</doc>
<arguments>
<arg>${i}</arg>
</arguments>
<status status="PASS" starttime="20210316 17:43:47.372" endtime="20210316 17:43:47.372"></status>
</kw>
<status status="PASS" starttime="20210316 17:43:47.372" endtime="20210316 17:43:47.373"></status>
</kw>
<kw name="${i} = suvchay" type="foritem">
<kw name="Log To Console" library="BuiltIn">
<doc>Logs the given message to the console.</doc>
<arguments>
<arg>${i}</arg>
</arguments>
<status status="PASS" starttime="20210316 17:43:47.373" endtime="20210316 17:43:47.373"></status>
</kw>
<status status="PASS" starttime="20210316 17:43:47.373" endtime="20210316 17:43:47.373"></status>
</kw>
<status status="PASS" starttime="20210316 17:43:47.368" endtime="20210316 17:43:47.373"></status>
</kw>
<status status="PASS" starttime="20210316 17:43:47.367" endtime="20210316 17:43:47.373" critical="yes"></status>
</test>
<test id="s1-s25-t6" name="Forloop6withexit">
<kw name="Create List" library="BuiltIn">
<doc>Returns a list containing given items.</doc>
<arguments>
<arg>1</arg>
<arg>2</arg>
<arg>3</arg>
<arg>4</arg>
<arg>5</arg>
<arg>6</arg>
</arguments>
<assign>
<var>@{items}</var>
</assign>
<msg timestamp="20210316 17:43:47.376" level="INFO">@{items} = [ 1 | 2 | 3 | 4 | 5 | 6 ]</msg>
<status status="PASS" starttime="20210316 17:43:47.374" endtime="20210316 17:43:47.376"></status>
</kw>
<kw name="${i} IN [ @{items} ]" type="for">
<msg timestamp="20210316 17:43:47.376" level="WARN">Error in file 'C:\Users\chara\PycharmProjects\sample\Testcases\forloop.robot' in FOR loop starting on line 27: For loop header ':FOR' is deprecated. Use 'FOR' instead.</msg>
<msg timestamp="20210316 17:43:47.376" level="WARN">Error in file 'C:\Users\chara\PycharmProjects\sample\Testcases\forloop.robot' in FOR loop starting on line 27: Marking for loop body with '\' is deprecated. Remove markers and use 'END' instead.</msg>
<kw name="${i} = 1" type="foritem">
<kw name="Log To Console" library="BuiltIn">
<doc>Logs the given message to the console.</doc>
<arguments>
<arg>${i}</arg>
</arguments>
<status status="PASS" starttime="20210316 17:43:47.377" endtime="20210316 17:43:47.377"></status>
</kw>
<kw name="Exit For Loop If" library="BuiltIn">
<doc>Stops executing the enclosing for loop if the ``condition`` is true.</doc>
<arguments>
<arg>${i}==2</arg>
</arguments>
<status status="PASS" starttime="20210316 17:43:47.378" endtime="20210316 17:43:47.378"></status>
</kw>
<status status="PASS" starttime="20210316 17:43:47.377" endtime="20210316 17:43:47.378"></status>
</kw>
<kw name="${i} = 2" type="foritem">
<kw name="Log To Console" library="BuiltIn">
<doc>Logs the given message to the console.</doc>
<arguments>
<arg>${i}</arg>
</arguments>
<status status="PASS" starttime="20210316 17:43:47.416" endtime="20210316 17:43:47.417"></status>
</kw>
<kw name="Exit For Loop If" library="BuiltIn">
<doc>Stops executing the enclosing for loop if the ``condition`` is true.</doc>
<arguments>
<arg>${i}==2</arg>
</arguments>
<msg timestamp="20210316 17:43:47.417" level="INFO">Exiting for loop altogether.</msg>
<status status="PASS" starttime="20210316 17:43:47.417" endtime="20210316 17:43:47.418"></status>
</kw>
<status status="PASS" starttime="20210316 17:43:47.378" endtime="20210316 17:43:47.418"></status>
</kw>
<status status="PASS" starttime="20210316 17:43:47.376" endtime="20210316 17:43:47.418"></status>
</kw>
<status status="PASS" starttime="20210316 17:43:47.374" endtime="20210316 17:43:47.419" critical="yes"></status>
</test>
<status status="PASS" starttime="20210316 17:43:47.303" endtime="20210316 17:43:47.420"></status>
</suite>
<suite id="s1-s26" name="Frames" source="C:\Users\chara\PycharmProjects\sample\Testcases\frames.robot">
<test id="s1-s26-t1" name="Handling Frames">
<kw name="Open Browser" library="SeleniumLibrary">
<doc>Opens a new browser instance to the given ``url``.</doc>
<arguments>
<arg>https://www.selenium.dev/selenium/docs/api/java/index.html?overview-summary.html</arg>
<arg>chrome</arg>
</arguments>
<msg timestamp="20210316 17:43:51.198" level="INFO">Opening browser 'chrome' to base url 'https://www.selenium.dev/selenium/docs/api/java/index.html?overview-summary.html'.</msg>
<status status="PASS" starttime="20210316 17:43:51.197" endtime="20210316 17:44:14.544"></status>
</kw>
<kw name="Maximize Browser Window" library="SeleniumLibrary">
<doc>Maximizes current browser window.</doc>
<status status="PASS" starttime="20210316 17:44:14.545" endtime="20210316 17:44:14.926"></status>
</kw>
<kw name="Select Frame" library="SeleniumLibrary">
<doc>Sets frame identified by ``locator`` as the current frame.</doc>
<arguments>
<arg>packageListFrame</arg>
</arguments>
<msg timestamp="20210316 17:44:14.926" level="INFO">Selecting frame 'packageListFrame'.</msg>
<status status="PASS" starttime="20210316 17:44:14.926" endtime="20210316 17:44:15.655"></status>
</kw>
<kw name="Click Link" library="SeleniumLibrary">
<doc>Clicks a link identified by ``locator``.</doc>
<arguments>
<arg>org.openqa.selenium</arg>
</arguments>
<msg timestamp="20210316 17:44:15.655" level="INFO">Clicking link 'org.openqa.selenium'.</msg>
<kw name="Capture Page Screenshot" library="SeleniumLibrary">
<doc>Takes screenshot of the current page and embeds it into log file.</doc>
<msg timestamp="20210316 17:44:16.428" level="INFO" html="yes">&lt;/td&gt;&lt;/tr&gt;&lt;tr&gt;&lt;td colspan="3"&gt;&lt;a href="8-selenium-screenshot-1.png"&gt;&lt;img src="8-selenium-screenshot-1.png" width="800px"&gt;&lt;/a&gt;</msg>
<status status="PASS" starttime="20210316 17:44:15.800" endtime="20210316 17:44:16.428"></status>
</kw>
<msg timestamp="20210316 17:44:16.437" level="FAIL">Link with locator 'org.openqa.selenium' not found.</msg>
<status status="FAIL" starttime="20210316 17:44:15.655" endtime="20210316 17:44:16.438"></status>
</kw>
<status status="FAIL" starttime="20210316 17:43:51.191" endtime="20210316 17:44:16.438" critical="yes">Link with locator 'org.openqa.selenium' not found.</status>
</test>
<status status="FAIL" starttime="20210316 17:43:48.673" endtime="20210316 17:44:16.440"></status>
</suite>
<suite id="s1-s27" name="Implicittest" source="C:\Users\chara\PycharmProjects\sample\Testcases\implicittest.robot">
<test id="s1-s27-t1" name="RegTest">
<kw name="Open Browser" library="SeleniumLibrary">
<doc>Opens a new browser instance to the given ``url``.</doc>
<arguments>
<arg>http://demowebshop.tricentis.com/register</arg>
<arg>chrome</arg>
</arguments>
<msg timestamp="20210316 17:43:53.868" level="INFO">Opening browser 'chrome' to base url 'http://demowebshop.tricentis.com/register'.</msg>
<status status="PASS" starttime="20210316 17:43:53.867" endtime="20210316 17:44:12.387"></status>
</kw>
<kw name="Maximize Browser Window" library="SeleniumLibrary">
<doc>Maximizes current browser window.</doc>
<status status="PASS" starttime="20210316 17:44:12.387" endtime="20210316 17:44:13.492"></status>
</kw>
<kw name="Get Selenium Implicit Wait" library="SeleniumLibrary">
<doc>Gets the implicit wait value used by Selenium.</doc>
<assign>
<var>${implicitwait}</var>
</assign>
<msg timestamp="20210316 17:44:13.493" level="INFO">${implicitwait} = 0 seconds</msg>
<status status="PASS" starttime="20210316 17:44:13.492" endtime="20210316 17:44:13.493"></status>
</kw>
<kw name="Log To Console" library="BuiltIn">
<doc>Logs the given message to the console.</doc>
<arguments>
<arg>default implicit wait is ${implicitwait}</arg>
</arguments>
<status status="PASS" starttime="20210316 17:44:13.493" endtime="20210316 17:44:13.494"></status>
</kw>
<kw name="Set Selenium Implicit Wait" library="SeleniumLibrary">
<doc>Sets the implicit wait value used by Selenium.</doc>
<arguments>
<arg>10</arg>
</arguments>
<status status="PASS" starttime="20210316 17:44:13.495" endtime="20210316 17:44:13.530"></status>
</kw>
<kw name="Get Selenium Implicit Wait" library="SeleniumLibrary">
<doc>Gets the implicit wait value used by Selenium.</doc>
<assign>
<var>${implicitwait}</var>
</assign>
<msg timestamp="20210316 17:44:13.531" level="INFO">${implicitwait} = 10 seconds</msg>
<status status="PASS" starttime="20210316 17:44:13.531" endtime="20210316 17:44:13.531"></status>
</kw>
<kw name="Log To Console" library="BuiltIn">
<doc>Logs the given message to the console.</doc>
<arguments>
<arg>now implicit wait is ${implicitwait}</arg>
</arguments>
<status status="PASS" starttime="20210316 17:44:13.531" endtime="20210316 17:44:13.532"></status>
</kw>
<kw name="Select Radio Button" library="SeleniumLibrary">
<doc>Sets radio button group ``group_name`` to ``value``.</doc>
<arguments>
<arg>Gender</arg>
<arg>gender-male</arg>
</arguments>
<msg timestamp="20210316 17:44:13.532" level="INFO">Selecting 'gender-male' from radio button 'Gender'.</msg>
<status status="PASS" starttime="20210316 17:44:13.532" endtime="20210316 17:44:14.090"></status>
</kw>
<kw name="Input Text" library="SeleniumLibrary">
<doc>Types the given ``text`` into text field identified by ``locator``.</doc>
<arguments>
<arg>xpath://input[@id='FirstName']</arg>
<arg>charan</arg>
</arguments>
<msg timestamp="20210316 17:44:14.091" level="INFO">Typing text 'charan' into text field 'xpath://input[@id='FirstName']'.</msg>
<status status="PASS" starttime="20210316 17:44:14.090" endtime="20210316 17:44:14.491"></status>
</kw>
<kw name="Input Text" library="SeleniumLibrary">
<doc>Types the given ``text`` into text field identified by ``locator``.</doc>
<arguments>
<arg>xpath://input[@id='LastName']</arg>
<arg>budama</arg>
</arguments>
<msg timestamp="20210316 17:44:14.492" level="INFO">Typing text 'budama' into text field 'xpath://input[@id='LastName']'.</msg>
<status status="PASS" starttime="20210316 17:44:14.491" endtime="20210316 17:44:15.572"></status>
</kw>
<kw name="Input Text" library="SeleniumLibrary">
<doc>Types the given ``text`` into text field identified by ``locator``.</doc>
<arguments>
<arg>xpath://input[@id='Email']</arg>
<arg>charan@budama.com</arg>
</arguments>
<msg timestamp="20210316 17:44:15.572" level="INFO">Typing text 'charan@budama.com' into text field 'xpath://input[@id='Email']'.</msg>
<status status="PASS" starttime="20210316 17:44:15.572" endtime="20210316 17:44:16.492"></status>
</kw>
<kw name="Input Text" library="SeleniumLibrary">
<doc>Types the given ``text`` into text field identified by ``locator``.</doc>
<arguments>
<arg>xpath://input[@id='Password']</arg>
<arg>hello@123</arg>
</arguments>
<msg timestamp="20210316 17:44:16.493" level="INFO">Typing text 'hello@123' into text field 'xpath://input[@id='Password']'.</msg>
<status status="PASS" starttime="20210316 17:44:16.493" endtime="20210316 17:44:17.925"></status>
</kw>
<kw name="Input Text" library="SeleniumLibrary">
<doc>Types the given ``text`` into text field identified by ``locator``.</doc>
<arguments>
<arg>xpath://input[@id='ConfirmPassword1']</arg>
<arg>hello@123</arg>
</arguments>
<msg timestamp="20210316 17:44:17.926" level="INFO">Typing text 'hello@123' into text field 'xpath://input[@id='ConfirmPassword1']'.</msg>
<kw name="Capture Page Screenshot" library="SeleniumLibrary">
<doc>Takes screenshot of the current page and embeds it into log file.</doc>
<msg timestamp="20210316 17:44:29.128" level="INFO" html="yes">&lt;/td&gt;&lt;/tr&gt;&lt;tr&gt;&lt;td colspan="3"&gt;&lt;a href="9-selenium-screenshot-1.png"&gt;&lt;img src="9-selenium-screenshot-1.png" width="800px"&gt;&lt;/a&gt;</msg>
<status status="PASS" starttime="20210316 17:44:28.308" endtime="20210316 17:44:29.129"></status>
</kw>
<msg timestamp="20210316 17:44:29.173" level="FAIL">Element with locator 'xpath://input[@id='ConfirmPassword1']' not found.</msg>
<status status="FAIL" starttime="20210316 17:44:17.925" endtime="20210316 17:44:29.173"></status>
</kw>
<status status="FAIL" starttime="20210316 17:43:53.858" endtime="20210316 17:44:29.174" critical="yes">Element with locator 'xpath://input[@id='ConfirmPassword1']' not found.</status>
</test>
<status status="FAIL" starttime="20210316 17:43:49.385" endtime="20210316 17:44:29.194"></status>
</suite>
<doc>[https://pabot.org/?ref=log|Pabot] result from 27 executions.</doc>
<status status="FAIL" starttime="20210316 17:43:47.096" endtime="20210316 17:45:37.664"></status>
</suite>
<statistics>
<total>
<stat pass="29" fail="16">Critical Tests</stat>
<stat pass="29" fail="16">All Tests</stat>
</total>
<tag>
<stat pass="2" fail="0">Regression</stat>
<stat pass="2" fail="0">sanity</stat>
</tag>
<suite>
<stat pass="29" fail="16" id="s1" name="Suites">Suites</stat>
<stat pass="1" fail="0" id="s1-s1" name="Alerts">Suites.Alerts</stat>
<stat pass="1" fail="0" id="s1-s2" name="Inputbox">Suites.Inputbox</stat>
<stat pass="1" fail="0" id="s1-s3" name="Links">Suites.Links</stat>
<stat pass="1" fail="0" id="s1-s4" name="Mouseactions">Suites.Mouseactions</stat>
<stat pass="1" fail="0" id="s1-s5" name="Navigationalcommands">Suites.Navigationalcommands</stat>
<stat pass="1" fail="0" id="s1-s6" name="Radiobuttons">Suites.Radiobuttons</stat>
<stat pass="1" fail="0" id="s1-s7" name="Scrollbar">Suites.Scrollbar</stat>
<stat pass="1" fail="0" id="s1-s8" name="Speedtest">Suites.Speedtest</stat>
<stat pass="1" fail="0" id="s1-s9" name="Tabbedbrowser">Suites.Tabbedbrowser</stat>
<stat pass="1" fail="0" id="s1-s10" name="Tabbedwindows">Suites.Tabbedwindows</stat>
<stat pass="1" fail="0" id="s1-s11" name="Table">Suites.Table</stat>
<stat pass="1" fail="0" id="s1-s12" name="Capturescreen">Suites.Capturescreen</stat>
<stat pass="4" fail="0" id="s1-s13" name="Tagging">Suites.Tagging</stat>
<stat pass="0" fail="1" id="s1-s14" name="Tc1">Suites.Tc1</stat>
<stat pass="0" fail="1" id="s1-s15" name="Timeouttest">Suites.Timeouttest</stat>
<stat pass="0" fail="1" id="s1-s16" name="Userkeywords Variables">Suites.Userkeywords Variables</stat>
<stat pass="0" fail="1" id="s1-s17" name="Userkeywords Variables Returnvalue">Suites.Userkeywords Variables Returnvalue</stat>
<stat pass="1" fail="0" id="s1-s18" name="loginTest">Suites.loginTest</stat>
<stat pass="4" fail="0" id="s1-s19" name="setupAndTearDown">Suites.setupAndTearDown</stat>
<stat pass="1" fail="0" id="s1-s20" name="Closeall">Suites.Closeall</stat>
<stat pass="0" fail="5" id="s1-s21" name="Ddt1">Suites.Ddt1</stat>
<stat pass="0" fail="1" id="s1-s22" name="Ddt2">Suites.Ddt2</stat>
<stat pass="0" fail="4" id="s1-s23" name="Ddt3">Suites.Ddt3</stat>
<stat pass="1" fail="0" id="s1-s24" name="Dropdowns">Suites.Dropdowns</stat>
<stat pass="6" fail="0" id="s1-s25" name="Forloop">Suites.Forloop</stat>
<stat pass="0" fail="1" id="s1-s26" name="Frames">Suites.Frames</stat>
<stat pass="0" fail="1" id="s1-s27" name="Implicittest">Suites.Implicittest</stat>
</suite>
</statistics>
<errors>
<msg timestamp="20210316 17:44:09.839" level="WARN">Error in file 'C:\Users\chara\PycharmProjects\sample\Testcases\links.robot' in FOR loop starting on line 14: For loop header ':FOR' is deprecated. Use 'FOR' instead.</msg>
<msg timestamp="20210316 17:44:09.840" level="WARN">Error in file 'C:\Users\chara\PycharmProjects\sample\Testcases\links.robot' in FOR loop starting on line 14: Marking for loop body with '\' is deprecated. Remove markers and use 'END' instead.</msg>
<msg timestamp="20210316 17:43:49.977" level="ERROR">Calling method '_start_suite' of listener 'DataDriver' failed: ImportError: Requirements (pandas, numpy) for XLS support are not installed.
    Use 'pip install -U robotframework-datadriver[XLS]' to install XLS support.</msg>
<msg timestamp="20210316 17:43:50.521" level="ERROR">Error in file 'C:\Users\chara\PycharmProjects\sample\Testcases\ddt3.robot' on line 5: Importing test library 'xlrd' failed: ModuleNotFoundError: No module named 'xlrd'
Traceback (most recent call last):
  None
PYTHONPATH:
  C:\Users\chara\PycharmProjects\sample\venv\Scripts\robot.exe
  C:\Users\chara\AppData\Local\Programs\Python\Python38\python38.zip
  C:\Users\chara\AppData\Local\Programs\Python\Python38\DLLs
  C:\Users\chara\AppData\Local\Programs\Python\Python38\lib
  C:\Users\chara\AppData\Local\Programs\Python\Python38
  c:\users\chara\pycharmprojects\sample\venv
  c:\users\chara\pycharmprojects\sample\venv\lib\site-packages</msg>
<msg timestamp="20210316 17:43:47.311" level="WARN">Error in file 'C:\Users\chara\PycharmProjects\sample\Testcases\forloop.robot' in FOR loop starting on line 4: For loop header ':FOR' is deprecated. Use 'FOR' instead.</msg>
<msg timestamp="20210316 17:43:47.311" level="WARN">Error in file 'C:\Users\chara\PycharmProjects\sample\Testcases\forloop.robot' in FOR loop starting on line 4: Marking for loop body with '\' is deprecated. Remove markers and use 'END' instead.</msg>
<msg timestamp="20210316 17:43:47.322" level="WARN">Error in file 'C:\Users\chara\PycharmProjects\sample\Testcases\forloop.robot' in FOR loop starting on line 8: For loop header ':FOR' is deprecated. Use 'FOR' instead.</msg>
<msg timestamp="20210316 17:43:47.322" level="WARN">Error in file 'C:\Users\chara\PycharmProjects\sample\Testcases\forloop.robot' in FOR loop starting on line 8: Marking for loop body with '\' is deprecated. Remove markers and use 'END' instead.</msg>
<msg timestamp="20210316 17:43:47.353" level="WARN">Error in file 'C:\Users\chara\PycharmProjects\sample\Testcases\forloop.robot' in FOR loop starting on line 13: For loop header ':FOR' is deprecated. Use 'FOR' instead.</msg>
<msg timestamp="20210316 17:43:47.353" level="WARN">Error in file 'C:\Users\chara\PycharmProjects\sample\Testcases\forloop.robot' in FOR loop starting on line 13: Marking for loop body with '\' is deprecated. Remove markers and use 'END' instead.</msg>
<msg timestamp="20210316 17:43:47.360" level="WARN">Error in file 'C:\Users\chara\PycharmProjects\sample\Testcases\forloop.robot' in FOR loop starting on line 17: For loop header ':FOR' is deprecated. Use 'FOR' instead.</msg>
<msg timestamp="20210316 17:43:47.361" level="WARN">Error in file 'C:\Users\chara\PycharmProjects\sample\Testcases\forloop.robot' in FOR loop starting on line 17: Marking for loop body with '\' is deprecated. Remove markers and use 'END' instead.</msg>
<msg timestamp="20210316 17:43:47.368" level="WARN">Error in file 'C:\Users\chara\PycharmProjects\sample\Testcases\forloop.robot' in FOR loop starting on line 22: For loop header ':FOR' is deprecated. Use 'FOR' instead.</msg>
<msg timestamp="20210316 17:43:47.368" level="WARN">Error in file 'C:\Users\chara\PycharmProjects\sample\Testcases\forloop.robot' in FOR loop starting on line 22: Marking for loop body with '\' is deprecated. Remove markers and use 'END' instead.</msg>
<msg timestamp="20210316 17:43:47.376" level="WARN">Error in file 'C:\Users\chara\PycharmProjects\sample\Testcases\forloop.robot' in FOR loop starting on line 27: For loop header ':FOR' is deprecated. Use 'FOR' instead.</msg>
<msg timestamp="20210316 17:43:47.376" level="WARN">Error in file 'C:\Users\chara\PycharmProjects\sample\Testcases\forloop.robot' in FOR loop starting on line 27: Marking for loop body with '\' is deprecated. Remove markers and use 'END' instead.</msg>
</errors>
</robot>
