<?xml version="1.0" encoding="UTF-8"?>
<robot generator="Rebot 3.2.2 (Python 3.6.4 on win32)" generated="20210222 13:02:09.930" rpa="false">
<suite id="s1" name="Suites">
<suite id="s1-s1" name="Alerts" source="C:\Users\chara\PycharmProjects\sample\headlesstestcases\alerts.robot">
<test id="s1-s1-t1" name="Handling Alerts">
<kw name="Open Browser" library="SeleniumLibrary">
<doc>Opens a new browser instance to the given ``url``.</doc>
<arguments>
<arg>http://testautomationpractice.blogspot.com/</arg>
<arg>headlesschrome</arg>
</arguments>
<msg timestamp="20210222 13:01:34.272" level="INFO">Opening browser 'headlesschrome' to base url 'http://testautomationpractice.blogspot.com/'.</msg>
<status status="PASS" starttime="20210222 13:01:34.271" endtime="20210222 13:01:46.994"></status>
</kw>
<kw name="Maximize Browser Window" library="SeleniumLibrary">
<doc>Maximizes current browser window.</doc>
<status status="PASS" starttime="20210222 13:01:46.994" endtime="20210222 13:01:49.156"></status>
</kw>
<kw name="Click Element" library="SeleniumLibrary">
<doc>Click element identified by ``locator``.</doc>
<arguments>
<arg>xpath://button[normalize-space()='Click Me']</arg>
</arguments>
<msg timestamp="20210222 13:01:49.157" level="INFO">Clicking element 'xpath://button[normalize-space()='Click Me']'.</msg>
<status status="PASS" starttime="20210222 13:01:49.156" endtime="20210222 13:01:49.208"></status>
</kw>
<kw name="Sleep" library="BuiltIn">
<doc>Pauses the test executed for the given time.</doc>
<arguments>
<arg>3</arg>
</arguments>
<msg timestamp="20210222 13:01:52.223" level="INFO">Slept 3 seconds</msg>
<status status="PASS" starttime="20210222 13:01:49.208" endtime="20210222 13:01:52.224"></status>
</kw>
<kw name="Handle Alert" library="SeleniumLibrary">
<doc>Handles the current alert and returns its message.</doc>
<arguments>
<arg>accept</arg>
</arguments>
<assign>
<var>${handlealertaccept}</var>
</assign>
<msg timestamp="20210222 13:01:52.233" level="INFO">${handlealertaccept} = Press a button!</msg>
<status status="PASS" starttime="20210222 13:01:52.224" endtime="20210222 13:01:52.234"></status>
</kw>
<kw name="Log To Console" library="BuiltIn">
<doc>Logs the given message to the console.</doc>
<arguments>
<arg>clicked on accept and the alert is ${handlealertaccept}</arg>
</arguments>
<status status="PASS" starttime="20210222 13:01:52.234" endtime="20210222 13:01:52.235"></status>
</kw>
<kw name="Click Element" library="SeleniumLibrary">
<doc>Click element identified by ``locator``.</doc>
<arguments>
<arg>xpath://button[normalize-space()='Click Me']</arg>
</arguments>
<msg timestamp="20210222 13:01:52.236" level="INFO">Clicking element 'xpath://button[normalize-space()='Click Me']'.</msg>
<status status="PASS" starttime="20210222 13:01:52.236" endtime="20210222 13:01:52.313"></status>
</kw>
<kw name="Sleep" library="BuiltIn">
<doc>Pauses the test executed for the given time.</doc>
<arguments>
<arg>3</arg>
</arguments>
<msg timestamp="20210222 13:01:55.324" level="INFO">Slept 3 seconds</msg>
<status status="PASS" starttime="20210222 13:01:52.313" endtime="20210222 13:01:55.325"></status>
</kw>
<kw name="Handle Alert" library="SeleniumLibrary">
<doc>Handles the current alert and returns its message.</doc>
<arguments>
<arg>dismiss</arg>
</arguments>
<assign>
<var>${handlealertdismiss}</var>
</assign>
<msg timestamp="20210222 13:01:55.329" level="INFO">${handlealertdismiss} = Press a button!</msg>
<status status="PASS" starttime="20210222 13:01:55.325" endtime="20210222 13:01:55.329"></status>
</kw>
<kw name="Log To Console" library="BuiltIn">
<doc>Logs the given message to the console.</doc>
<arguments>
<arg>clicked on dismiss and the dismissed alert is ${handlealertdismiss}</arg>
</arguments>
<status status="PASS" starttime="20210222 13:01:55.329" endtime="20210222 13:01:55.330"></status>
</kw>
<kw name="Sleep" library="BuiltIn">
<doc>Pauses the test executed for the given time.</doc>
<arguments>
<arg>3</arg>
</arguments>
<msg timestamp="20210222 13:01:58.332" level="INFO">Slept 3 seconds</msg>
<status status="PASS" starttime="20210222 13:01:55.330" endtime="20210222 13:01:58.332"></status>
</kw>
<kw name="Click Element" library="SeleniumLibrary">
<doc>Click element identified by ``locator``.</doc>
<arguments>
<arg>xpath://button[normalize-space()='Click Me']</arg>
</arguments>
<msg timestamp="20210222 13:01:58.333" level="INFO">Clicking element 'xpath://button[normalize-space()='Click Me']'.</msg>
<status status="PASS" starttime="20210222 13:01:58.333" endtime="20210222 13:01:58.366"></status>
</kw>
<kw name="Sleep" library="BuiltIn">
<doc>Pauses the test executed for the given time.</doc>
<arguments>
<arg>3</arg>
</arguments>
<msg timestamp="20210222 13:02:01.380" level="INFO">Slept 3 seconds</msg>
<status status="PASS" starttime="20210222 13:01:58.366" endtime="20210222 13:02:01.380"></status>
</kw>
<kw name="Alert Should Be Present" library="SeleniumLibrary">
<doc>Verifies that an alert is present and, by default, accepts it.</doc>
<arguments>
<arg>Press a button!</arg>
</arguments>
<status status="PASS" starttime="20210222 13:02:01.380" endtime="20210222 13:02:01.391"></status>
</kw>
<kw name="Log To Console" library="BuiltIn">
<doc>Logs the given message to the console.</doc>
<arguments>
<arg>verified positive test</arg>
</arguments>
<status status="PASS" starttime="20210222 13:02:01.391" endtime="20210222 13:02:01.393"></status>
</kw>
<kw name="Click Element" library="SeleniumLibrary">
<doc>Click element identified by ``locator``.</doc>
<arguments>
<arg>xpath://button[normalize-space()='Click Me']</arg>
</arguments>
<msg timestamp="20210222 13:02:01.394" level="INFO">Clicking element 'xpath://button[normalize-space()='Click Me']'.</msg>
<status status="PASS" starttime="20210222 13:02:01.393" endtime="20210222 13:02:01.428"></status>
</kw>
<kw name="Sleep" library="BuiltIn">
<doc>Pauses the test executed for the given time.</doc>
<arguments>
<arg>3</arg>
</arguments>
<msg timestamp="20210222 13:02:04.443" level="INFO">Slept 3 seconds</msg>
<status status="PASS" starttime="20210222 13:02:01.428" endtime="20210222 13:02:04.443"></status>
</kw>
<kw name="Handle Alert" library="SeleniumLibrary">
<doc>Handles the current alert and returns its message.</doc>
<arguments>
<arg>leave</arg>
</arguments>
<assign>
<var>${alertleave}</var>
</assign>
<msg timestamp="20210222 13:02:04.452" level="INFO">${alertleave} = Press a button!</msg>
<status status="PASS" starttime="20210222 13:02:04.444" endtime="20210222 13:02:04.452"></status>
</kw>
<kw name="Sleep" library="BuiltIn">
<doc>Pauses the test executed for the given time.</doc>
<arguments>
<arg>3</arg>
</arguments>
<msg timestamp="20210222 13:02:07.464" level="INFO">Slept 3 seconds</msg>
<status status="PASS" starttime="20210222 13:02:04.453" endtime="20210222 13:02:07.464"></status>
</kw>
<kw name="Log To Console" library="BuiltIn">
<doc>Logs the given message to the console.</doc>
<arguments>
<arg>Verified leave and the alert is ${alertleave}</arg>
</arguments>
<status status="PASS" starttime="20210222 13:02:07.464" endtime="20210222 13:02:07.465"></status>
</kw>
<kw name="Close Browser" library="SeleniumLibrary">
<doc>Closes the current browser.</doc>
<status status="PASS" starttime="20210222 13:02:07.465" endtime="20210222 13:02:09.579"></status>
</kw>
<kw name="Log To Console" library="BuiltIn">
<doc>Logs the given message to the console.</doc>
<arguments>
<arg>closed browser</arg>
</arguments>
<status status="PASS" starttime="20210222 13:02:09.579" endtime="20210222 13:02:09.581"></status>
</kw>
<status status="PASS" starttime="20210222 13:01:34.270" endtime="20210222 13:02:09.582" critical="yes"></status>
</test>
<status status="PASS" starttime="20210222 13:01:33.991" endtime="20210222 13:02:09.584"></status>
</suite>
<suite id="s1-s2" name="Capturescreen" source="C:\Users\chara\PycharmProjects\sample\headlesstestcases\capturescreen.robot">
<test id="s1-s2-t1" name="Capture Screenshot">
<kw name="Open Browser" library="SeleniumLibrary">
<doc>Opens a new browser instance to the given ``url``.</doc>
<arguments>
<arg>https://opensource-demo.orangehrmlive.com/</arg>
<arg>headlesschrome</arg>
</arguments>
<msg timestamp="20210222 13:01:34.272" level="INFO">Opening browser 'headlesschrome' to base url 'https://opensource-demo.orangehrmlive.com/'.</msg>
<status status="PASS" starttime="20210222 13:01:34.271" endtime="20210222 13:01:45.603"></status>
</kw>
<kw name="Maximize Browser Window" library="SeleniumLibrary">
<doc>Maximizes current browser window.</doc>
<status status="PASS" starttime="20210222 13:01:45.603" endtime="20210222 13:01:47.760"></status>
</kw>
<kw name="Input Text" library="SeleniumLibrary">
<doc>Types the given ``text`` into text field identified by ``locator``.</doc>
<arguments>
<arg>xpath://input[@id='txtUsername']</arg>
<arg>Admin</arg>
</arguments>
<msg timestamp="20210222 13:01:47.761" level="INFO">Typing text 'Admin' into text field 'xpath://input[@id='txtUsername']'.</msg>
<status status="PASS" starttime="20210222 13:01:47.760" endtime="20210222 13:01:47.844"></status>
</kw>
<kw name="Input Text" library="SeleniumLibrary">
<doc>Types the given ``text`` into text field identified by ``locator``.</doc>
<arguments>
<arg>xpath://input[@id='txtPassword']</arg>
<arg>admin123</arg>
</arguments>
<msg timestamp="20210222 13:01:47.844" level="INFO">Typing text 'admin123' into text field 'xpath://input[@id='txtPassword']'.</msg>
<status status="PASS" starttime="20210222 13:01:47.844" endtime="20210222 13:01:47.916"></status>
</kw>
<kw name="Sleep" library="BuiltIn">
<doc>Pauses the test executed for the given time.</doc>
<arguments>
<arg>2</arg>
</arguments>
<msg timestamp="20210222 13:01:49.927" level="INFO">Slept 2 seconds</msg>
<status status="PASS" starttime="20210222 13:01:47.916" endtime="20210222 13:01:49.928"></status>
</kw>
<kw name="Set Screenshot Directory" library="SeleniumLibrary">
<doc>Sets the directory for captured screenshots.</doc>
<arguments>
<arg>C:/Users/chara/PycharmProjects/sample/Screenshots</arg>
</arguments>
<status status="PASS" starttime="20210222 13:01:49.928" endtime="20210222 13:01:49.929"></status>
</kw>
<kw name="Capture Page Screenshot" library="SeleniumLibrary">
<doc>Takes screenshot of the current page and embeds it into log file.</doc>
<arguments>
<arg>page3.png</arg>
</arguments>
<msg timestamp="20210222 13:01:50.198" level="INFO" html="yes">&lt;/td&gt;&lt;/tr&gt;&lt;tr&gt;&lt;td colspan="3"&gt;&lt;a href="../../../Screenshots/page3.png"&gt;&lt;img src="../../../Screenshots/page3.png" width="800px"&gt;&lt;/a&gt;</msg>
<status status="PASS" starttime="20210222 13:01:49.930" endtime="20210222 13:01:50.198"></status>
</kw>
<kw name="Close Browser" library="SeleniumLibrary">
<doc>Closes the current browser.</doc>
<status status="PASS" starttime="20210222 13:01:50.198" endtime="20210222 13:01:52.286"></status>
</kw>
<status status="PASS" starttime="20210222 13:01:34.270" endtime="20210222 13:01:52.286" critical="yes"></status>
</test>
<status status="PASS" starttime="20210222 13:01:33.991" endtime="20210222 13:01:52.287"></status>
</suite>
<doc>[https://pabot.org/?ref=log|Pabot] result from 2 executions.</doc>
<status status="PASS" starttime="20210222 13:01:33.966" endtime="20210222 13:02:09.588"></status>
</suite>
<statistics>
<total>
<stat pass="2" fail="0">Critical Tests</stat>
<stat pass="2" fail="0">All Tests</stat>
</total>
<tag>
</tag>
<suite>
<stat pass="2" fail="0" id="s1" name="Suites">Suites</stat>
<stat pass="1" fail="0" id="s1-s1" name="Alerts">Suites.Alerts</stat>
<stat pass="1" fail="0" id="s1-s2" name="Capturescreen">Suites.Capturescreen</stat>
</suite>
</statistics>
<errors>
</errors>
</robot>
