<?xml version="1.0" encoding="UTF-8"?>
<robot generator="Robot 3.2.2 (Python 3.8.7 on win32)" generated="20210316 17:44:50.941" rpa="false">
<suite id="s1" name="Suites">
<suite id="s1-s1" name="Userkeywords Variables Returnvalue" source="C:\Users\chara\PycharmProjects\sample\Testcases\userkeywords_variables_returnvalue.robot">
<test id="s1-s1-t1" name="LoginTest">
<kw name="launchBrowserWithArgumentsAndReturnValue" library="resources">
<arguments>
<arg>${url}</arg>
<arg>${browser}</arg>
</arguments>
<assign>
<var>${gettitle}</var>
</assign>
<kw name="Open Browser" library="SeleniumLibrary">
<doc>Opens a new browser instance to the given ``url``.</doc>
<arguments>
<arg>${appurl}</arg>
<arg>${appbrowser}</arg>
</arguments>
<msg timestamp="20210316 17:44:55.590" level="INFO">Opening browser 'chrome' to base url 'https://demo.nopcommerce.com/'.</msg>
<status status="PASS" starttime="20210316 17:44:55.589" endtime="20210316 17:45:04.582"></status>
</kw>
<kw name="Maximize Browser Window" library="SeleniumLibrary">
<doc>Maximizes current browser window.</doc>
<status status="PASS" starttime="20210316 17:45:04.582" endtime="20210316 17:45:05.210"></status>
</kw>
<kw name="Get Title" library="SeleniumLibrary">
<doc>Returns the title of current page.</doc>
<assign>
<var>${title}</var>
</assign>
<msg timestamp="20210316 17:45:05.340" level="INFO">${title} = nopCommerce demo store</msg>
<status status="PASS" starttime="20210316 17:45:05.210" endtime="20210316 17:45:05.341"></status>
</kw>
<msg timestamp="20210316 17:45:05.341" level="INFO">${gettitle} = nopCommerce demo store</msg>
<status status="PASS" starttime="20210316 17:44:55.588" endtime="20210316 17:45:05.341"></status>
</kw>
<kw name="Log To Console" library="BuiltIn">
<doc>Logs the given message to the console.</doc>
<arguments>
<arg>title is ${gettitle}</arg>
</arguments>
<status status="PASS" starttime="20210316 17:45:05.341" endtime="20210316 17:45:05.342"></status>
</kw>
<kw name="Log" library="BuiltIn">
<doc>Logs the given message with the given level.</doc>
<arguments>
<arg>${gettitle}</arg>
</arguments>
<msg timestamp="20210316 17:45:05.342" level="INFO">nopCommerce demo store</msg>
<status status="PASS" starttime="20210316 17:45:05.342" endtime="20210316 17:45:05.343"></status>
</kw>
<kw name="loginToApplication">
<kw name="Click Link" library="SeleniumLibrary">
<doc>Clicks a link identified by ``locator``.</doc>
<arguments>
<arg>xpath://a[normalize-space()='Log in']</arg>
</arguments>
<msg timestamp="20210316 17:45:05.343" level="INFO">Clicking link 'xpath://a[normalize-space()='Log in']'.</msg>
<status status="PASS" starttime="20210316 17:45:05.343" endtime="20210316 17:45:07.027"></status>
</kw>
<kw name="Sleep" library="BuiltIn">
<doc>Pauses the test executed for the given time.</doc>
<arguments>
<arg>${sleep}</arg>
</arguments>
<msg timestamp="20210316 17:45:09.039" level="INFO">Slept 2 seconds</msg>
<status status="PASS" starttime="20210316 17:45:07.027" endtime="20210316 17:45:09.039"></status>
</kw>
<kw name="Input Text" library="SeleniumLibrary">
<doc>Types the given ``text`` into text field identified by ``locator``.</doc>
<arguments>
<arg>id:Email</arg>
<arg>charankartheek.budama@gmail.com</arg>
</arguments>
<msg timestamp="20210316 17:45:09.040" level="INFO">Typing text 'charankartheek.budama@gmail.com' into text field 'id:Email'.</msg>
<status status="PASS" starttime="20210316 17:45:09.040" endtime="20210316 17:45:09.217"></status>
</kw>
<kw name="Sleep" library="BuiltIn">
<doc>Pauses the test executed for the given time.</doc>
<arguments>
<arg>${sleep}</arg>
</arguments>
<msg timestamp="20210316 17:45:11.227" level="INFO">Slept 2 seconds</msg>
<status status="PASS" starttime="20210316 17:45:09.217" endtime="20210316 17:45:11.227"></status>
</kw>
<kw name="Input Text" library="SeleniumLibrary">
<doc>Types the given ``text`` into text field identified by ``locator``.</doc>
<arguments>
<arg>id:Password</arg>
<arg>hello@123</arg>
</arguments>
<msg timestamp="20210316 17:45:11.227" level="INFO">Typing text 'hello@123' into text field 'id:Password'.</msg>
<status status="PASS" starttime="20210316 17:45:11.227" endtime="20210316 17:45:11.508"></status>
</kw>
<kw name="Sleep" library="BuiltIn">
<doc>Pauses the test executed for the given time.</doc>
<arguments>
<arg>${sleep}</arg>
</arguments>
<msg timestamp="20210316 17:45:13.521" level="INFO">Slept 2 seconds</msg>
<status status="PASS" starttime="20210316 17:45:11.508" endtime="20210316 17:45:13.521"></status>
</kw>
<kw name="Click Element" library="SeleniumLibrary">
<doc>Click element identified by ``locator``.</doc>
<arguments>
<arg>xpath://input[@value='Log in']</arg>
</arguments>
<msg timestamp="20210316 17:45:13.522" level="INFO">Clicking element 'xpath://input[@value='Log in']'.</msg>
<kw name="Capture Page Screenshot" library="SeleniumLibrary">
<doc>Takes screenshot of the current page and embeds it into log file.</doc>
<msg timestamp="20210316 17:45:21.534" level="INFO" html="yes">&lt;/td&gt;&lt;/tr&gt;&lt;tr&gt;&lt;td colspan="3"&gt;&lt;a href="selenium-screenshot-1.png"&gt;&lt;img src="selenium-screenshot-1.png" width="800px"&gt;&lt;/a&gt;</msg>
<status status="PASS" starttime="20210316 17:45:13.536" endtime="20210316 17:45:21.534"></status>
</kw>
<msg timestamp="20210316 17:45:21.541" level="FAIL">Element with locator 'xpath://input[@value='Log in']' not found.</msg>
<status status="FAIL" starttime="20210316 17:45:13.521" endtime="20210316 17:45:21.541"></status>
</kw>
<status status="FAIL" starttime="20210316 17:45:05.343" endtime="20210316 17:45:21.541"></status>
</kw>
<status status="FAIL" starttime="20210316 17:44:55.586" endtime="20210316 17:45:21.541" critical="yes">Element with locator 'xpath://input[@value='Log in']' not found.</status>
</test>
<status status="FAIL" starttime="20210316 17:44:51.143" endtime="20210316 17:45:21.543"></status>
</suite>
<status status="FAIL" starttime="20210316 17:44:50.977" endtime="20210316 17:45:21.546"></status>
</suite>
<statistics>
<total>
<stat pass="0" fail="1">Critical Tests</stat>
<stat pass="0" fail="1">All Tests</stat>
</total>
<tag>
</tag>
<suite>
<stat pass="0" fail="1" id="s1" name="Suites">Suites</stat>
<stat pass="0" fail="1" id="s1-s1" name="Userkeywords Variables Returnvalue">Suites.Userkeywords Variables Returnvalue</stat>
</suite>
</statistics>
<errors>
</errors>
</robot>
