<?xml version="1.0" encoding="UTF-8"?>
<robot generator="Robot 3.2.2 (Python 3.8.7 on win32)" generated="20210316 17:43:48.159" rpa="false">
<suite id="s1" name="Suites">
<suite id="s1-s1" name="Ddt3" source="C:\Users\chara\PycharmProjects\sample\Testcases\ddt3.robot">
<kw name="openMybrowser" library="login_resources" type="setup">
<kw name="Open Browser" library="SeleniumLibrary">
<doc>Opens a new browser instance to the given ``url``.</doc>
<arguments>
<arg>${url}</arg>
<arg>${browser}</arg>
</arguments>
<msg timestamp="20210316 17:43:50.686" level="INFO">Opening browser 'chrome' to base url 'https://admin-demo.nopcommerce.com/'.</msg>
<status status="PASS" starttime="20210316 17:43:50.685" endtime="20210316 17:44:07.932"></status>
</kw>
<kw name="Maximize Browser Window" library="SeleniumLibrary">
<doc>Maximizes current browser window.</doc>
<status status="PASS" starttime="20210316 17:44:07.932" endtime="20210316 17:44:09.037"></status>
</kw>
<status status="PASS" starttime="20210316 17:43:50.685" endtime="20210316 17:44:09.037"></status>
</kw>
<test id="s1-s1-t1" name="LoginTestwithCSV using admin@yourstore.com admi">
<kw name="validLoginScenario's">
<arguments>
<arg>admin@yourstore.com</arg>
<arg>admi</arg>
</arguments>
<kw name="input username" library="login_resources">
<arguments>
<arg>${username}</arg>
</arguments>
<kw name="Input Text" library="SeleniumLibrary">
<doc>Types the given ``text`` into text field identified by ``locator``.</doc>
<arguments>
<arg>xpath://input[@id='Email']</arg>
<arg>${username}</arg>
</arguments>
<msg timestamp="20210316 17:44:09.042" level="INFO">Typing text 'admin@yourstore.com' into text field 'xpath://input[@id='Email']'.</msg>
<status status="PASS" starttime="20210316 17:44:09.041" endtime="20210316 17:44:13.845"></status>
</kw>
<kw name="Sleep" library="BuiltIn">
<doc>Pauses the test executed for the given time.</doc>
<arguments>
<arg>2</arg>
</arguments>
<msg timestamp="20210316 17:44:15.856" level="INFO">Slept 2 seconds</msg>
<status status="PASS" starttime="20210316 17:44:13.845" endtime="20210316 17:44:15.856"></status>
</kw>
<status status="PASS" starttime="20210316 17:44:09.041" endtime="20210316 17:44:15.856"></status>
</kw>
<kw name="input My password" library="login_resources">
<arguments>
<arg>${password}</arg>
</arguments>
<kw name="Input Text" library="SeleniumLibrary">
<doc>Types the given ``text`` into text field identified by ``locator``.</doc>
<arguments>
<arg>xpath://input[@id='Password']</arg>
<arg>${password}</arg>
</arguments>
<msg timestamp="20210316 17:44:15.857" level="INFO">Typing text 'admi' into text field 'xpath://input[@id='Password']'.</msg>
<status status="PASS" starttime="20210316 17:44:15.857" endtime="20210316 17:44:16.622"></status>
</kw>
<kw name="Sleep" library="BuiltIn">
<doc>Pauses the test executed for the given time.</doc>
<arguments>
<arg>2</arg>
</arguments>
<msg timestamp="20210316 17:44:18.632" level="INFO">Slept 2 seconds</msg>
<status status="PASS" starttime="20210316 17:44:16.622" endtime="20210316 17:44:18.632"></status>
</kw>
<status status="PASS" starttime="20210316 17:44:15.856" endtime="20210316 17:44:18.632"></status>
</kw>
<kw name="click on Login button" library="login_resources">
<kw name="Click Element" library="SeleniumLibrary">
<doc>Click element identified by ``locator``.</doc>
<arguments>
<arg>xpath://input[@value='Log in']</arg>
</arguments>
<msg timestamp="20210316 17:44:18.634" level="INFO">Clicking element 'xpath://input[@value='Log in']'.</msg>
<kw name="Capture Page Screenshot" library="SeleniumLibrary">
<doc>Takes screenshot of the current page and embeds it into log file.</doc>
<msg timestamp="20210316 17:44:19.225" level="INFO" html="yes">&lt;/td&gt;&lt;/tr&gt;&lt;tr&gt;&lt;td colspan="3"&gt;&lt;a href="selenium-screenshot-1.png"&gt;&lt;img src="selenium-screenshot-1.png" width="800px"&gt;&lt;/a&gt;</msg>
<status status="PASS" starttime="20210316 17:44:18.656" endtime="20210316 17:44:19.225"></status>
</kw>
<msg timestamp="20210316 17:44:19.230" level="FAIL">Element with locator 'xpath://input[@value='Log in']' not found.</msg>
<status status="FAIL" starttime="20210316 17:44:18.633" endtime="20210316 17:44:19.230"></status>
</kw>
<status status="FAIL" starttime="20210316 17:44:18.632" endtime="20210316 17:44:19.230"></status>
</kw>
<status status="FAIL" starttime="20210316 17:44:09.040" endtime="20210316 17:44:19.231"></status>
</kw>
<status status="FAIL" starttime="20210316 17:44:09.037" endtime="20210316 17:44:19.231" critical="yes">Element with locator 'xpath://input[@value='Log in']' not found.</status>
</test>
<test id="s1-s1-t2" name="LoginTestwithCSV using charan@yourstore.com admin">
<kw name="validLoginScenario's">
<arguments>
<arg>charan@yourstore.com</arg>
<arg>admin</arg>
</arguments>
<kw name="input username" library="login_resources">
<arguments>
<arg>${username}</arg>
</arguments>
<kw name="Input Text" library="SeleniumLibrary">
<doc>Types the given ``text`` into text field identified by ``locator``.</doc>
<arguments>
<arg>xpath://input[@id='Email']</arg>
<arg>${username}</arg>
</arguments>
<msg timestamp="20210316 17:44:19.237" level="INFO">Typing text 'charan@yourstore.com' into text field 'xpath://input[@id='Email']'.</msg>
<status status="PASS" starttime="20210316 17:44:19.236" endtime="20210316 17:44:24.905"></status>
</kw>
<kw name="Sleep" library="BuiltIn">
<doc>Pauses the test executed for the given time.</doc>
<arguments>
<arg>2</arg>
</arguments>
<msg timestamp="20210316 17:44:26.911" level="INFO">Slept 2 seconds</msg>
<status status="PASS" starttime="20210316 17:44:24.905" endtime="20210316 17:44:26.911"></status>
</kw>
<status status="PASS" starttime="20210316 17:44:19.235" endtime="20210316 17:44:26.911"></status>
</kw>
<kw name="input My password" library="login_resources">
<arguments>
<arg>${password}</arg>
</arguments>
<kw name="Input Text" library="SeleniumLibrary">
<doc>Types the given ``text`` into text field identified by ``locator``.</doc>
<arguments>
<arg>xpath://input[@id='Password']</arg>
<arg>${password}</arg>
</arguments>
<msg timestamp="20210316 17:44:26.913" level="INFO">Typing text 'admin' into text field 'xpath://input[@id='Password']'.</msg>
<status status="PASS" starttime="20210316 17:44:26.913" endtime="20210316 17:44:27.384"></status>
</kw>
<kw name="Sleep" library="BuiltIn">
<doc>Pauses the test executed for the given time.</doc>
<arguments>
<arg>2</arg>
</arguments>
<msg timestamp="20210316 17:44:29.433" level="INFO">Slept 2 seconds</msg>
<status status="PASS" starttime="20210316 17:44:27.384" endtime="20210316 17:44:29.434"></status>
</kw>
<status status="PASS" starttime="20210316 17:44:26.912" endtime="20210316 17:44:29.437"></status>
</kw>
<kw name="click on Login button" library="login_resources">
<kw name="Click Element" library="SeleniumLibrary">
<doc>Click element identified by ``locator``.</doc>
<arguments>
<arg>xpath://input[@value='Log in']</arg>
</arguments>
<msg timestamp="20210316 17:44:29.440" level="INFO">Clicking element 'xpath://input[@value='Log in']'.</msg>
<kw name="Capture Page Screenshot" library="SeleniumLibrary">
<doc>Takes screenshot of the current page and embeds it into log file.</doc>
<msg timestamp="20210316 17:44:30.015" level="INFO" html="yes">&lt;/td&gt;&lt;/tr&gt;&lt;tr&gt;&lt;td colspan="3"&gt;&lt;a href="selenium-screenshot-2.png"&gt;&lt;img src="selenium-screenshot-2.png" width="800px"&gt;&lt;/a&gt;</msg>
<status status="PASS" starttime="20210316 17:44:29.625" endtime="20210316 17:44:30.015"></status>
</kw>
<msg timestamp="20210316 17:44:30.017" level="FAIL">Element with locator 'xpath://input[@value='Log in']' not found.</msg>
<status status="FAIL" starttime="20210316 17:44:29.439" endtime="20210316 17:44:30.017"></status>
</kw>
<status status="FAIL" starttime="20210316 17:44:29.438" endtime="20210316 17:44:30.017"></status>
</kw>
<status status="FAIL" starttime="20210316 17:44:19.235" endtime="20210316 17:44:30.017"></status>
</kw>
<status status="FAIL" starttime="20210316 17:44:19.233" endtime="20210316 17:44:30.018" critical="yes">Element with locator 'xpath://input[@value='Log in']' not found.</status>
</test>
<test id="s1-s1-t3" name="LoginTestwithCSV using kartheek@yourstore.com admi">
<kw name="validLoginScenario's">
<arguments>
<arg>kartheek@yourstore.com</arg>
<arg>admi</arg>
</arguments>
<kw name="input username" library="login_resources">
<arguments>
<arg>${username}</arg>
</arguments>
<kw name="Input Text" library="SeleniumLibrary">
<doc>Types the given ``text`` into text field identified by ``locator``.</doc>
<arguments>
<arg>xpath://input[@id='Email']</arg>
<arg>${username}</arg>
</arguments>
<msg timestamp="20210316 17:44:30.021" level="INFO">Typing text 'kartheek@yourstore.com' into text field 'xpath://input[@id='Email']'.</msg>
<status status="PASS" starttime="20210316 17:44:30.021" endtime="20210316 17:44:30.368"></status>
</kw>
<kw name="Sleep" library="BuiltIn">
<doc>Pauses the test executed for the given time.</doc>
<arguments>
<arg>2</arg>
</arguments>
<msg timestamp="20210316 17:44:32.383" level="INFO">Slept 2 seconds</msg>
<status status="PASS" starttime="20210316 17:44:30.368" endtime="20210316 17:44:32.383"></status>
</kw>
<status status="PASS" starttime="20210316 17:44:30.020" endtime="20210316 17:44:32.383"></status>
</kw>
<kw name="input My password" library="login_resources">
<arguments>
<arg>${password}</arg>
</arguments>
<kw name="Input Text" library="SeleniumLibrary">
<doc>Types the given ``text`` into text field identified by ``locator``.</doc>
<arguments>
<arg>xpath://input[@id='Password']</arg>
<arg>${password}</arg>
</arguments>
<msg timestamp="20210316 17:44:32.385" level="INFO">Typing text 'admi' into text field 'xpath://input[@id='Password']'.</msg>
<status status="PASS" starttime="20210316 17:44:32.384" endtime="20210316 17:44:34.251"></status>
</kw>
<kw name="Sleep" library="BuiltIn">
<doc>Pauses the test executed for the given time.</doc>
<arguments>
<arg>2</arg>
</arguments>
<msg timestamp="20210316 17:44:36.261" level="INFO">Slept 2 seconds</msg>
<status status="PASS" starttime="20210316 17:44:34.252" endtime="20210316 17:44:36.261"></status>
</kw>
<status status="PASS" starttime="20210316 17:44:32.384" endtime="20210316 17:44:36.261"></status>
</kw>
<kw name="click on Login button" library="login_resources">
<kw name="Click Element" library="SeleniumLibrary">
<doc>Click element identified by ``locator``.</doc>
<arguments>
<arg>xpath://input[@value='Log in']</arg>
</arguments>
<msg timestamp="20210316 17:44:36.264" level="INFO">Clicking element 'xpath://input[@value='Log in']'.</msg>
<kw name="Capture Page Screenshot" library="SeleniumLibrary">
<doc>Takes screenshot of the current page and embeds it into log file.</doc>
<msg timestamp="20210316 17:44:36.627" level="INFO" html="yes">&lt;/td&gt;&lt;/tr&gt;&lt;tr&gt;&lt;td colspan="3"&gt;&lt;a href="selenium-screenshot-3.png"&gt;&lt;img src="selenium-screenshot-3.png" width="800px"&gt;&lt;/a&gt;</msg>
<status status="PASS" starttime="20210316 17:44:36.286" endtime="20210316 17:44:36.627"></status>
</kw>
<msg timestamp="20210316 17:44:36.628" level="FAIL">Element with locator 'xpath://input[@value='Log in']' not found.</msg>
<status status="FAIL" starttime="20210316 17:44:36.262" endtime="20210316 17:44:36.628"></status>
</kw>
<status status="FAIL" starttime="20210316 17:44:36.261" endtime="20210316 17:44:36.629"></status>
</kw>
<status status="FAIL" starttime="20210316 17:44:30.020" endtime="20210316 17:44:36.629"></status>
</kw>
<status status="FAIL" starttime="20210316 17:44:30.019" endtime="20210316 17:44:36.629" critical="yes">Element with locator 'xpath://input[@value='Log in']' not found.</status>
</test>
<test id="s1-s1-t4" name="LoginTestwithCSV using admin@yourstore.com admin">
<kw name="validLoginScenario's">
<arguments>
<arg>admin@yourstore.com</arg>
<arg>admin</arg>
</arguments>
<kw name="input username" library="login_resources">
<arguments>
<arg>${username}</arg>
</arguments>
<kw name="Input Text" library="SeleniumLibrary">
<doc>Types the given ``text`` into text field identified by ``locator``.</doc>
<arguments>
<arg>xpath://input[@id='Email']</arg>
<arg>${username}</arg>
</arguments>
<msg timestamp="20210316 17:44:36.634" level="INFO">Typing text 'admin@yourstore.com' into text field 'xpath://input[@id='Email']'.</msg>
<status status="PASS" starttime="20210316 17:44:36.633" endtime="20210316 17:44:36.835"></status>
</kw>
<kw name="Sleep" library="BuiltIn">
<doc>Pauses the test executed for the given time.</doc>
<arguments>
<arg>2</arg>
</arguments>
<msg timestamp="20210316 17:44:38.846" level="INFO">Slept 2 seconds</msg>
<status status="PASS" starttime="20210316 17:44:36.835" endtime="20210316 17:44:38.846"></status>
</kw>
<status status="PASS" starttime="20210316 17:44:36.632" endtime="20210316 17:44:38.846"></status>
</kw>
<kw name="input My password" library="login_resources">
<arguments>
<arg>${password}</arg>
</arguments>
<kw name="Input Text" library="SeleniumLibrary">
<doc>Types the given ``text`` into text field identified by ``locator``.</doc>
<arguments>
<arg>xpath://input[@id='Password']</arg>
<arg>${password}</arg>
</arguments>
<msg timestamp="20210316 17:44:38.853" level="INFO">Typing text 'admin' into text field 'xpath://input[@id='Password']'.</msg>
<status status="PASS" starttime="20210316 17:44:38.852" endtime="20210316 17:44:39.497"></status>
</kw>
<kw name="Sleep" library="BuiltIn">
<doc>Pauses the test executed for the given time.</doc>
<arguments>
<arg>2</arg>
</arguments>
<msg timestamp="20210316 17:44:41.501" level="INFO">Slept 2 seconds</msg>
<status status="PASS" starttime="20210316 17:44:39.498" endtime="20210316 17:44:41.501"></status>
</kw>
<status status="PASS" starttime="20210316 17:44:38.846" endtime="20210316 17:44:41.502"></status>
</kw>
<kw name="click on Login button" library="login_resources">
<kw name="Click Element" library="SeleniumLibrary">
<doc>Click element identified by ``locator``.</doc>
<arguments>
<arg>xpath://input[@value='Log in']</arg>
</arguments>
<msg timestamp="20210316 17:44:41.503" level="INFO">Clicking element 'xpath://input[@value='Log in']'.</msg>
<kw name="Capture Page Screenshot" library="SeleniumLibrary">
<doc>Takes screenshot of the current page and embeds it into log file.</doc>
<msg timestamp="20210316 17:44:41.893" level="INFO" html="yes">&lt;/td&gt;&lt;/tr&gt;&lt;tr&gt;&lt;td colspan="3"&gt;&lt;a href="selenium-screenshot-4.png"&gt;&lt;img src="selenium-screenshot-4.png" width="800px"&gt;&lt;/a&gt;</msg>
<status status="PASS" starttime="20210316 17:44:41.530" endtime="20210316 17:44:41.893"></status>
</kw>
<msg timestamp="20210316 17:44:41.894" level="FAIL">Element with locator 'xpath://input[@value='Log in']' not found.</msg>
<status status="FAIL" starttime="20210316 17:44:41.503" endtime="20210316 17:44:41.894"></status>
</kw>
<status status="FAIL" starttime="20210316 17:44:41.502" endtime="20210316 17:44:41.895"></status>
</kw>
<status status="FAIL" starttime="20210316 17:44:36.631" endtime="20210316 17:44:41.895"></status>
</kw>
<status status="FAIL" starttime="20210316 17:44:36.630" endtime="20210316 17:44:41.895" critical="yes">Element with locator 'xpath://input[@value='Log in']' not found.</status>
</test>
<kw name="CloseAllMyBrowsers" library="login_resources" type="teardown">
<kw name="Close All Browsers" library="SeleniumLibrary">
<doc>Closes all open browsers and resets the browser cache.</doc>
<status status="PASS" starttime="20210316 17:44:41.906" endtime="20210316 17:44:45.454"></status>
</kw>
<status status="PASS" starttime="20210316 17:44:41.897" endtime="20210316 17:44:45.454"></status>
</kw>
<status status="FAIL" starttime="20210316 17:43:48.302" endtime="20210316 17:44:45.454"></status>
</suite>
<status status="FAIL" starttime="20210316 17:43:48.171" endtime="20210316 17:44:45.457"></status>
</suite>
<statistics>
<total>
<stat pass="0" fail="4">Critical Tests</stat>
<stat pass="0" fail="4">All Tests</stat>
</total>
<tag>
</tag>
<suite>
<stat pass="0" fail="4" id="s1" name="Suites">Suites</stat>
<stat pass="0" fail="4" id="s1-s1" name="Ddt3">Suites.Ddt3</stat>
</suite>
</statistics>
<errors>
<msg timestamp="20210316 17:43:50.521" level="ERROR">Error in file 'C:\Users\chara\PycharmProjects\sample\Testcases\ddt3.robot' on line 5: Importing test library 'xlrd' failed: ModuleNotFoundError: No module named 'xlrd'
Traceback (most recent call last):
  None
PYTHONPATH:
  C:\Users\chara\PycharmProjects\sample\venv\Scripts\robot.exe
  C:\Users\chara\AppData\Local\Programs\Python\Python38\python38.zip
  C:\Users\chara\AppData\Local\Programs\Python\Python38\DLLs
  C:\Users\chara\AppData\Local\Programs\Python\Python38\lib
  C:\Users\chara\AppData\Local\Programs\Python\Python38
  c:\users\chara\pycharmprojects\sample\venv
  c:\users\chara\pycharmprojects\sample\venv\lib\site-packages</msg>
</errors>
</robot>
