<?xml version="1.0" encoding="UTF-8"?>
<robot generator="Robot 3.2.2 (Python 3.8.7 on win32)" generated="20210316 17:43:48.532" rpa="false">
<suite id="s1" name="Suites">
<suite id="s1-s1" name="Frames" source="C:\Users\chara\PycharmProjects\sample\Testcases\frames.robot">
<test id="s1-s1-t1" name="Handling Frames">
<kw name="Open Browser" library="SeleniumLibrary">
<doc>Opens a new browser instance to the given ``url``.</doc>
<arguments>
<arg>https://www.selenium.dev/selenium/docs/api/java/index.html?overview-summary.html</arg>
<arg>chrome</arg>
</arguments>
<msg timestamp="20210316 17:43:51.198" level="INFO">Opening browser 'chrome' to base url 'https://www.selenium.dev/selenium/docs/api/java/index.html?overview-summary.html'.</msg>
<status status="PASS" starttime="20210316 17:43:51.197" endtime="20210316 17:44:14.544"></status>
</kw>
<kw name="Maximize Browser Window" library="SeleniumLibrary">
<doc>Maximizes current browser window.</doc>
<status status="PASS" starttime="20210316 17:44:14.545" endtime="20210316 17:44:14.926"></status>
</kw>
<kw name="Select Frame" library="SeleniumLibrary">
<doc>Sets frame identified by ``locator`` as the current frame.</doc>
<arguments>
<arg>packageListFrame</arg>
</arguments>
<msg timestamp="20210316 17:44:14.926" level="INFO">Selecting frame 'packageListFrame'.</msg>
<status status="PASS" starttime="20210316 17:44:14.926" endtime="20210316 17:44:15.655"></status>
</kw>
<kw name="Click Link" library="SeleniumLibrary">
<doc>Clicks a link identified by ``locator``.</doc>
<arguments>
<arg>org.openqa.selenium</arg>
</arguments>
<msg timestamp="20210316 17:44:15.655" level="INFO">Clicking link 'org.openqa.selenium'.</msg>
<kw name="Capture Page Screenshot" library="SeleniumLibrary">
<doc>Takes screenshot of the current page and embeds it into log file.</doc>
<msg timestamp="20210316 17:44:16.428" level="INFO" html="yes">&lt;/td&gt;&lt;/tr&gt;&lt;tr&gt;&lt;td colspan="3"&gt;&lt;a href="selenium-screenshot-1.png"&gt;&lt;img src="selenium-screenshot-1.png" width="800px"&gt;&lt;/a&gt;</msg>
<status status="PASS" starttime="20210316 17:44:15.800" endtime="20210316 17:44:16.428"></status>
</kw>
<msg timestamp="20210316 17:44:16.437" level="FAIL">Link with locator 'org.openqa.selenium' not found.</msg>
<status status="FAIL" starttime="20210316 17:44:15.655" endtime="20210316 17:44:16.438"></status>
</kw>
<status status="FAIL" starttime="20210316 17:43:51.191" endtime="20210316 17:44:16.438" critical="yes">Link with locator 'org.openqa.selenium' not found.</status>
</test>
<status status="FAIL" starttime="20210316 17:43:48.673" endtime="20210316 17:44:16.440"></status>
</suite>
<status status="FAIL" starttime="20210316 17:43:48.549" endtime="20210316 17:44:16.442"></status>
</suite>
<statistics>
<total>
<stat pass="0" fail="1">Critical Tests</stat>
<stat pass="0" fail="1">All Tests</stat>
</total>
<tag>
</tag>
<suite>
<stat pass="0" fail="1" id="s1" name="Suites">Suites</stat>
<stat pass="0" fail="1" id="s1-s1" name="Frames">Suites.Frames</stat>
</suite>
</statistics>
<errors>
</errors>
</robot>
